#
# There is insufficient memory for the Java Runtime Environment to continue.
# Native memory allocation (malloc) failed to allocate 32744 bytes for ChunkPool::allocate
# Possible reasons:
#   The system is out of physical RAM or swap space
#   The process is running with CompressedOops enabled, and the Java Heap may be blocking the growth of the native heap
# Possible solutions:
#   Reduce memory load on the system
#   Increase physical memory or swap space
#   Check if swap backing store is full
#   Decrease Java heap size (-Xmx/-Xms)
#   Decrease number of Java threads
#   Decrease Java thread stack sizes (-Xss)
#   Set larger code cache with -XX:ReservedCodeCacheSize=
#   JVM is running with Zero Based Compressed Oops mode in which the Java heap is
#     placed in the first 32GB address space. The Java Heap base address is the
#     maximum limit for the native heap growth. Please use -XX:HeapBaseMinAddress
#     to set the Java Heap base and to place the Java Heap above 32GB virtual address.
# This output file may be truncated or incomplete.
#
#  Out of Memory Error (t:/workspace/open/src/hotspot/share/memory/arena.cpp:80), pid=39300, tid=35020
#
# JRE version: Java(TM) SE Runtime Environment (13.0.2+8) (build 13.0.2+8)
# Java VM: Java HotSpot(TM) 64-Bit Server VM (13.0.2+8, mixed mode, sharing, tiered, compressed oops, g1 gc, windows-amd64)
# No core dump will be written. Minidumps are not enabled by default on client versions of Windows
#

---------------  S U M M A R Y ------------

Command Line: -Dfile.encoding=Cp1252 --module-path=C:\Users\samee\git\sammyPrivate--memory(3)\sammyPrivate--\bin -Djdk.module.main=sammyPrivate sammyPrivate/calcJFrame.CalcFrameRunner

Host: AMD Ryzen 7 1700 Eight-Core Processor          , 16 cores, 15G,  Windows 10 , 64 bit Build 19041 (10.0.19041.546)
Time: Wed Nov 18 12:02:44 2020 Pacific Standard Time elapsed time: 60473 seconds (0d 16h 47m 53s)

---------------  T H R E A D  ---------------

Current thread (0x000002907f9b9000):  JavaThread "C1 CompilerThread0" daemon [_thread_in_native, id=35020, stack(0x000000a766900000,0x000000a766a00000)]


Current CompileTask:
C1:60473282 1162       3       java.awt.Container::updateChildGraphicsData (55 bytes)

Stack: [0x000000a766900000,0x000000a766a00000]
Native frames: (J=compiled Java code, j=interpreted, Vv=VM code, C=native code)
V  [jvm.dll+0x624f9a]
V  [jvm.dll+0x770cfa]
V  [jvm.dll+0x7724af]
V  [jvm.dll+0x772ab3]
V  [jvm.dll+0x24bf08]
V  [jvm.dll+0xc2076]
V  [jvm.dll+0xc23cc]
V  [jvm.dll+0xcdcea]
V  [jvm.dll+0x106d30]
V  [jvm.dll+0x160f75]
V  [jvm.dll+0x16022e]
V  [jvm.dll+0x1592e3]
V  [jvm.dll+0x155ade]
V  [jvm.dll+0x141f30]
V  [jvm.dll+0x12a0d9]
V  [jvm.dll+0x1299df]
V  [jvm.dll+0x129c0f]
V  [jvm.dll+0x128ea7]
V  [jvm.dll+0x12adc7]
V  [jvm.dll+0x213e6d]
V  [jvm.dll+0x2120bb]
V  [jvm.dll+0x736bb6]
V  [jvm.dll+0x72fcaa]
V  [jvm.dll+0x623ea6]
C  [ucrtbase.dll+0x214c2]
C  [KERNEL32.DLL+0x17034]
C  [ntdll.dll+0x4cec1]


---------------  P R O C E S S  ---------------

Threads class SMR info:
_java_thread_list=0x0000029006467b10, length=15, elements={
0x000002907f10c800, 0x000002907f110000, 0x000002907f9af000, 0x000002907f9b1800,
0x000002907f9b2800, 0x000002907f9b9000, 0x000002907f9d4800, 0x000002907f9a0800,
0x000002907fb64000, 0x000002907fd1d000, 0x000002907fd1e000, 0x00000290060ff800,
0x00000290063c5800, 0x000002905e8be000, 0x00000290063cc800
}

Java Threads: ( => current thread )
  0x000002907f10c800 JavaThread "Reference Handler" daemon [_thread_blocked, id=7432, stack(0x000000a766400000,0x000000a766500000)]
  0x000002907f110000 JavaThread "Finalizer" daemon [_thread_blocked, id=40008, stack(0x000000a766500000,0x000000a766600000)]
  0x000002907f9af000 JavaThread "Signal Dispatcher" daemon [_thread_blocked, id=21392, stack(0x000000a766600000,0x000000a766700000)]
  0x000002907f9b1800 JavaThread "Attach Listener" daemon [_thread_blocked, id=17420, stack(0x000000a766700000,0x000000a766800000)]
  0x000002907f9b2800 JavaThread "C2 CompilerThread0" daemon [_thread_blocked, id=5852, stack(0x000000a766800000,0x000000a766900000)]
=>0x000002907f9b9000 JavaThread "C1 CompilerThread0" daemon [_thread_in_native, id=35020, stack(0x000000a766900000,0x000000a766a00000)]
  0x000002907f9d4800 JavaThread "Sweeper thread" daemon [_thread_blocked, id=21928, stack(0x000000a766a00000,0x000000a766b00000)]
  0x000002907f9a0800 JavaThread "Common-Cleaner" daemon [_thread_blocked, id=10308, stack(0x000000a766b00000,0x000000a766c00000)]
  0x000002907fb64000 JavaThread "Service Thread" daemon [_thread_blocked, id=15480, stack(0x000000a766d00000,0x000000a766e00000)]
  0x000002907fd1d000 JavaThread "Java2D Disposer" daemon [_thread_blocked, id=32260, stack(0x000000a766f00000,0x000000a767000000)]
  0x000002907fd1e000 JavaThread "AWT-Shutdown" [_thread_blocked, id=36804, stack(0x000000a767000000,0x000000a767100000)]
  0x00000290060ff800 JavaThread "AWT-Windows" daemon [_thread_in_native, id=21552, stack(0x000000a767100000,0x000000a767200000)]
  0x00000290063c5800 JavaThread "AWT-EventQueue-0" [_thread_blocked, id=41620, stack(0x000000a767e00000,0x000000a767f00000)]
  0x000002905e8be000 JavaThread "DestroyJavaVM" [_thread_blocked, id=30804, stack(0x000000a765d00000,0x000000a765e00000)]
  0x00000290063cc800 JavaThread "D3D Screen Updater" daemon [_thread_blocked, id=14516, stack(0x000000a767f00000,0x000000a768000000)]

Other Threads:
  0x000002907f10c000 VMThread "VM Thread" [stack: 0x000000a766300000,0x000000a766400000] [id=43500]
  0x000002907fb69800 WatcherThread [stack: 0x000000a766e00000,0x000000a766f00000] [id=33664]
  0x00000290609b7800 GCTaskThread "GC Thread#0" [stack: 0x000000a765e00000,0x000000a765f00000] [id=36620]
  0x00000290609d9800 ConcurrentGCThread "G1 Main Marker" [stack: 0x000000a765f00000,0x000000a766000000] [id=38552]
  0x00000290609db800 ConcurrentGCThread "G1 Conc#0" [stack: 0x000000a766000000,0x000000a766100000] [id=21700]
  0x000002907f002000 ConcurrentGCThread "G1 Refine#0" [stack: 0x000000a766100000,0x000000a766200000] [id=39768]
  0x000002907f004000 ConcurrentGCThread "G1 Young RemSet Sampling" [stack: 0x000000a766200000,0x000000a766300000] [id=18660]

Threads with active compile tasks:
C1 CompilerThread0  60473339 1162       3       java.awt.Container::updateChildGraphicsData (55 bytes)

VM state:not at safepoint (normal execution)

VM Mutex/Monitor currently owned by a thread: None

Heap address: 0x0000000701400000, size: 4076 MB, Compressed Oops mode: Zero based, Oop shift amount: 3
Narrow klass base: 0x0000000800000000, Narrow klass shift: 3
Compressed class space size: 1073741824 Address: 0x0000000800b40000

Heap:
 garbage-first heap   total 262144K, used 26624K [0x0000000701400000, 0x0000000800000000)
  region size 1024K, 13 young (13312K), 0 survivors (0K)
 Metaspace       used 8236K, capacity 8507K, committed 8832K, reserved 1056768K
  class space    used 930K, capacity 1038K, committed 1152K, reserved 1048576K
Heap Regions: E=young(eden), S=young(survivor), O=old, HS=humongous(starts), HC=humongous(continues), CS=collection set, F=free, A=archive, TAMS=top-at-mark-start (previous, next)
|   0|0x0000000701400000, 0x0000000701500000, 0x0000000701500000|100%|HS|  |TAMS 0x0000000701400000, 0x0000000701400000| Complete 
|   1|0x0000000701500000, 0x0000000701600000, 0x0000000701600000|100%|HC|  |TAMS 0x0000000701500000, 0x0000000701500000| Complete 
|   2|0x0000000701600000, 0x0000000701700000, 0x0000000701700000|100%|HC|  |TAMS 0x0000000701600000, 0x0000000701600000| Complete 
|   3|0x0000000701700000, 0x0000000701800000, 0x0000000701800000|100%|HC|  |TAMS 0x0000000701700000, 0x0000000701700000| Complete 
|   4|0x0000000701800000, 0x0000000701900000, 0x0000000701900000|100%|HC|  |TAMS 0x0000000701800000, 0x0000000701800000| Complete 
|   5|0x0000000701900000, 0x0000000701a00000, 0x0000000701a00000|100%|HC|  |TAMS 0x0000000701900000, 0x0000000701900000| Complete 
|   6|0x0000000701a00000, 0x0000000701b00000, 0x0000000701b00000|100%|HC|  |TAMS 0x0000000701a00000, 0x0000000701a00000| Complete 
|   7|0x0000000701b00000, 0x0000000701c00000, 0x0000000701c00000|100%|HC|  |TAMS 0x0000000701b00000, 0x0000000701b00000| Complete 
|   8|0x0000000701c00000, 0x0000000701d00000, 0x0000000701d00000|100%|HC|  |TAMS 0x0000000701c00000, 0x0000000701c00000| Complete 
|   9|0x0000000701d00000, 0x0000000701e00000, 0x0000000701e00000|100%|HC|  |TAMS 0x0000000701d00000, 0x0000000701d00000| Complete 
|  10|0x0000000701e00000, 0x0000000701f00000, 0x0000000701f00000|100%|HC|  |TAMS 0x0000000701e00000, 0x0000000701e00000| Complete 
|  11|0x0000000701f00000, 0x0000000702000000, 0x0000000702000000|100%|HC|  |TAMS 0x0000000701f00000, 0x0000000701f00000| Complete 
|  12|0x0000000702000000, 0x0000000702100000, 0x0000000702100000|100%|HC|  |TAMS 0x0000000702000000, 0x0000000702000000| Complete 
|  13|0x0000000702100000, 0x0000000702200000, 0x0000000702200000|100%|HC|  |TAMS 0x0000000702100000, 0x0000000702100000| Complete 
|  14|0x0000000702200000, 0x0000000702200000, 0x0000000702300000|  0%| F|  |TAMS 0x0000000702200000, 0x0000000702200000| Untracked 
|  15|0x0000000702300000, 0x0000000702300000, 0x0000000702400000|  0%| F|  |TAMS 0x0000000702300000, 0x0000000702300000| Untracked 
|  16|0x0000000702400000, 0x0000000702400000, 0x0000000702500000|  0%| F|  |TAMS 0x0000000702400000, 0x0000000702400000| Untracked 
|  17|0x0000000702500000, 0x0000000702500000, 0x0000000702600000|  0%| F|  |TAMS 0x0000000702500000, 0x0000000702500000| Untracked 
|  18|0x0000000702600000, 0x0000000702600000, 0x0000000702700000|  0%| F|  |TAMS 0x0000000702600000, 0x0000000702600000| Untracked 
|  19|0x0000000702700000, 0x0000000702700000, 0x0000000702800000|  0%| F|  |TAMS 0x0000000702700000, 0x0000000702700000| Untracked 
|  20|0x0000000702800000, 0x0000000702800000, 0x0000000702900000|  0%| F|  |TAMS 0x0000000702800000, 0x0000000702800000| Untracked 
|  21|0x0000000702900000, 0x0000000702900000, 0x0000000702a00000|  0%| F|  |TAMS 0x0000000702900000, 0x0000000702900000| Untracked 
|  22|0x0000000702a00000, 0x0000000702a00000, 0x0000000702b00000|  0%| F|  |TAMS 0x0000000702a00000, 0x0000000702a00000| Untracked 
|  23|0x0000000702b00000, 0x0000000702b00000, 0x0000000702c00000|  0%| F|  |TAMS 0x0000000702b00000, 0x0000000702b00000| Untracked 
|  24|0x0000000702c00000, 0x0000000702c00000, 0x0000000702d00000|  0%| F|  |TAMS 0x0000000702c00000, 0x0000000702c00000| Untracked 
|  25|0x0000000702d00000, 0x0000000702d00000, 0x0000000702e00000|  0%| F|  |TAMS 0x0000000702d00000, 0x0000000702d00000| Untracked 
|  26|0x0000000702e00000, 0x0000000702e00000, 0x0000000702f00000|  0%| F|  |TAMS 0x0000000702e00000, 0x0000000702e00000| Untracked 
|  27|0x0000000702f00000, 0x0000000702f00000, 0x0000000703000000|  0%| F|  |TAMS 0x0000000702f00000, 0x0000000702f00000| Untracked 
|  28|0x0000000703000000, 0x0000000703000000, 0x0000000703100000|  0%| F|  |TAMS 0x0000000703000000, 0x0000000703000000| Untracked 
|  29|0x0000000703100000, 0x0000000703100000, 0x0000000703200000|  0%| F|  |TAMS 0x0000000703100000, 0x0000000703100000| Untracked 
|  30|0x0000000703200000, 0x0000000703200000, 0x0000000703300000|  0%| F|  |TAMS 0x0000000703200000, 0x0000000703200000| Untracked 
|  31|0x0000000703300000, 0x0000000703300000, 0x0000000703400000|  0%| F|  |TAMS 0x0000000703300000, 0x0000000703300000| Untracked 
|  32|0x0000000703400000, 0x0000000703400000, 0x0000000703500000|  0%| F|  |TAMS 0x0000000703400000, 0x0000000703400000| Untracked 
|  33|0x0000000703500000, 0x0000000703500000, 0x0000000703600000|  0%| F|  |TAMS 0x0000000703500000, 0x0000000703500000| Untracked 
|  34|0x0000000703600000, 0x0000000703600000, 0x0000000703700000|  0%| F|  |TAMS 0x0000000703600000, 0x0000000703600000| Untracked 
|  35|0x0000000703700000, 0x0000000703700000, 0x0000000703800000|  0%| F|  |TAMS 0x0000000703700000, 0x0000000703700000| Untracked 
|  36|0x0000000703800000, 0x0000000703800000, 0x0000000703900000|  0%| F|  |TAMS 0x0000000703800000, 0x0000000703800000| Untracked 
|  37|0x0000000703900000, 0x0000000703900000, 0x0000000703a00000|  0%| F|  |TAMS 0x0000000703900000, 0x0000000703900000| Untracked 
|  38|0x0000000703a00000, 0x0000000703a00000, 0x0000000703b00000|  0%| F|  |TAMS 0x0000000703a00000, 0x0000000703a00000| Untracked 
|  39|0x0000000703b00000, 0x0000000703b00000, 0x0000000703c00000|  0%| F|  |TAMS 0x0000000703b00000, 0x0000000703b00000| Untracked 
|  40|0x0000000703c00000, 0x0000000703c00000, 0x0000000703d00000|  0%| F|  |TAMS 0x0000000703c00000, 0x0000000703c00000| Untracked 
|  41|0x0000000703d00000, 0x0000000703d00000, 0x0000000703e00000|  0%| F|  |TAMS 0x0000000703d00000, 0x0000000703d00000| Untracked 
|  42|0x0000000703e00000, 0x0000000703e00000, 0x0000000703f00000|  0%| F|  |TAMS 0x0000000703e00000, 0x0000000703e00000| Untracked 
|  43|0x0000000703f00000, 0x0000000703f00000, 0x0000000704000000|  0%| F|  |TAMS 0x0000000703f00000, 0x0000000703f00000| Untracked 
|  44|0x0000000704000000, 0x0000000704000000, 0x0000000704100000|  0%| F|  |TAMS 0x0000000704000000, 0x0000000704000000| Untracked 
|  45|0x0000000704100000, 0x0000000704100000, 0x0000000704200000|  0%| F|  |TAMS 0x0000000704100000, 0x0000000704100000| Untracked 
|  46|0x0000000704200000, 0x0000000704200000, 0x0000000704300000|  0%| F|  |TAMS 0x0000000704200000, 0x0000000704200000| Untracked 
|  47|0x0000000704300000, 0x0000000704300000, 0x0000000704400000|  0%| F|  |TAMS 0x0000000704300000, 0x0000000704300000| Untracked 
|  48|0x0000000704400000, 0x0000000704400000, 0x0000000704500000|  0%| F|  |TAMS 0x0000000704400000, 0x0000000704400000| Untracked 
|  49|0x0000000704500000, 0x0000000704500000, 0x0000000704600000|  0%| F|  |TAMS 0x0000000704500000, 0x0000000704500000| Untracked 
|  50|0x0000000704600000, 0x0000000704600000, 0x0000000704700000|  0%| F|  |TAMS 0x0000000704600000, 0x0000000704600000| Untracked 
|  51|0x0000000704700000, 0x0000000704700000, 0x0000000704800000|  0%| F|  |TAMS 0x0000000704700000, 0x0000000704700000| Untracked 
|  52|0x0000000704800000, 0x0000000704800000, 0x0000000704900000|  0%| F|  |TAMS 0x0000000704800000, 0x0000000704800000| Untracked 
|  53|0x0000000704900000, 0x0000000704900000, 0x0000000704a00000|  0%| F|  |TAMS 0x0000000704900000, 0x0000000704900000| Untracked 
|  54|0x0000000704a00000, 0x0000000704a00000, 0x0000000704b00000|  0%| F|  |TAMS 0x0000000704a00000, 0x0000000704a00000| Untracked 
|  55|0x0000000704b00000, 0x0000000704b00000, 0x0000000704c00000|  0%| F|  |TAMS 0x0000000704b00000, 0x0000000704b00000| Untracked 
|  56|0x0000000704c00000, 0x0000000704c00000, 0x0000000704d00000|  0%| F|  |TAMS 0x0000000704c00000, 0x0000000704c00000| Untracked 
|  57|0x0000000704d00000, 0x0000000704d00000, 0x0000000704e00000|  0%| F|  |TAMS 0x0000000704d00000, 0x0000000704d00000| Untracked 
|  58|0x0000000704e00000, 0x0000000704e00000, 0x0000000704f00000|  0%| F|  |TAMS 0x0000000704e00000, 0x0000000704e00000| Untracked 
|  59|0x0000000704f00000, 0x0000000704f00000, 0x0000000705000000|  0%| F|  |TAMS 0x0000000704f00000, 0x0000000704f00000| Untracked 
|  60|0x0000000705000000, 0x0000000705000000, 0x0000000705100000|  0%| F|  |TAMS 0x0000000705000000, 0x0000000705000000| Untracked 
|  61|0x0000000705100000, 0x0000000705100000, 0x0000000705200000|  0%| F|  |TAMS 0x0000000705100000, 0x0000000705100000| Untracked 
|  62|0x0000000705200000, 0x0000000705200000, 0x0000000705300000|  0%| F|  |TAMS 0x0000000705200000, 0x0000000705200000| Untracked 
|  63|0x0000000705300000, 0x0000000705300000, 0x0000000705400000|  0%| F|  |TAMS 0x0000000705300000, 0x0000000705300000| Untracked 
|  64|0x0000000705400000, 0x0000000705400000, 0x0000000705500000|  0%| F|  |TAMS 0x0000000705400000, 0x0000000705400000| Untracked 
|  65|0x0000000705500000, 0x0000000705500000, 0x0000000705600000|  0%| F|  |TAMS 0x0000000705500000, 0x0000000705500000| Untracked 
|  66|0x0000000705600000, 0x0000000705600000, 0x0000000705700000|  0%| F|  |TAMS 0x0000000705600000, 0x0000000705600000| Untracked 
|  67|0x0000000705700000, 0x0000000705700000, 0x0000000705800000|  0%| F|  |TAMS 0x0000000705700000, 0x0000000705700000| Untracked 
|  68|0x0000000705800000, 0x0000000705800000, 0x0000000705900000|  0%| F|  |TAMS 0x0000000705800000, 0x0000000705800000| Untracked 
|  69|0x0000000705900000, 0x0000000705900000, 0x0000000705a00000|  0%| F|  |TAMS 0x0000000705900000, 0x0000000705900000| Untracked 
|  70|0x0000000705a00000, 0x0000000705a00000, 0x0000000705b00000|  0%| F|  |TAMS 0x0000000705a00000, 0x0000000705a00000| Untracked 
|  71|0x0000000705b00000, 0x0000000705b00000, 0x0000000705c00000|  0%| F|  |TAMS 0x0000000705b00000, 0x0000000705b00000| Untracked 
|  72|0x0000000705c00000, 0x0000000705c00000, 0x0000000705d00000|  0%| F|  |TAMS 0x0000000705c00000, 0x0000000705c00000| Untracked 
|  73|0x0000000705d00000, 0x0000000705d00000, 0x0000000705e00000|  0%| F|  |TAMS 0x0000000705d00000, 0x0000000705d00000| Untracked 
|  74|0x0000000705e00000, 0x0000000705e00000, 0x0000000705f00000|  0%| F|  |TAMS 0x0000000705e00000, 0x0000000705e00000| Untracked 
|  75|0x0000000705f00000, 0x0000000705f00000, 0x0000000706000000|  0%| F|  |TAMS 0x0000000705f00000, 0x0000000705f00000| Untracked 
|  76|0x0000000706000000, 0x0000000706000000, 0x0000000706100000|  0%| F|  |TAMS 0x0000000706000000, 0x0000000706000000| Untracked 
|  77|0x0000000706100000, 0x0000000706100000, 0x0000000706200000|  0%| F|  |TAMS 0x0000000706100000, 0x0000000706100000| Untracked 
|  78|0x0000000706200000, 0x0000000706200000, 0x0000000706300000|  0%| F|  |TAMS 0x0000000706200000, 0x0000000706200000| Untracked 
|  79|0x0000000706300000, 0x0000000706300000, 0x0000000706400000|  0%| F|  |TAMS 0x0000000706300000, 0x0000000706300000| Untracked 
|  80|0x0000000706400000, 0x0000000706400000, 0x0000000706500000|  0%| F|  |TAMS 0x0000000706400000, 0x0000000706400000| Untracked 
|  81|0x0000000706500000, 0x0000000706500000, 0x0000000706600000|  0%| F|  |TAMS 0x0000000706500000, 0x0000000706500000| Untracked 
|  82|0x0000000706600000, 0x0000000706600000, 0x0000000706700000|  0%| F|  |TAMS 0x0000000706600000, 0x0000000706600000| Untracked 
|  83|0x0000000706700000, 0x0000000706700000, 0x0000000706800000|  0%| F|  |TAMS 0x0000000706700000, 0x0000000706700000| Untracked 
|  84|0x0000000706800000, 0x0000000706800000, 0x0000000706900000|  0%| F|  |TAMS 0x0000000706800000, 0x0000000706800000| Untracked 
|  85|0x0000000706900000, 0x0000000706900000, 0x0000000706a00000|  0%| F|  |TAMS 0x0000000706900000, 0x0000000706900000| Untracked 
|  86|0x0000000706a00000, 0x0000000706a00000, 0x0000000706b00000|  0%| F|  |TAMS 0x0000000706a00000, 0x0000000706a00000| Untracked 
|  87|0x0000000706b00000, 0x0000000706b00000, 0x0000000706c00000|  0%| F|  |TAMS 0x0000000706b00000, 0x0000000706b00000| Untracked 
|  88|0x0000000706c00000, 0x0000000706c00000, 0x0000000706d00000|  0%| F|  |TAMS 0x0000000706c00000, 0x0000000706c00000| Untracked 
|  89|0x0000000706d00000, 0x0000000706d00000, 0x0000000706e00000|  0%| F|  |TAMS 0x0000000706d00000, 0x0000000706d00000| Untracked 
|  90|0x0000000706e00000, 0x0000000706e00000, 0x0000000706f00000|  0%| F|  |TAMS 0x0000000706e00000, 0x0000000706e00000| Untracked 
|  91|0x0000000706f00000, 0x0000000706f00000, 0x0000000707000000|  0%| F|  |TAMS 0x0000000706f00000, 0x0000000706f00000| Untracked 
|  92|0x0000000707000000, 0x0000000707000000, 0x0000000707100000|  0%| F|  |TAMS 0x0000000707000000, 0x0000000707000000| Untracked 
|  93|0x0000000707100000, 0x0000000707100000, 0x0000000707200000|  0%| F|  |TAMS 0x0000000707100000, 0x0000000707100000| Untracked 
|  94|0x0000000707200000, 0x0000000707200000, 0x0000000707300000|  0%| F|  |TAMS 0x0000000707200000, 0x0000000707200000| Untracked 
|  95|0x0000000707300000, 0x0000000707300000, 0x0000000707400000|  0%| F|  |TAMS 0x0000000707300000, 0x0000000707300000| Untracked 
|  96|0x0000000707400000, 0x0000000707400000, 0x0000000707500000|  0%| F|  |TAMS 0x0000000707400000, 0x0000000707400000| Untracked 
|  97|0x0000000707500000, 0x0000000707500000, 0x0000000707600000|  0%| F|  |TAMS 0x0000000707500000, 0x0000000707500000| Untracked 
|  98|0x0000000707600000, 0x0000000707600000, 0x0000000707700000|  0%| F|  |TAMS 0x0000000707600000, 0x0000000707600000| Untracked 
|  99|0x0000000707700000, 0x0000000707700000, 0x0000000707800000|  0%| F|  |TAMS 0x0000000707700000, 0x0000000707700000| Untracked 
| 100|0x0000000707800000, 0x0000000707800000, 0x0000000707900000|  0%| F|  |TAMS 0x0000000707800000, 0x0000000707800000| Untracked 
| 101|0x0000000707900000, 0x0000000707900000, 0x0000000707a00000|  0%| F|  |TAMS 0x0000000707900000, 0x0000000707900000| Untracked 
| 102|0x0000000707a00000, 0x0000000707a00000, 0x0000000707b00000|  0%| F|  |TAMS 0x0000000707a00000, 0x0000000707a00000| Untracked 
| 103|0x0000000707b00000, 0x0000000707b00000, 0x0000000707c00000|  0%| F|  |TAMS 0x0000000707b00000, 0x0000000707b00000| Untracked 
| 104|0x0000000707c00000, 0x0000000707c00000, 0x0000000707d00000|  0%| F|  |TAMS 0x0000000707c00000, 0x0000000707c00000| Untracked 
| 105|0x0000000707d00000, 0x0000000707d00000, 0x0000000707e00000|  0%| F|  |TAMS 0x0000000707d00000, 0x0000000707d00000| Untracked 
| 106|0x0000000707e00000, 0x0000000707e00000, 0x0000000707f00000|  0%| F|  |TAMS 0x0000000707e00000, 0x0000000707e00000| Untracked 
| 107|0x0000000707f00000, 0x0000000707f00000, 0x0000000708000000|  0%| F|  |TAMS 0x0000000707f00000, 0x0000000707f00000| Untracked 
| 108|0x0000000708000000, 0x0000000708000000, 0x0000000708100000|  0%| F|  |TAMS 0x0000000708000000, 0x0000000708000000| Untracked 
| 109|0x0000000708100000, 0x0000000708100000, 0x0000000708200000|  0%| F|  |TAMS 0x0000000708100000, 0x0000000708100000| Untracked 
| 110|0x0000000708200000, 0x0000000708200000, 0x0000000708300000|  0%| F|  |TAMS 0x0000000708200000, 0x0000000708200000| Untracked 
| 111|0x0000000708300000, 0x0000000708300000, 0x0000000708400000|  0%| F|  |TAMS 0x0000000708300000, 0x0000000708300000| Untracked 
| 112|0x0000000708400000, 0x0000000708400000, 0x0000000708500000|  0%| F|  |TAMS 0x0000000708400000, 0x0000000708400000| Untracked 
| 113|0x0000000708500000, 0x0000000708500000, 0x0000000708600000|  0%| F|  |TAMS 0x0000000708500000, 0x0000000708500000| Untracked 
| 114|0x0000000708600000, 0x0000000708600000, 0x0000000708700000|  0%| F|  |TAMS 0x0000000708600000, 0x0000000708600000| Untracked 
| 115|0x0000000708700000, 0x0000000708700000, 0x0000000708800000|  0%| F|  |TAMS 0x0000000708700000, 0x0000000708700000| Untracked 
| 116|0x0000000708800000, 0x0000000708800000, 0x0000000708900000|  0%| F|  |TAMS 0x0000000708800000, 0x0000000708800000| Untracked 
| 117|0x0000000708900000, 0x0000000708900000, 0x0000000708a00000|  0%| F|  |TAMS 0x0000000708900000, 0x0000000708900000| Untracked 
| 118|0x0000000708a00000, 0x0000000708a00000, 0x0000000708b00000|  0%| F|  |TAMS 0x0000000708a00000, 0x0000000708a00000| Untracked 
| 119|0x0000000708b00000, 0x0000000708b00000, 0x0000000708c00000|  0%| F|  |TAMS 0x0000000708b00000, 0x0000000708b00000| Untracked 
| 120|0x0000000708c00000, 0x0000000708c00000, 0x0000000708d00000|  0%| F|  |TAMS 0x0000000708c00000, 0x0000000708c00000| Untracked 
| 121|0x0000000708d00000, 0x0000000708d00000, 0x0000000708e00000|  0%| F|  |TAMS 0x0000000708d00000, 0x0000000708d00000| Untracked 
| 122|0x0000000708e00000, 0x0000000708e00000, 0x0000000708f00000|  0%| F|  |TAMS 0x0000000708e00000, 0x0000000708e00000| Untracked 
| 123|0x0000000708f00000, 0x0000000708f00000, 0x0000000709000000|  0%| F|  |TAMS 0x0000000708f00000, 0x0000000708f00000| Untracked 
| 124|0x0000000709000000, 0x0000000709000000, 0x0000000709100000|  0%| F|  |TAMS 0x0000000709000000, 0x0000000709000000| Untracked 
| 125|0x0000000709100000, 0x0000000709100000, 0x0000000709200000|  0%| F|  |TAMS 0x0000000709100000, 0x0000000709100000| Untracked 
| 126|0x0000000709200000, 0x0000000709200000, 0x0000000709300000|  0%| F|  |TAMS 0x0000000709200000, 0x0000000709200000| Untracked 
| 127|0x0000000709300000, 0x0000000709300000, 0x0000000709400000|  0%| F|  |TAMS 0x0000000709300000, 0x0000000709300000| Untracked 
| 128|0x0000000709400000, 0x0000000709400000, 0x0000000709500000|  0%| F|  |TAMS 0x0000000709400000, 0x0000000709400000| Untracked 
| 129|0x0000000709500000, 0x0000000709500000, 0x0000000709600000|  0%| F|  |TAMS 0x0000000709500000, 0x0000000709500000| Untracked 
| 130|0x0000000709600000, 0x0000000709600000, 0x0000000709700000|  0%| F|  |TAMS 0x0000000709600000, 0x0000000709600000| Untracked 
| 131|0x0000000709700000, 0x0000000709700000, 0x0000000709800000|  0%| F|  |TAMS 0x0000000709700000, 0x0000000709700000| Untracked 
| 132|0x0000000709800000, 0x0000000709800000, 0x0000000709900000|  0%| F|  |TAMS 0x0000000709800000, 0x0000000709800000| Untracked 
| 133|0x0000000709900000, 0x0000000709900000, 0x0000000709a00000|  0%| F|  |TAMS 0x0000000709900000, 0x0000000709900000| Untracked 
| 134|0x0000000709a00000, 0x0000000709a00000, 0x0000000709b00000|  0%| F|  |TAMS 0x0000000709a00000, 0x0000000709a00000| Untracked 
| 135|0x0000000709b00000, 0x0000000709b00000, 0x0000000709c00000|  0%| F|  |TAMS 0x0000000709b00000, 0x0000000709b00000| Untracked 
| 136|0x0000000709c00000, 0x0000000709c00000, 0x0000000709d00000|  0%| F|  |TAMS 0x0000000709c00000, 0x0000000709c00000| Untracked 
| 137|0x0000000709d00000, 0x0000000709d00000, 0x0000000709e00000|  0%| F|  |TAMS 0x0000000709d00000, 0x0000000709d00000| Untracked 
| 138|0x0000000709e00000, 0x0000000709e00000, 0x0000000709f00000|  0%| F|  |TAMS 0x0000000709e00000, 0x0000000709e00000| Untracked 
| 139|0x0000000709f00000, 0x0000000709f00000, 0x000000070a000000|  0%| F|  |TAMS 0x0000000709f00000, 0x0000000709f00000| Untracked 
| 140|0x000000070a000000, 0x000000070a000000, 0x000000070a100000|  0%| F|  |TAMS 0x000000070a000000, 0x000000070a000000| Untracked 
| 141|0x000000070a100000, 0x000000070a100000, 0x000000070a200000|  0%| F|  |TAMS 0x000000070a100000, 0x000000070a100000| Untracked 
| 142|0x000000070a200000, 0x000000070a200000, 0x000000070a300000|  0%| F|  |TAMS 0x000000070a200000, 0x000000070a200000| Untracked 
| 143|0x000000070a300000, 0x000000070a300000, 0x000000070a400000|  0%| F|  |TAMS 0x000000070a300000, 0x000000070a300000| Untracked 
| 144|0x000000070a400000, 0x000000070a400000, 0x000000070a500000|  0%| F|  |TAMS 0x000000070a400000, 0x000000070a400000| Untracked 
| 145|0x000000070a500000, 0x000000070a500000, 0x000000070a600000|  0%| F|  |TAMS 0x000000070a500000, 0x000000070a500000| Untracked 
| 146|0x000000070a600000, 0x000000070a600000, 0x000000070a700000|  0%| F|  |TAMS 0x000000070a600000, 0x000000070a600000| Untracked 
| 147|0x000000070a700000, 0x000000070a700000, 0x000000070a800000|  0%| F|  |TAMS 0x000000070a700000, 0x000000070a700000| Untracked 
| 148|0x000000070a800000, 0x000000070a800000, 0x000000070a900000|  0%| F|  |TAMS 0x000000070a800000, 0x000000070a800000| Untracked 
| 149|0x000000070a900000, 0x000000070a900000, 0x000000070aa00000|  0%| F|  |TAMS 0x000000070a900000, 0x000000070a900000| Untracked 
| 150|0x000000070aa00000, 0x000000070aa00000, 0x000000070ab00000|  0%| F|  |TAMS 0x000000070aa00000, 0x000000070aa00000| Untracked 
| 151|0x000000070ab00000, 0x000000070ab00000, 0x000000070ac00000|  0%| F|  |TAMS 0x000000070ab00000, 0x000000070ab00000| Untracked 
| 152|0x000000070ac00000, 0x000000070ac00000, 0x000000070ad00000|  0%| F|  |TAMS 0x000000070ac00000, 0x000000070ac00000| Untracked 
| 153|0x000000070ad00000, 0x000000070ad00000, 0x000000070ae00000|  0%| F|  |TAMS 0x000000070ad00000, 0x000000070ad00000| Untracked 
| 154|0x000000070ae00000, 0x000000070ae00000, 0x000000070af00000|  0%| F|  |TAMS 0x000000070ae00000, 0x000000070ae00000| Untracked 
| 155|0x000000070af00000, 0x000000070af00000, 0x000000070b000000|  0%| F|  |TAMS 0x000000070af00000, 0x000000070af00000| Untracked 
| 156|0x000000070b000000, 0x000000070b000000, 0x000000070b100000|  0%| F|  |TAMS 0x000000070b000000, 0x000000070b000000| Untracked 
| 157|0x000000070b100000, 0x000000070b100000, 0x000000070b200000|  0%| F|  |TAMS 0x000000070b100000, 0x000000070b100000| Untracked 
| 158|0x000000070b200000, 0x000000070b200000, 0x000000070b300000|  0%| F|  |TAMS 0x000000070b200000, 0x000000070b200000| Untracked 
| 159|0x000000070b300000, 0x000000070b300000, 0x000000070b400000|  0%| F|  |TAMS 0x000000070b300000, 0x000000070b300000| Untracked 
| 160|0x000000070b400000, 0x000000070b400000, 0x000000070b500000|  0%| F|  |TAMS 0x000000070b400000, 0x000000070b400000| Untracked 
| 161|0x000000070b500000, 0x000000070b500000, 0x000000070b600000|  0%| F|  |TAMS 0x000000070b500000, 0x000000070b500000| Untracked 
| 162|0x000000070b600000, 0x000000070b600000, 0x000000070b700000|  0%| F|  |TAMS 0x000000070b600000, 0x000000070b600000| Untracked 
| 163|0x000000070b700000, 0x000000070b700000, 0x000000070b800000|  0%| F|  |TAMS 0x000000070b700000, 0x000000070b700000| Untracked 
| 164|0x000000070b800000, 0x000000070b800000, 0x000000070b900000|  0%| F|  |TAMS 0x000000070b800000, 0x000000070b800000| Untracked 
| 165|0x000000070b900000, 0x000000070b900000, 0x000000070ba00000|  0%| F|  |TAMS 0x000000070b900000, 0x000000070b900000| Untracked 
| 166|0x000000070ba00000, 0x000000070ba00000, 0x000000070bb00000|  0%| F|  |TAMS 0x000000070ba00000, 0x000000070ba00000| Untracked 
| 167|0x000000070bb00000, 0x000000070bb00000, 0x000000070bc00000|  0%| F|  |TAMS 0x000000070bb00000, 0x000000070bb00000| Untracked 
| 168|0x000000070bc00000, 0x000000070bc00000, 0x000000070bd00000|  0%| F|  |TAMS 0x000000070bc00000, 0x000000070bc00000| Untracked 
| 169|0x000000070bd00000, 0x000000070bd00000, 0x000000070be00000|  0%| F|  |TAMS 0x000000070bd00000, 0x000000070bd00000| Untracked 
| 170|0x000000070be00000, 0x000000070be00000, 0x000000070bf00000|  0%| F|  |TAMS 0x000000070be00000, 0x000000070be00000| Untracked 
| 171|0x000000070bf00000, 0x000000070bf00000, 0x000000070c000000|  0%| F|  |TAMS 0x000000070bf00000, 0x000000070bf00000| Untracked 
| 172|0x000000070c000000, 0x000000070c000000, 0x000000070c100000|  0%| F|  |TAMS 0x000000070c000000, 0x000000070c000000| Untracked 
| 173|0x000000070c100000, 0x000000070c100000, 0x000000070c200000|  0%| F|  |TAMS 0x000000070c100000, 0x000000070c100000| Untracked 
| 174|0x000000070c200000, 0x000000070c200000, 0x000000070c300000|  0%| F|  |TAMS 0x000000070c200000, 0x000000070c200000| Untracked 
| 175|0x000000070c300000, 0x000000070c300000, 0x000000070c400000|  0%| F|  |TAMS 0x000000070c300000, 0x000000070c300000| Untracked 
| 176|0x000000070c400000, 0x000000070c400000, 0x000000070c500000|  0%| F|  |TAMS 0x000000070c400000, 0x000000070c400000| Untracked 
| 177|0x000000070c500000, 0x000000070c500000, 0x000000070c600000|  0%| F|  |TAMS 0x000000070c500000, 0x000000070c500000| Untracked 
| 178|0x000000070c600000, 0x000000070c600000, 0x000000070c700000|  0%| F|  |TAMS 0x000000070c600000, 0x000000070c600000| Untracked 
| 179|0x000000070c700000, 0x000000070c700000, 0x000000070c800000|  0%| F|  |TAMS 0x000000070c700000, 0x000000070c700000| Untracked 
| 180|0x000000070c800000, 0x000000070c800000, 0x000000070c900000|  0%| F|  |TAMS 0x000000070c800000, 0x000000070c800000| Untracked 
| 181|0x000000070c900000, 0x000000070c900000, 0x000000070ca00000|  0%| F|  |TAMS 0x000000070c900000, 0x000000070c900000| Untracked 
| 182|0x000000070ca00000, 0x000000070ca00000, 0x000000070cb00000|  0%| F|  |TAMS 0x000000070ca00000, 0x000000070ca00000| Untracked 
| 183|0x000000070cb00000, 0x000000070cb00000, 0x000000070cc00000|  0%| F|  |TAMS 0x000000070cb00000, 0x000000070cb00000| Untracked 
| 184|0x000000070cc00000, 0x000000070cc00000, 0x000000070cd00000|  0%| F|  |TAMS 0x000000070cc00000, 0x000000070cc00000| Untracked 
| 185|0x000000070cd00000, 0x000000070cd00000, 0x000000070ce00000|  0%| F|  |TAMS 0x000000070cd00000, 0x000000070cd00000| Untracked 
| 186|0x000000070ce00000, 0x000000070ce00000, 0x000000070cf00000|  0%| F|  |TAMS 0x000000070ce00000, 0x000000070ce00000| Untracked 
| 187|0x000000070cf00000, 0x000000070cf00000, 0x000000070d000000|  0%| F|  |TAMS 0x000000070cf00000, 0x000000070cf00000| Untracked 
| 188|0x000000070d000000, 0x000000070d000000, 0x000000070d100000|  0%| F|  |TAMS 0x000000070d000000, 0x000000070d000000| Untracked 
| 189|0x000000070d100000, 0x000000070d100000, 0x000000070d200000|  0%| F|  |TAMS 0x000000070d100000, 0x000000070d100000| Untracked 
| 190|0x000000070d200000, 0x000000070d200000, 0x000000070d300000|  0%| F|  |TAMS 0x000000070d200000, 0x000000070d200000| Untracked 
| 191|0x000000070d300000, 0x000000070d300000, 0x000000070d400000|  0%| F|  |TAMS 0x000000070d300000, 0x000000070d300000| Untracked 
| 192|0x000000070d400000, 0x000000070d400000, 0x000000070d500000|  0%| F|  |TAMS 0x000000070d400000, 0x000000070d400000| Untracked 
| 193|0x000000070d500000, 0x000000070d500000, 0x000000070d600000|  0%| F|  |TAMS 0x000000070d500000, 0x000000070d500000| Untracked 
| 194|0x000000070d600000, 0x000000070d600000, 0x000000070d700000|  0%| F|  |TAMS 0x000000070d600000, 0x000000070d600000| Untracked 
| 195|0x000000070d700000, 0x000000070d700000, 0x000000070d800000|  0%| F|  |TAMS 0x000000070d700000, 0x000000070d700000| Untracked 
| 196|0x000000070d800000, 0x000000070d800000, 0x000000070d900000|  0%| F|  |TAMS 0x000000070d800000, 0x000000070d800000| Untracked 
| 197|0x000000070d900000, 0x000000070d900000, 0x000000070da00000|  0%| F|  |TAMS 0x000000070d900000, 0x000000070d900000| Untracked 
| 198|0x000000070da00000, 0x000000070da00000, 0x000000070db00000|  0%| F|  |TAMS 0x000000070da00000, 0x000000070da00000| Untracked 
| 199|0x000000070db00000, 0x000000070db00000, 0x000000070dc00000|  0%| F|  |TAMS 0x000000070db00000, 0x000000070db00000| Untracked 
| 200|0x000000070dc00000, 0x000000070dc00000, 0x000000070dd00000|  0%| F|  |TAMS 0x000000070dc00000, 0x000000070dc00000| Untracked 
| 201|0x000000070dd00000, 0x000000070dd00000, 0x000000070de00000|  0%| F|  |TAMS 0x000000070dd00000, 0x000000070dd00000| Untracked 
| 202|0x000000070de00000, 0x000000070de00000, 0x000000070df00000|  0%| F|  |TAMS 0x000000070de00000, 0x000000070de00000| Untracked 
| 203|0x000000070df00000, 0x000000070df00000, 0x000000070e000000|  0%| F|  |TAMS 0x000000070df00000, 0x000000070df00000| Untracked 
| 204|0x000000070e000000, 0x000000070e000000, 0x000000070e100000|  0%| F|  |TAMS 0x000000070e000000, 0x000000070e000000| Untracked 
| 205|0x000000070e100000, 0x000000070e100000, 0x000000070e200000|  0%| F|  |TAMS 0x000000070e100000, 0x000000070e100000| Untracked 
| 206|0x000000070e200000, 0x000000070e200000, 0x000000070e300000|  0%| F|  |TAMS 0x000000070e200000, 0x000000070e200000| Untracked 
| 207|0x000000070e300000, 0x000000070e300000, 0x000000070e400000|  0%| F|  |TAMS 0x000000070e300000, 0x000000070e300000| Untracked 
| 208|0x000000070e400000, 0x000000070e400000, 0x000000070e500000|  0%| F|  |TAMS 0x000000070e400000, 0x000000070e400000| Untracked 
| 209|0x000000070e500000, 0x000000070e500000, 0x000000070e600000|  0%| F|  |TAMS 0x000000070e500000, 0x000000070e500000| Untracked 
| 210|0x000000070e600000, 0x000000070e600000, 0x000000070e700000|  0%| F|  |TAMS 0x000000070e600000, 0x000000070e600000| Untracked 
| 211|0x000000070e700000, 0x000000070e700000, 0x000000070e800000|  0%| F|  |TAMS 0x000000070e700000, 0x000000070e700000| Untracked 
| 212|0x000000070e800000, 0x000000070e800000, 0x000000070e900000|  0%| F|  |TAMS 0x000000070e800000, 0x000000070e800000| Untracked 
| 213|0x000000070e900000, 0x000000070e900000, 0x000000070ea00000|  0%| F|  |TAMS 0x000000070e900000, 0x000000070e900000| Untracked 
| 214|0x000000070ea00000, 0x000000070ea00000, 0x000000070eb00000|  0%| F|  |TAMS 0x000000070ea00000, 0x000000070ea00000| Untracked 
| 215|0x000000070eb00000, 0x000000070eb00000, 0x000000070ec00000|  0%| F|  |TAMS 0x000000070eb00000, 0x000000070eb00000| Untracked 
| 216|0x000000070ec00000, 0x000000070ec00000, 0x000000070ed00000|  0%| F|  |TAMS 0x000000070ec00000, 0x000000070ec00000| Untracked 
| 217|0x000000070ed00000, 0x000000070ed00000, 0x000000070ee00000|  0%| F|  |TAMS 0x000000070ed00000, 0x000000070ed00000| Untracked 
| 218|0x000000070ee00000, 0x000000070ee00000, 0x000000070ef00000|  0%| F|  |TAMS 0x000000070ee00000, 0x000000070ee00000| Untracked 
| 219|0x000000070ef00000, 0x000000070ef00000, 0x000000070f000000|  0%| F|  |TAMS 0x000000070ef00000, 0x000000070ef00000| Untracked 
| 220|0x000000070f000000, 0x000000070f000000, 0x000000070f100000|  0%| F|  |TAMS 0x000000070f000000, 0x000000070f000000| Untracked 
| 221|0x000000070f100000, 0x000000070f100000, 0x000000070f200000|  0%| F|  |TAMS 0x000000070f100000, 0x000000070f100000| Untracked 
| 222|0x000000070f200000, 0x000000070f200000, 0x000000070f300000|  0%| F|  |TAMS 0x000000070f200000, 0x000000070f200000| Untracked 
| 223|0x000000070f300000, 0x000000070f300000, 0x000000070f400000|  0%| F|  |TAMS 0x000000070f300000, 0x000000070f300000| Untracked 
| 224|0x000000070f400000, 0x000000070f400000, 0x000000070f500000|  0%| F|  |TAMS 0x000000070f400000, 0x000000070f400000| Untracked 
| 225|0x000000070f500000, 0x000000070f500000, 0x000000070f600000|  0%| F|  |TAMS 0x000000070f500000, 0x000000070f500000| Untracked 
| 226|0x000000070f600000, 0x000000070f600000, 0x000000070f700000|  0%| F|  |TAMS 0x000000070f600000, 0x000000070f600000| Untracked 
| 227|0x000000070f700000, 0x000000070f700000, 0x000000070f800000|  0%| F|  |TAMS 0x000000070f700000, 0x000000070f700000| Untracked 
| 228|0x000000070f800000, 0x000000070f800000, 0x000000070f900000|  0%| F|  |TAMS 0x000000070f800000, 0x000000070f800000| Untracked 
| 229|0x000000070f900000, 0x000000070f900000, 0x000000070fa00000|  0%| F|  |TAMS 0x000000070f900000, 0x000000070f900000| Untracked 
| 230|0x000000070fa00000, 0x000000070fa00000, 0x000000070fb00000|  0%| F|  |TAMS 0x000000070fa00000, 0x000000070fa00000| Untracked 
| 231|0x000000070fb00000, 0x000000070fb00000, 0x000000070fc00000|  0%| F|  |TAMS 0x000000070fb00000, 0x000000070fb00000| Untracked 
| 232|0x000000070fc00000, 0x000000070fc00000, 0x000000070fd00000|  0%| F|  |TAMS 0x000000070fc00000, 0x000000070fc00000| Untracked 
| 233|0x000000070fd00000, 0x000000070fd00000, 0x000000070fe00000|  0%| F|  |TAMS 0x000000070fd00000, 0x000000070fd00000| Untracked 
| 234|0x000000070fe00000, 0x000000070fe00000, 0x000000070ff00000|  0%| F|  |TAMS 0x000000070fe00000, 0x000000070fe00000| Untracked 
| 235|0x000000070ff00000, 0x000000070ff00000, 0x0000000710000000|  0%| F|  |TAMS 0x000000070ff00000, 0x000000070ff00000| Untracked 
| 236|0x0000000710000000, 0x0000000710000000, 0x0000000710100000|  0%| F|  |TAMS 0x0000000710000000, 0x0000000710000000| Untracked 
| 237|0x0000000710100000, 0x0000000710100000, 0x0000000710200000|  0%| F|  |TAMS 0x0000000710100000, 0x0000000710100000| Untracked 
| 238|0x0000000710200000, 0x0000000710200000, 0x0000000710300000|  0%| F|  |TAMS 0x0000000710200000, 0x0000000710200000| Untracked 
| 239|0x0000000710300000, 0x0000000710300000, 0x0000000710400000|  0%| F|  |TAMS 0x0000000710300000, 0x0000000710300000| Untracked 
| 240|0x0000000710400000, 0x0000000710400000, 0x0000000710500000|  0%| F|  |TAMS 0x0000000710400000, 0x0000000710400000| Untracked 
| 241|0x0000000710500000, 0x0000000710500000, 0x0000000710600000|  0%| F|  |TAMS 0x0000000710500000, 0x0000000710500000| Untracked 
| 242|0x0000000710600000, 0x0000000710600000, 0x0000000710700000|  0%| F|  |TAMS 0x0000000710600000, 0x0000000710600000| Untracked 
| 243|0x0000000710700000, 0x000000071077b620, 0x0000000710800000| 48%| E|  |TAMS 0x0000000710700000, 0x0000000710700000| Complete 
| 244|0x0000000710800000, 0x0000000710900000, 0x0000000710900000|100%| E|CS|TAMS 0x0000000710800000, 0x0000000710800000| Complete 
| 245|0x0000000710900000, 0x0000000710a00000, 0x0000000710a00000|100%| E|CS|TAMS 0x0000000710900000, 0x0000000710900000| Complete 
| 246|0x0000000710a00000, 0x0000000710b00000, 0x0000000710b00000|100%| E|CS|TAMS 0x0000000710a00000, 0x0000000710a00000| Complete 
| 247|0x0000000710b00000, 0x0000000710c00000, 0x0000000710c00000|100%| E|CS|TAMS 0x0000000710b00000, 0x0000000710b00000| Complete 
| 248|0x0000000710c00000, 0x0000000710d00000, 0x0000000710d00000|100%| E|CS|TAMS 0x0000000710c00000, 0x0000000710c00000| Complete 
| 249|0x0000000710d00000, 0x0000000710e00000, 0x0000000710e00000|100%| E|CS|TAMS 0x0000000710d00000, 0x0000000710d00000| Complete 
| 250|0x0000000710e00000, 0x0000000710f00000, 0x0000000710f00000|100%| E|CS|TAMS 0x0000000710e00000, 0x0000000710e00000| Complete 
| 251|0x0000000710f00000, 0x0000000711000000, 0x0000000711000000|100%| E|CS|TAMS 0x0000000710f00000, 0x0000000710f00000| Complete 
| 252|0x0000000711000000, 0x0000000711100000, 0x0000000711100000|100%| E|CS|TAMS 0x0000000711000000, 0x0000000711000000| Complete 
| 253|0x0000000711100000, 0x0000000711200000, 0x0000000711200000|100%| E|CS|TAMS 0x0000000711100000, 0x0000000711100000| Complete 
| 254|0x0000000711200000, 0x0000000711300000, 0x0000000711300000|100%| E|CS|TAMS 0x0000000711200000, 0x0000000711200000| Complete 
| 255|0x0000000711300000, 0x0000000711400000, 0x0000000711400000|100%| E|CS|TAMS 0x0000000711300000, 0x0000000711300000| Complete 

Card table byte_map: [0x0000029078ff0000,0x00000290797f0000] _byte_map_base: 0x00000290757e6000

Marking Bits (Prev, Next): (CMBitMap*) 0x00000290609b83c8, (CMBitMap*) 0x00000290609b8408
 Prev Bits: [0x0000029079ff0000, 0x000002907dfa0000)
 Next Bits: [0x0000029000000000, 0x0000029003fb0000)

Polling page: 0x000002905e8e0000

Metaspace:

Usage:
  Non-class:      7.29 MB capacity,     7.13 MB ( 98%) used,   142.54 KB (  2%) free+waste,    20.94 KB ( <1%) overhead. 
      Class:      1.01 MB capacity,   930.93 KB ( 90%) used,    93.57 KB (  9%) free+waste,    13.50 KB (  1%) overhead. 
       Both:      8.31 MB capacity,     8.04 MB ( 97%) used,   236.11 KB (  3%) free+waste,    34.44 KB ( <1%) overhead. 

Virtual space:
  Non-class space:        8.00 MB reserved,       7.50 MB ( 94%) committed 
      Class space:        1.00 GB reserved,       1.13 MB ( <1%) committed 
             Both:        1.01 GB reserved,       8.63 MB ( <1%) committed 

Chunk freelists:
   Non-Class:  19.00 KB
       Class:  18.00 KB
        Both:  37.00 KB

MaxMetaspaceSize: 17179869184.00 GB
CompressedClassSpaceSize: 1.00 GB

CodeHeap 'non-profiled nmethods': size=119168Kb used=331Kb max_used=331Kb free=118836Kb
 bounds [0x0000029070a00000, 0x0000029070c70000, 0x0000029077e60000]
CodeHeap 'profiled nmethods': size=119104Kb used=1978Kb max_used=1978Kb free=117125Kb
 bounds [0x00000290695b0000, 0x0000029069820000, 0x0000029070a00000]
CodeHeap 'non-nmethods': size=7488Kb used=1295Kb max_used=2986Kb free=6192Kb
 bounds [0x0000029068e60000, 0x0000029069150000, 0x00000290695b0000]
 total_blobs=2154 nmethods=1107 adapters=492
 compilation: enabled
              stopped_count=0, restarted_count=0
 full_count=0

Compilation events (20 events):
Event: 59301.665 Thread 0x000002907f9b9000 nmethod 1150 0x00000290695ed490 code [0x00000290695ed6c0, 0x00000290695edfc0]
Event: 59421.681 Thread 0x000002907f9b9000 1151   !   3       jdk.internal.ref.PhantomCleanable::isListEmpty (34 bytes)
Event: 59421.681 Thread 0x000002907f9b9000 nmethod 1151 0x00000290695eee90 code [0x00000290695ef040, 0x00000290695ef3f8]
Event: 59421.681 Thread 0x000002907f9b9000 1152       3       jdk.internal.misc.InnocuousThread::eraseThreadLocals (23 bytes)
Event: 59421.682 Thread 0x000002907f9b9000 nmethod 1152 0x00000290695c9690 code [0x00000290695c9840, 0x00000290695c9ab8]
Event: 59726.223 Thread 0x000002907f9b2800 1153       4       jdk.internal.org.objectweb.asm.SymbolTable::put (150 bytes)
Event: 59726.230 Thread 0x000002907f9b2800 nmethod 1153 0x0000029070a52c10 code [0x0000029070a52da0, 0x0000029070a530b8]
Event: 59727.023 Thread 0x000002907f9b9000 1154       3       jdk.internal.org.objectweb.asm.MethodWriter::visitFieldInsn (258 bytes)
Event: 59727.024 Thread 0x000002907f9b9000 nmethod 1154 0x00000290696f4a10 code [0x00000290696f4c80, 0x00000290696f58d0]
Event: 59727.024 Thread 0x000002907f9b9000 1155       3       jdk.internal.org.objectweb.asm.SymbolTable::addConstantFieldref (10 bytes)
Event: 59727.024 Thread 0x000002907f9b9000 nmethod 1155 0x0000029069692a90 code [0x0000029069692c40, 0x0000029069692e10]
Event: 59727.791 Thread 0x000002907f9b9000 1156       3       sun.swing.SwingUtilities2::isScaleChanged (16 bytes)
Event: 59727.791 Thread 0x000002907f9b9000 nmethod 1156 0x00000290696bea90 code [0x00000290696bec40, 0x00000290696bee50]
Event: 59727.791 Thread 0x000002907f9b9000 1157       3       sun.swing.SwingUtilities2::isScaleChanged (74 bytes)
Event: 59727.792 Thread 0x000002907f9b9000 nmethod 1157 0x00000290696f3d10 code [0x00000290696f3f20, 0x00000290696f4800]
Event: 59728.354 Thread 0x000002907f9b9000 1158       3       javax.swing.plaf.basic.BasicButtonListener::propertyChange (87 bytes)
Event: 59728.355 Thread 0x000002907f9b9000 nmethod 1158 0x000002906979f210 code [0x000002906979f480, 0x00000290697a0400]
Event: 59728.368 Thread 0x000002907f9b9000 1159       3       sun.java2d.pipe.RenderBuffer::position (11 bytes)
Event: 59728.368 Thread 0x000002907f9b9000 nmethod 1159 0x00000290696e2f90 code [0x00000290696e3120, 0x00000290696e32b8]
Event: 60473.265 Thread 0x000002907f9b9000 1162       3       java.awt.Container::updateChildGraphicsData (55 bytes)

GC Heap History (0 events):
No events

Deoptimization events (20 events):
Event: 544.459 Thread 0x00000290063cc800 Uncommon trap: trap_request=0xffffffdc fr.pc=0x0000029070a4ddd8 relative=0x00000000000001b8
Event: 544.459 Thread 0x00000290063cc800 Uncommon trap: reason=class_check action=make_not_entrant pc=0x0000029070a4ddd8 method=java.util.ArrayList.toArray([Ljava/lang/Object;)[Ljava/lang/Object; @ 21 c2
Event: 544.459 Thread 0x00000290063cc800 DEOPT PACKING pc=0x0000029070a4ddd8 sp=0x000000a767ffef30
Event: 544.459 Thread 0x00000290063cc800 DEOPT UNPACKING pc=0x0000029068ea912f sp=0x000000a767ffeef0 mode 2
Event: 47855.444 Thread 0x00000290063cc800 DEOPT PACKING pc=0x0000029069796a0d sp=0x000000a767ffef10
Event: 47855.444 Thread 0x00000290063cc800 DEOPT UNPACKING pc=0x0000029068ea964e sp=0x000000a767ffe480 mode 0
Event: 48302.115 Thread 0x00000290063cc800 DEOPT PACKING pc=0x000002906979dff1 sp=0x000000a767ffef00
Event: 48302.115 Thread 0x00000290063cc800 DEOPT UNPACKING pc=0x0000029068ea964e sp=0x000000a767ffe480 mode 0
Event: 48748.170 Thread 0x00000290063cc800 DEOPT PACKING pc=0x0000029069796a0d sp=0x000000a767ffef10
Event: 48748.170 Thread 0x00000290063cc800 DEOPT UNPACKING pc=0x0000029068ea964e sp=0x000000a767ffe480 mode 0
Event: 49194.363 Thread 0x00000290063cc800 DEOPT PACKING pc=0x000002906979dff1 sp=0x000000a767ffef00
Event: 49194.363 Thread 0x00000290063cc800 DEOPT UNPACKING pc=0x0000029068ea964e sp=0x000000a767ffe480 mode 0
Event: 49638.407 Thread 0x00000290063cc800 DEOPT PACKING pc=0x0000029069796a0d sp=0x000000a767ffef10
Event: 49638.407 Thread 0x00000290063cc800 DEOPT UNPACKING pc=0x0000029068ea964e sp=0x000000a767ffe480 mode 0
Event: 50081.352 Thread 0x00000290063cc800 DEOPT PACKING pc=0x000002906979dff1 sp=0x000000a767ffef00
Event: 50081.352 Thread 0x00000290063cc800 DEOPT UNPACKING pc=0x0000029068ea964e sp=0x000000a767ffe480 mode 0
Event: 59727.485 Thread 0x00000290063cc800 Uncommon trap: trap_request=0xffffffcc fr.pc=0x0000029070a4fee4 relative=0x0000000000000d64
Event: 59727.485 Thread 0x00000290063cc800 Uncommon trap: reason=intrinsic_or_type_checked_inlining action=make_not_entrant pc=0x0000029070a4fee4 method=java.util.ArrayList.toArray([Ljava/lang/Object;)[Ljava/lang/Object; @ 36 c2
Event: 59727.485 Thread 0x00000290063cc800 DEOPT PACKING pc=0x0000029070a4fee4 sp=0x000000a767ffefd0
Event: 59727.485 Thread 0x00000290063cc800 DEOPT UNPACKING pc=0x0000029068ea912f sp=0x000000a767ffeef0 mode 2

Classes unloaded (0 events):
No events

Classes redefined (0 events):
No events

Internal exceptions (16 events):
Event: 0.060 Thread 0x000002905e8be000 Exception <a 'java/lang/NoSuchMethodError'{0x00000007113aa138}: 'int java.lang.invoke.DirectMethodHandle$Holder.invokeSpecial(java.lang.Object, java.lang.Object, java.lang.Object, java.lang.Object)'> (0x00000007113aa138) 
thrown [t:/workspace/open/src/hotspot/share/interpreter/linkResolver.cpp, line 767]
Event: 0.062 Thread 0x000002905e8be000 Exception <a 'java/lang/NoSuchMethodError'{0x00000007113b1f40}: 'void java.lang.invoke.DirectMethodHandle$Holder.invokeVirtual(java.lang.Object, java.lang.Object)'> (0x00000007113b1f40) 
thrown [t:/workspace/open/src/hotspot/share/interpreter/linkResolver.cpp, line 767]
Event: 0.108 Thread 0x000002905e8be000 Exception <a 'sun/nio/fs/WindowsException'{0x00000007112b0c00}> (0x00000007112b0c00) 
thrown [t:/workspace/open/src/hotspot/share/prims/jni.cpp, line 598]
Event: 0.110 Thread 0x000002905e8be000 Exception <a 'java/lang/ClassNotFoundException'{0x00000007112b6668}: sun/awt/resources/spi/awtProvider> (0x00000007112b6668) 
thrown [t:/workspace/open/src/hotspot/share/classfile/systemDictionary.cpp, line 232]
Event: 0.129 Thread 0x000002905e8be000 Exception <a 'java/io/FileNotFoundException'{0x000000071110f948}> (0x000000071110f948) 
thrown [t:/workspace/open/src/hotspot/share/prims/jni.cpp, line 598]
Event: 0.135 Thread 0x000002905e8be000 Exception <a 'java/io/FileNotFoundException'{0x0000000711135fb8}> (0x0000000711135fb8) 
thrown [t:/workspace/open/src/hotspot/share/prims/jni.cpp, line 598]
Event: 0.174 Thread 0x00000290060ff800 Exception <a 'java/lang/NoSuchMethodError'{0x00000007111fb2d8}: 'void java.lang.invoke.DirectMethodHandle$Holder.invokeSpecial(java.lang.Object, java.lang.Object)'> (0x00000007111fb2d8) 
thrown [t:/workspace/open/src/hotspot/share/interpreter/linkResolver.cpp, line 767]
Event: 0.264 Thread 0x000002905e8be000 Exception <a 'java/lang/NoSuchMethodError'{0x00000007111e5318}: 'java.lang.Object java.lang.invoke.DirectMethodHandle$Holder.invokeStatic(java.lang.Object, int, java.lang.Object, java.lang.Object, java.lang.Object, java.lang.Object)'> (0x00000007111e5318) 
thrown [t:/workspace/open/src/hotspot/share/interpreter/linkResolver.cpp, line 767]
Event: 0.265 Thread 0x000002905e8be000 Exception <a 'java/lang/NoSuchMethodError'{0x00000007111ebc78}: 'java.lang.Object java.lang.invoke.DirectMethodHandle$Holder.invokeStatic(java.lang.Object, int, java.lang.Object, java.lang.Object, java.lang.Object)'> (0x00000007111ebc78) 
thrown [t:/workspace/open/src/hotspot/share/interpreter/linkResolver.cpp, line 767]
Event: 0.265 Thread 0x000002905e8be000 Exception <a 'java/lang/NoSuchMethodError'{0x00000007111ef4e0}: 'java.lang.Object java.lang.invoke.DirectMethodHandle$Holder.invokeSpecial(java.lang.Object, java.lang.Object, int, java.lang.Object, java.lang.Object, java.lang.Object)'> (0x00000007111ef4e0) 
thrown [t:/workspace/open/src/hotspot/share/interpreter/linkResolver.cpp, line 767]
Event: 0.267 Thread 0x000002905e8be000 Exception <a 'java/lang/NoSuchMethodError'{0x000000071100fc00}: 'java.lang.Object java.lang.invoke.DirectMethodHandle$Holder.invokeStatic(java.lang.Object, int, java.lang.Object)'> (0x000000071100fc00) 
thrown [t:/workspace/open/src/hotspot/share/interpreter/linkResolver.cpp, line 767]
Event: 0.284 Thread 0x000002905e8be000 Exception <a 'java/lang/ClassNotFoundException'{0x00000007110b6388}: com/sun/swing/internal/plaf/metal/resources/spi/metalProvider> (0x00000007110b6388) 
thrown [t:/workspace/open/src/hotspot/share/classfile/systemDictionary.cpp, line 232]
Event: 0.285 Thread 0x000002905e8be000 Exception <a 'java/lang/ClassNotFoundException'{0x00000007110ba430}: com/sun/swing/internal/plaf/basic/resources/spi/basicProvider> (0x00000007110ba430) 
thrown [t:/workspace/open/src/hotspot/share/classfile/systemDictionary.cpp, line 232]
Event: 0.327 Thread 0x000002905e8be000 Exception <a 'java/lang/NoSuchMethodError'{0x0000000710f95be0}: 'void java.lang.invoke.DirectMethodHandle$Holder.invokeStaticInit(java.lang.Object)'> (0x0000000710f95be0) 
thrown [t:/workspace/open/src/hotspot/share/interpreter/linkResolver.cpp, line 767]
Event: 0.353 Thread 0x000002905e8be000 Exception <a 'java/lang/NoSuchMethodError'{0x0000000710febe50}: 'java.lang.Object java.lang.invoke.Invokers$Holder.linkToTargetMethod(java.lang.Object, int, java.lang.Object)'> (0x0000000710febe50) 
thrown [t:/workspace/open/src/hotspot/share/interpreter/linkResolver.cpp, line 767]
Event: 0.357 Thread 0x000002905e8be000 Exception <a 'sun/nio/fs/WindowsException'{0x0000000710ff1708}> (0x0000000710ff1708) 
thrown [t:/workspace/open/src/hotspot/share/prims/jni.cpp, line 598]

Events (20 events):
Event: 59727.453 loading class java/awt/image/SinglePixelPackedSampleModel
Event: 59727.453 loading class java/awt/image/SampleModel
Event: 59727.454 loading class java/awt/image/SampleModel done
Event: 59727.454 loading class java/awt/image/SinglePixelPackedSampleModel done
Event: 59727.454 loading class sun/awt/image/IntegerInterleavedRaster
Event: 59727.454 loading class sun/awt/image/IntegerComponentRaster
Event: 59727.454 loading class sun/awt/image/IntegerComponentRaster done
Event: 59727.454 loading class sun/awt/image/IntegerInterleavedRaster done
Event: 59727.456 loading class java/awt/image/BufferedImage
Event: 59727.457 loading class java/awt/image/WritableRenderedImage
Event: 59727.457 loading class java/awt/image/RenderedImage
Event: 59727.457 loading class java/awt/image/RenderedImage done
Event: 59727.457 loading class java/awt/image/WritableRenderedImage done
Event: 59727.457 loading class java/awt/image/BufferedImage done
Event: 59727.457 loading class java/awt/image/BufferedImage$1
Event: 59727.457 loading class java/awt/image/BufferedImage$1 done
Event: 59727.458 loading class sun/awt/image/BufImgSurfaceData
Event: 59727.458 loading class sun/awt/image/BufImgSurfaceData done
Event: 59727.458 loading class sun/awt/image/BufImgSurfaceData$ICMColorData
Event: 59727.458 loading class sun/awt/image/BufImgSurfaceData$ICMColorData done


Dynamic libraries:
0x00007ff627830000 - 0x00007ff62783f000 	C:\Program Files\Java\jdk-13.0.2\bin\javaw.exe
0x00007ff80bd90000 - 0x00007ff80bf86000 	C:\WINDOWS\SYSTEM32\ntdll.dll
0x00007ff80b940000 - 0x00007ff80b9fd000 	C:\WINDOWS\System32\KERNEL32.DLL
0x00007ff809990000 - 0x00007ff809c58000 	C:\WINDOWS\System32\KERNELBASE.dll
0x00007ff8096e0000 - 0x00007ff8097e0000 	C:\WINDOWS\System32\ucrtbase.dll
0x00007ffffb350000 - 0x00007ffffb365000 	C:\Program Files\Java\jdk-13.0.2\bin\VCRUNTIME140.dll
0x00007ff804940000 - 0x00007ff804958000 	C:\Program Files\Java\jdk-13.0.2\bin\jli.dll
0x00007ff80b760000 - 0x00007ff80b80c000 	C:\WINDOWS\System32\ADVAPI32.dll
0x00007ff80b300000 - 0x00007ff80b39e000 	C:\WINDOWS\System32\msvcrt.dll
0x00007ff80b240000 - 0x00007ff80b2db000 	C:\WINDOWS\System32\sechost.dll
0x00007ff809f20000 - 0x00007ff80a044000 	C:\WINDOWS\System32\RPCRT4.dll
0x00007ff80ba00000 - 0x00007ff80bba0000 	C:\WINDOWS\System32\USER32.dll
0x00007ffffdca0000 - 0x00007ffffdf3b000 	C:\WINDOWS\WinSxS\amd64_microsoft.windows.common-controls_6595b64144ccf1df_6.0.19041.488_none_ca04af081b815d21\COMCTL32.dll
0x00007ff809680000 - 0x00007ff8096a2000 	C:\WINDOWS\System32\win32u.dll
0x00007ff80b1a0000 - 0x00007ff80b1ca000 	C:\WINDOWS\System32\GDI32.dll
0x00007ff8094d0000 - 0x00007ff8095d9000 	C:\WINDOWS\System32\gdi32full.dll
0x00007ff8095e0000 - 0x00007ff80967d000 	C:\WINDOWS\System32\msvcp_win.dll
0x00007ff801f40000 - 0x00007ff801f4a000 	C:\WINDOWS\SYSTEM32\VERSION.dll
0x00007ff80aec0000 - 0x00007ff80aef0000 	C:\WINDOWS\System32\IMM32.DLL
0x00007fffefc10000 - 0x00007fffefcab000 	C:\Program Files\Java\jdk-13.0.2\bin\msvcp140.dll
0x00007fffd1470000 - 0x00007fffd1fcd000 	C:\Program Files\Java\jdk-13.0.2\bin\server\jvm.dll
0x00007ff80aef0000 - 0x00007ff80aef8000 	C:\WINDOWS\System32\PSAPI.DLL
0x00007ffffda20000 - 0x00007ffffda47000 	C:\WINDOWS\SYSTEM32\WINMM.dll
0x00007ff804910000 - 0x00007ff804919000 	C:\WINDOWS\SYSTEM32\WSOCK32.dll
0x00007ff80b1d0000 - 0x00007ff80b23b000 	C:\WINDOWS\System32\WS2_32.dll
0x00007ff807360000 - 0x00007ff807372000 	C:\WINDOWS\SYSTEM32\kernel.appcore.dll
0x00007ff804900000 - 0x00007ff804910000 	C:\Program Files\Java\jdk-13.0.2\bin\verify.dll
0x00007ffff7840000 - 0x00007ffff7a24000 	C:\WINDOWS\SYSTEM32\DBGHELP.DLL
0x00007ffffb630000 - 0x00007ffffb65c000 	C:\WINDOWS\SYSTEM32\dbgcore.DLL
0x00007ff809cc0000 - 0x00007ff809d3f000 	C:\WINDOWS\System32\bcryptPrimitives.dll
0x00007ffffb410000 - 0x00007ffffb436000 	C:\Program Files\Java\jdk-13.0.2\bin\java.dll
0x00007ff801760000 - 0x00007ff801777000 	C:\Program Files\Java\jdk-13.0.2\bin\zip.dll
0x00007ff8015f0000 - 0x00007ff8015fa000 	C:\Program Files\Java\jdk-13.0.2\bin\jimage.dll
0x00007ff80a160000 - 0x00007ff80a8a1000 	C:\WINDOWS\System32\SHELL32.dll
0x00007ff807640000 - 0x00007ff807dd5000 	C:\WINDOWS\SYSTEM32\windows.storage.dll
0x00007ff80b400000 - 0x00007ff80b755000 	C:\WINDOWS\System32\combase.dll
0x00007ff808e70000 - 0x00007ff808e9c000 	C:\WINDOWS\SYSTEM32\Wldp.dll
0x00007ff80adb0000 - 0x00007ff80ae5e000 	C:\WINDOWS\System32\SHCORE.dll
0x00007ff80b3a0000 - 0x00007ff80b3f5000 	C:\WINDOWS\System32\shlwapi.dll
0x00007ff809400000 - 0x00007ff809426000 	C:\WINDOWS\SYSTEM32\profapi.dll
0x00007ffffb1c0000 - 0x00007ffffb1d9000 	C:\Program Files\Java\jdk-13.0.2\bin\net.dll
0x00007ff800620000 - 0x00007ff800720000 	C:\WINDOWS\SYSTEM32\WINHTTP.dll
0x00007ff808bf0000 - 0x00007ff808c5a000 	C:\WINDOWS\system32\mswsock.dll
0x00007ffff5e70000 - 0x00007ffff5e83000 	C:\Program Files\Java\jdk-13.0.2\bin\nio.dll
0x00007fffe3200000 - 0x00007fffe3399000 	C:\Program Files\Java\jdk-13.0.2\bin\awt.dll
0x00007ff80b870000 - 0x00007ff80b93d000 	C:\WINDOWS\System32\OLEAUT32.dll
0x00007ff806db0000 - 0x00007ff806e40000 	C:\WINDOWS\SYSTEM32\apphelp.dll
0x00007ff807330000 - 0x00007ff80735f000 	C:\WINDOWS\system32\DWMAPI.DLL
0x00007ff806f80000 - 0x00007ff80701e000 	C:\WINDOWS\system32\uxtheme.dll
0x00007fffeb700000 - 0x00007fffeb825000 	C:\WINDOWS\system32\opengl32.dll
0x00007fffc3d80000 - 0x00007fffc3dac000 	C:\WINDOWS\SYSTEM32\GLU32.dll
0x00007ff809e00000 - 0x00007ff809f15000 	C:\WINDOWS\System32\MSCTF.dll
0x00007ff80af00000 - 0x00007ff80b02a000 	C:\WINDOWS\System32\ole32.dll
0x00007fffeb940000 - 0x00007fffebb0e000 	C:\WINDOWS\system32\d3d9.dll
0x00007ffffda50000 - 0x00007ffffdc28000 	C:\WINDOWS\System32\DriverStore\FileRepository\c0353888.inf_amd64_a69018be2db26553\B353587\aticfx64.dll
0x00007fffc1210000 - 0x00007fffc1241000 	C:\WINDOWS\System32\DriverStore\FileRepository\c0353888.inf_amd64_a69018be2db26553\B353587\atiu9p64.dll
0x00007fffbb940000 - 0x00007fffbc5aa000 	C:\WINDOWS\System32\DriverStore\FileRepository\c0353888.inf_amd64_a69018be2db26553\B353587\atiumd64.dll
0x0000000056310000 - 0x00000000570b5000 	C:\WINDOWS\System32\DriverStore\FileRepository\c0353888.inf_amd64_a69018be2db26553\B353587\atiumd6a.dll
0x00007ff809280000 - 0x00007ff8092cb000 	C:\WINDOWS\SYSTEM32\POWRPROF.dll
0x00007ff809260000 - 0x00007ff809272000 	C:\WINDOWS\SYSTEM32\UMPDC.dll
0x00007ffffc630000 - 0x00007ffffc65e000 	C:\WINDOWS\SYSTEM32\amdihk64.dll
0x00007ffffe1c0000 - 0x00007ffffe1fb000 	C:\WINDOWS\SYSTEM32\dxcore.dll
0x00007ff8097e0000 - 0x00007ff80982e000 	C:\WINDOWS\System32\cfgmgr32.dll
0x00007fffefb80000 - 0x00007fffefc02000 	C:\Program Files\Java\jdk-13.0.2\bin\freetype.dll
0x00007fffef650000 - 0x00007fffef6f6000 	C:\Program Files\Java\jdk-13.0.2\bin\fontmanager.dll
0x00007fffff6b0000 - 0x00007fffff7ac000 	C:\WINDOWS\SYSTEM32\textinputframework.dll
0x00007ff806520000 - 0x00007ff80687e000 	C:\WINDOWS\System32\CoreUIComponents.dll
0x00007ff8060b0000 - 0x00007ff8061a2000 	C:\WINDOWS\System32\CoreMessaging.dll
0x00007ff808210000 - 0x00007ff808243000 	C:\WINDOWS\SYSTEM32\ntmarta.dll
0x00007ff805960000 - 0x00007ff805ab6000 	C:\WINDOWS\SYSTEM32\wintypes.dll
0x00007ff8026c0000 - 0x00007ff80276c000 	C:\WINDOWS\SYSTEM32\TextShaping.dll

dbghelp: loaded successfully - version: 4.0.5 - missing functions: none
symbol engine: initialized successfully - sym options: 0x614 - pdb path: .;C:\Program Files\Java\jdk-13.0.2\bin;C:\WINDOWS\SYSTEM32;C:\WINDOWS\WinSxS\amd64_microsoft.windows.common-controls_6595b64144ccf1df_6.0.19041.488_none_ca04af081b815d21;C:\Program Files\Java\jdk-13.0.2\bin\server;C:\WINDOWS\System32\DriverStore\FileRepository\c0353888.inf_amd64_a69018be2db26553\B353587

VM Arguments:
jvm_args: -Dfile.encoding=Cp1252 --module-path=C:\Users\samee\git\sammyPrivate--memory(3)\sammyPrivate--\bin -Djdk.module.main=sammyPrivate 
java_command: sammyPrivate/calcJFrame.CalcFrameRunner
java_class_path (initial): <not set>
Launcher Type: SUN_STANDARD

[Global flags]
     intx CICompilerCount                          = 12                                        {product} {ergonomic}
     uint ConcGCThreads                            = 3                                         {product} {ergonomic}
     uint G1ConcRefinementThreads                  = 13                                        {product} {ergonomic}
   size_t G1HeapRegionSize                         = 1048576                                   {product} {ergonomic}
    uintx GCDrainStackTargetSize                   = 64                                        {product} {ergonomic}
   size_t InitialHeapSize                          = 268435456                                 {product} {ergonomic}
   size_t MarkStackSize                            = 4194304                                   {product} {ergonomic}
   size_t MaxHeapSize                              = 4273995776                                {product} {ergonomic}
   size_t MaxNewSize                               = 2563768320                                {product} {ergonomic}
   size_t MinHeapDeltaBytes                        = 1048576                                   {product} {ergonomic}
   size_t MinHeapSize                              = 8388608                                   {product} {ergonomic}
    uintx NonNMethodCodeHeapSize                   = 7602480                                {pd product} {ergonomic}
    uintx NonProfiledCodeHeapSize                  = 122027880                              {pd product} {ergonomic}
    uintx ProfiledCodeHeapSize                     = 122027880                              {pd product} {ergonomic}
    uintx ReservedCodeCacheSize                    = 251658240                              {pd product} {ergonomic}
     bool SegmentedCodeCache                       = true                                      {product} {ergonomic}
   size_t SoftMaxHeapSize                          = 4273995776                             {manageable} {ergonomic}
     bool UseCompressedClassPointers               = true                                 {lp64_product} {ergonomic}
     bool UseCompressedOops                        = true                                 {lp64_product} {ergonomic}
     bool UseG1GC                                  = true                                      {product} {ergonomic}
     bool UseLargePagesIndividualAllocation        = false                                  {pd product} {ergonomic}

Logging:
Log output configuration:
 #0: stdout all=warning uptime,level,tags
 #1: stderr all=off uptime,level,tags

Environment Variables:
PATH=C:/Program Files/Java/jdk-13.0.2/bin/server;C:/Program Files/Java/jdk-13.0.2/bin;C:\Program Files (x86)\Common Files\Oracle\Java\javapath;C:\Program Files (x86)\Python37-32\Scripts\;C:\Program Files (x86)\Python37-32\;C:\WINDOWS\system32;C:\WINDOWS;C:\WINDOWS\System32\Wbem;C:\WINDOWS\System32\WindowsPowerShell\v1.0\;C:\WINDOWS\System32\OpenSSH\;C:\Program Files (x86)\Common Files\Propellerhead Software\ReWire\;C:\Program Files\Common Files\Propellerhead Software\ReWire\;C:\Program Files\dotnet\;C:\Users\samee\AppData\Local\Microsoft\WindowsApps;C:\Users\samee\AppData\Local\Programs\MiKTeX 2.9\miktex\bin\x64\;C:\Users\samee\AppData\Local\GitHubDesktop\bin;;C:\WINDOWS\system32;
USERNAME=samee
OS=Windows_NT
PROCESSOR_IDENTIFIER=AMD64 Family 23 Model 1 Stepping 1, AuthenticAMD



---------------  S Y S T E M  ---------------

OS: Windows 10 , 64 bit Build 19041 (10.0.19041.546)

CPU:total 16 (initial active 16) (16 cores per cpu, 2 threads per core) family 23 model 1 stepping 1, cmov, cx8, fxsr, mmx, sse, sse2, sse3, ssse3, sse4.1, sse4.2, popcnt, avx, avx2, aes, clmul, mmxext, 3dnowpref, lzcnt, sse4a, ht, tsc, tscinvbit, tscinv, bmi1, bmi2, adx, sha, fma

Memory: 4k page, system-wide physical 16303M (6964M free)
TotalPageFile size 65455M (AvailPageFile size 1191M)
current process WorkingSet (physical memory assigned to process): 43M, peak: 104M
current process commit charge ("private bytes"): 427M, peak: 433M

vm_info: Java HotSpot(TM) 64-Bit Server VM (13.0.2+8) for windows-amd64 JRE (13.0.2+8), built on Dec 11 2019 09:20:33 by "mach5one" with unknown MS VC++:1916

END.
