#
# There is insufficient memory for the Java Runtime Environment to continue.
# Native memory allocation (malloc) failed to allocate 32744 bytes for ChunkPool::allocate
# Possible reasons:
#   The system is out of physical RAM or swap space
#   The process is running with CompressedOops enabled, and the Java Heap may be blocking the growth of the native heap
# Possible solutions:
#   Reduce memory load on the system
#   Increase physical memory or swap space
#   Check if swap backing store is full
#   Decrease Java heap size (-Xmx/-Xms)
#   Decrease number of Java threads
JavaThread "AWT-Windows" daemon [_thread_in_vm, id=21612, stack(0x0000001b87d00000,0x0000001b87e00000)]

Stack: [0x0000001b87d00000,0x0000001b87e00000]
Native frames: (J=compiled Java code, j=interpreted, Vv=VM code, C=native code)
V  [jvm.dll+0x624f9a]
V  [jvm.dll+0x770cfa]
V  [jvm.dll+0x7724af]
V  [jvm.dll+0x772ab3]
V  [jvm.dll+0x24bf08]
V  [jvm.dll+0xc2076]
V  [jvm.dll+0xc23cc]
V  [jvm.dll+0x6f4aa0]
V  [jvm.dll+0x612362]
V  [jvm.dll+0x75edb0]
V  [jvm.dll+0x367ad6]
V  [jvm.dll+0x6fc8d1]
V  [jvm.dll+0x755358]
V  [jvm.dll+0x75389e]
C  0x0000012e0843f4f7

Java frames: (J=compiled Java code, j=interpreted, Vv=VM code)
j  jdk.internal.misc.Unsafe.defineAnonymousClass0(Ljava/lang/Class;[B[Ljava/lang/Object;)Ljava/lang/Class;+0 java.base@13.0.2
j  jdk.internal.misc.Unsafe.defineAnonymousClass(Ljava/lang/Class;[B[Ljava/lang/Object;)Ljava/lang/Class;+42 java.base@13.0.2
j  java.lang.invoke.InnerClassLambdaMetafactory.spinInnerClass()Ljava/lang/Class;+517 java.base@13.0.2
j  java.lang.invoke.InnerClassLambdaMetafactory.buildCallSite()Ljava/lang/invoke/CallSite;+1 java.base@13.0.2
j  java.lang.invoke.LambdaMetafactory.metafactory(Ljava/lang/invoke/MethodHandles$Lookup;Ljava/lang/String;Ljava/lang/invoke/MethodType;Ljava/lang/invoke/MethodType;Ljava/lang/invoke/MethodHandle;Ljava/lang/invoke/MethodType;)Ljava/lang/invoke/CallSite;+31 java.base@13.0.2
j  java.lang.invoke.LambdaForm$DMH.invokeStatic(Ljava/lang/Object;Ljava/lang/Object;Ljava/lang/Object;Ljava/lang/Object;Ljava/lang/Object;Ljava/lang/Object;Ljava/lang/Object;)Ljava/lang/Object;+26 java.base@13.0.2
j  java.lang.invoke.Invokers$Holder.invokeExact_MT(Ljava/lang/Object;Ljava/lang/Object;Ljava/lang/Object;Ljava/lang/Object;Ljava/lang/Object;Ljava/lang/Object;Ljava/lang/Object;Ljava/lang/Object;)Ljava/lang/Object;+28 java.base@13.0.2
j  java.lang.invoke.BootstrapMethodInvoker.invoke(Ljava/lang/Class;Ljava/lang/invoke/MethodHandle;Ljava/lang/String;Ljava/lang/Object;Ljava/lang/Object;Ljava/lang/Class;)Ljava/lang/Object;+262 java.base@13.0.2
j  java.lang.invoke.CallSite.makeSite(Ljava/lang/invoke/MethodHandle;Ljava/lang/String;Ljava/lang/invoke/MethodType;Ljava/lang/Object;Ljava/lang/Class;)Ljava/lang/invoke/CallSite;+8 java.base@13.0.2
j  java.lang.invoke.MethodHandleNatives.linkCallSiteImpl(Ljava/lang/Class;Ljava/lang/invoke/MethodHandle;Ljava/lang/String;Ljava/lang/invoke/MethodType;Ljava/lang/Object;[Ljava/lang/Object;)Ljava/lang/invoke/MemberName;+6 java.base@13.0.2
j  java.lang.invoke.MethodHandleNatives.linkCallSite(Ljava/lang/Object;ILjava/lang/Object;Ljava/lang/Object;Ljava/lang/Object;Ljava/lang/Object;[Ljava/lang/Object;)Ljava/lang/invoke/MemberName;+46 java.base@13.0.2
v  ~StubRoutines::call_stub
j  sun.awt.windows.WToolkit.displayChanged()V+0 java.desktop@13.0.2
v  ~StubRoutines::call_stub
j  sun.awt.windows.WToolkit.eventLoop()V+0 java.desktop@13.0.2
j  sun.awt.windows.WToolkit.run()V+50 java.desktop@13.0.2
j  java.lang.Thread.run()V+11 java.base@13.0.2
v  ~StubRoutines::call_stub

---------------  P R O C E S S  ---------------

Threads class SMR info:
_java_thread_list=0x0000012e211148e0, length=14, elements={
0x0000012e20140000, 0x0000012e20143000, 0x0000012e2014e800, 0x0000012e209e2800,
0x0000012e209e4000, 0x0000012e209f2000, 0x0000012e20a03800, 0x0000012e209d0800,
0x0000012e20bd8000, 0x0000012e20fb6000, 0x0000012e20fb9800, 0x0000012e20fbf000,
0x0000012e21117800, 0x0000012e7b179000
}

Java Threads: ( => current thread )
  0x0000012e20140000 JavaThread "Reference Handler" daemon [_thread_blocked, id=19192, stack(0x0000001b87000000,0x0000001b87100000)]
  0x0000012e20143000 JavaThread "Finalizer" daemon [_thread_blocked, id=36316, stack(0x0000001b87100000,0x0000001b87200000)]
  0x0000012e2014e800 JavaThread "Signal Dispatcher" daemon [_thread_blocked, id=4860, stack(0x0000001b87200000,0x0000001b87300000)]
  0x0000012e209e2800 JavaThread "Attach Listener" daemon [_thread_blocked, id=15128, stack(0x0000001b87300000,0x0000001b87400000)]
  0x0000012e209e4000 JavaThread "C2 CompilerThread0" daemon [_thread_in_native, id=17876, stack(0x0000001b87400000,0x0000001b87500000)]
  0x0000012e209f2000 JavaThread "C1 CompilerThread0" daemon [_thread_blocked, id=43856, stack(0x0000001b87500000,0x0000001b87600000)]
  0x0000012e20a03800 JavaThread "Sweeper thread" daemon [_thread_blocked, id=42400, stack(0x0000001b87600000,0x0000001b87700000)]
  0x0000012e209d0800 JavaThread "Common-Cleaner" daemon [_thread_blocked, id=29088, stack(0x0000001b87700000,0x0000001b87800000)]
  0x0000012e20bd8000 JavaThread "Service Thread" daemon [_thread_blocked, id=29928, stack(0x0000001b87900000,0x0000001b87a00000)]
  0x0000012e20fb6000 JavaThread "Java2D Disposer" daemon [_thread_blocked, id=14292, stack(0x0000001b87b00000,0x0000001b87c00000)]
  0x0000012e20fb9800 JavaThread "AWT-Shutdown" [_thread_blocked, id=39784, stack(0x0000001b87c00000,0x0000001b87d00000)]
=>0x0000012e20fbf000 JavaThread "AWT-Windows" daemon [_thread_in_vm, id=21612, stack(0x0000001b87d00000,0x0000001b87e00000)]
  0x0000012e21117800 JavaThread "AWT-EventQueue-0" [_thread_blocked, id=15856, stack(0x0000001b88000000,0x0000001b88100000)]
  0x0000012e7b179000 JavaThread "DestroyJavaVM" [_thread_blocked, id=26056, stack(0x0000001b86900000,0x0000001b86a00000)]

Other Threads:
  0x0000012e2013d000 VMThread "VM Thread" [stack: 0x0000001b86f00000,0x0000001b87000000] [id=37288]
  0x0000012e20bc1000 WatcherThread [stack: 0x0000001b87a00000,0x0000001b87b00000] [id=36036]
  0x0000012e7b1e8800 GCTaskThread "GC Thread#0" [stack: 0x0000001b86a00000,0x0000001b86b00000] [id=43472]
  0x0000012e7b20a800 ConcurrentGCThread "G1 Main Marker" [stack: 0x0000001b86b00000,0x0000001b86c00000] [id=45224]
  0x0000012e7b20e800 ConcurrentGCThread "G1 Conc#0" [stack: 0x0000001b86c00000,0x0000001b86d00000] [id=17700]
  0x0000012e20037000 ConcurrentGCThread "G1 Refine#0" [stack: 0x0000001b86d00000,0x0000001b86e00000] [id=38108]
  0x0000012e20039000 ConcurrentGCThread "G1 Young RemSet Sampling" [stack: 0x0000001b86e00000,0x0000001b86f00000] [id=33864]

Threads with active compile tasks:
C2 CompilerThread0   564508  841       4       jdk.internal.org.objectweb.asm.SymbolTable::put (150 bytes)

VM state:not at safepoint (normal execution)

VM Mutex/Monitor currently owned by a thread: None

Heap address: 0x0000000701400000, size: 4076 MB, Compressed Oops mode: Zero based, Oop shift amount: 3
Narrow klass base: 0x0000000800000000, Narrow klass shift: 3
Compressed class space size: 1073741824 Address: 0x0000000800b40000

Heap:
 garbage-first heap   total 262144K, used 6144K [0x0000000701400000, 0x0000000800000000)
  region size 1024K, 7 young (7168K), 0 survivors (0K)
 Metaspace       used 7533K, capacity 7815K, committed 7936K, reserved 1056768K
  class space    used 834K, capacity 941K, committed 1024K, reserved 1048576K
Heap Regions: E=young(eden), S=young(survivor), O=old, HS=humongous(starts), HC=humongous(continues), CS=collection set, F=free, A=archive, TAMS=top-at-mark-start (previous, next)
|   0|0x0000000701400000, 0x0000000701400000, 0x0000000701500000|  0%| F|  |TAMS 0x0000000701400000, 0x0000000701400000| Untracked 
|   1|0x0000000701500000, 0x0000000701500000, 0x0000000701600000|  0%| F|  |TAMS 0x0000000701500000, 0x0000000701500000| Untracked 
|   2|0x0000000701600000, 0x0000000701600000, 0x0000000701700000|  0%| F|  |TAMS 0x0000000701600000, 0x0000000701600000| Untracked 
|   3|0x0000000701700000, 0x0000000701700000, 0x0000000701800000|  0%| F|  |TAMS 0x0000000701700000, 0x0000000701700000| Untracked 
|   4|0x0000000701800000, 0x0000000701800000, 0x0000000701900000|  0%| F|  |TAMS 0x0000000701800000, 0x0000000701800000| Untracked 
|   5|0x0000000701900000, 0x0000000701900000, 0x0000000701a00000|  0%| F|  |TAMS 0x0000000701900000, 0x0000000701900000| Untracked 
|   6|0x0000000701a00000, 0x0000000701a00000, 0x0000000701b00000|  0%| F|  |TAMS 0x0000000701a00000, 0x0000000701a00000| Untracked 
|   7|0x0000000701b00000, 0x0000000701b00000, 0x0000000701c00000|  0%| F|  |TAMS 0x0000000701b00000, 0x0000000701b00000| Untracked 
|   8|0x0000000701c00000, 0x0000000701c00000, 0x0000000701d00000|  0%| F|  |TAMS 0x0000000701c00000, 0x0000000701c00000| Untracked 
|   9|0x0000000701d00000, 0x0000000701d00000, 0x0000000701e00000|  0%| F|  |TAMS 0x0000000701d00000, 0x0000000701d00000| Untracked 
|  10|0x0000000701e00000, 0x0000000701e00000, 0x0000000701f00000|  0%| F|  |TAMS 0x0000000701e00000, 0x0000000701e00000| Untracked 
|  11|0x0000000701f00000, 0x0000000701f00000, 0x0000000702000000|  0%| F|  |TAMS 0x0000000701f00000, 0x0000000701f00000| Untracked 
|  12|0x0000000702000000, 0x0000000702000000, 0x0000000702100000|  0%| F|  |TAMS 0x0000000702000000, 0x0000000702000000| Untracked 
|  13|0x0000000702100000, 0x0000000702100000, 0x0000000702200000|  0%| F|  |TAMS 0x0000000702100000, 0x0000000702100000| Untracked 
|  14|0x0000000702200000, 0x0000000702200000, 0x0000000702300000|  0%| F|  |TAMS 0x0000000702200000, 0x0000000702200000| Untracked 
|  15|0x0000000702300000, 0x0000000702300000, 0x0000000702400000|  0%| F|  |TAMS 0x0000000702300000, 0x0000000702300000| Untracked 
|  16|0x0000000702400000, 0x0000000702400000, 0x0000000702500000|  0%| F|  |TAMS 0x0000000702400000, 0x0000000702400000| Untracked 
|  17|0x0000000702500000, 0x0000000702500000, 0x0000000702600000|  0%| F|  |TAMS 0x0000000702500000, 0x0000000702500000| Untracked 
|  18|0x0000000702600000, 0x0000000702600000, 0x0000000702700000|  0%| F|  |TAMS 0x0000000702600000, 0x0000000702600000| Untracked 
|  19|0x0000000702700000, 0x0000000702700000, 0x0000000702800000|  0%| F|  |TAMS 0x0000000702700000, 0x0000000702700000| Untracked 
|  20|0x0000000702800000, 0x0000000702800000, 0x0000000702900000|  0%| F|  |TAMS 0x0000000702800000, 0x0000000702800000| Untracked 
|  21|0x0000000702900000, 0x0000000702900000, 0x0000000702a00000|  0%| F|  |TAMS 0x0000000702900000, 0x0000000702900000| Untracked 
|  22|0x0000000702a00000, 0x0000000702a00000, 0x0000000702b00000|  0%| F|  |TAMS 0x0000000702a00000, 0x0000000702a00000| Untracked 
|  23|0x0000000702b00000, 0x0000000702b00000, 0x0000000702c00000|  0%| F|  |TAMS 0x0000000702b00000, 0x0000000702b00000| Untracked 
|  24|0x0000000702c00000, 0x0000000702c00000, 0x0000000702d00000|  0%| F|  |TAMS 0x0000000702c00000, 0x0000000702c00000| Untracked 
|  25|0x0000000702d00000, 0x0000000702d00000, 0x0000000702e00000|  0%| F|  |TAMS 0x0000000702d00000, 0x0000000702d00000| Untracked 
|  26|0x0000000702e00000, 0x0000000702e00000, 0x0000000702f00000|  0%| F|  |TAMS 0x0000000702e00000, 0x0000000702e00000| Untracked 
|  27|0x0000000702f00000, 0x0000000702f00000, 0x0000000703000000|  0%| F|  |TAMS 0x0000000702f00000, 0x0000000702f00000| Untracked 
|  28|0x0000000703000000, 0x0000000703000000, 0x0000000703100000|  0%| F|  |TAMS 0x0000000703000000, 0x0000000703000000| Untracked 
|  29|0x0000000703100000, 0x0000000703100000, 0x0000000703200000|  0%| F|  |TAMS 0x0000000703100000, 0x0000000703100000| Untracked 
|  30|0x0000000703200000, 0x0000000703200000, 0x0000000703300000|  0%| F|  |TAMS 0x0000000703200000, 0x0000000703200000| Untracked 
|  31|0x0000000703300000, 0x0000000703300000, 0x0000000703400000|  0%| F|  |TAMS 0x0000000703300000, 0x0000000703300000| Untracked 
|  32|0x0000000703400000, 0x0000000703400000, 0x0000000703500000|  0%| F|  |TAMS 0x0000000703400000, 0x0000000703400000| Untracked 
|  33|0x0000000703500000, 0x0000000703500000, 0x0000000703600000|  0%| F|  |TAMS 0x0000000703500000, 0x0000000703500000| Untracked 
|  34|0x0000000703600000, 0x0000000703600000, 0x0000000703700000|  0%| F|  |TAMS 0x0000000703600000, 0x0000000703600000| Untracked 
|  35|0x0000000703700000, 0x0000000703700000, 0x0000000703800000|  0%| F|  |TAMS 0x0000000703700000, 0x0000000703700000| Untracked 
|  36|0x0000000703800000, 0x0000000703800000, 0x0000000703900000|  0%| F|  |TAMS 0x0000000703800000, 0x0000000703800000| Untracked 
|  37|0x0000000703900000, 0x0000000703900000, 0x0000000703a00000|  0%| F|  |TAMS 0x0000000703900000, 0x0000000703900000| Untracked 
|  38|0x0000000703a00000, 0x0000000703a00000, 0x0000000703b00000|  0%| F|  |TAMS 0x0000000703a00000, 0x0000000703a00000| Untracked 
|  39|0x0000000703b00000, 0x0000000703b00000, 0x0000000703c00000|  0%| F|  |TAMS 0x0000000703b00000, 0x0000000703b00000| Untracked 
|  40|0x0000000703c00000, 0x0000000703c00000, 0x0000000703d00000|  0%| F|  |TAMS 0x0000000703c00000, 0x0000000703c00000| Untracked 
|  41|0x0000000703d00000, 0x0000000703d00000, 0x0000000703e00000|  0%| F|  |TAMS 0x0000000703d00000, 0x0000000703d00000| Untracked 
|  42|0x0000000703e00000, 0x0000000703e00000, 0x0000000703f00000|  0%| F|  |TAMS 0x0000000703e00000, 0x0000000703e00000| Untracked 
|  43|0x0000000703f00000, 0x0000000703f00000, 0x0000000704000000|  0%| F|  |TAMS 0x0000000703f00000, 0x0000000703f00000| Untracked 
|  44|0x0000000704000000, 0x0000000704000000, 0x0000000704100000|  0%| F|  |TAMS 0x0000000704000000, 0x0000000704000000| Untracked 
|  45|0x0000000704100000, 0x0000000704100000, 0x0000000704200000|  0%| F|  |TAMS 0x0000000704100000, 0x0000000704100000| Untracked 
|  46|0x0000000704200000, 0x0000000704200000, 0x0000000704300000|  0%| F|  |TAMS 0x0000000704200000, 0x0000000704200000| Untracked 
|  47|0x0000000704300000, 0x0000000704300000, 0x0000000704400000|  0%| F|  |TAMS 0x0000000704300000, 0x0000000704300000| Untracked 
|  48|0x0000000704400000, 0x0000000704400000, 0x0000000704500000|  0%| F|  |TAMS 0x0000000704400000, 0x0000000704400000| Untracked 
|  49|0x0000000704500000, 0x0000000704500000, 0x0000000704600000|  0%| F|  |TAMS 0x0000000704500000, 0x0000000704500000| Untracked 
|  50|0x0000000704600000, 0x0000000704600000, 0x0000000704700000|  0%| F|  |TAMS 0x0000000704600000, 0x0000000704600000| Untracked 
|  51|0x0000000704700000, 0x0000000704700000, 0x0000000704800000|  0%| F|  |TAMS 0x0000000704700000, 0x0000000704700000| Untracked 
|  52|0x0000000704800000, 0x0000000704800000, 0x0000000704900000|  0%| F|  |TAMS 0x0000000704800000, 0x0000000704800000| Untracked 
|  53|0x0000000704900000, 0x0000000704900000, 0x0000000704a00000|  0%| F|  |TAMS 0x0000000704900000, 0x0000000704900000| Untracked 
|  54|0x0000000704a00000, 0x0000000704a00000, 0x0000000704b00000|  0%| F|  |TAMS 0x0000000704a00000, 0x0000000704a00000| Untracked 
|  55|0x0000000704b00000, 0x0000000704b00000, 0x0000000704c00000|  0%| F|  |TAMS 0x0000000704b00000, 0x0000000704b00000| Untracked 
|  56|0x0000000704c00000, 0x0000000704c00000, 0x0000000704d00000|  0%| F|  |TAMS 0x0000000704c00000, 0x0000000704c00000| Untracked 
|  57|0x0000000704d00000, 0x0000000704d00000, 0x0000000704e00000|  0%| F|  |TAMS 0x0000000704d00000, 0x0000000704d00000| Untracked 
|  58|0x0000000704e00000, 0x0000000704e00000, 0x0000000704f00000|  0%| F|  |TAMS 0x0000000704e00000, 0x0000000704e00000| Untracked 
|  59|0x0000000704f00000, 0x0000000704f00000, 0x0000000705000000|  0%| F|  |TAMS 0x0000000704f00000, 0x0000000704f00000| Untracked 
|  60|0x0000000705000000, 0x0000000705000000, 0x0000000705100000|  0%| F|  |TAMS 0x0000000705000000, 0x0000000705000000| Untracked 
|  61|0x0000000705100000, 0x0000000705100000, 0x0000000705200000|  0%| F|  |TAMS 0x0000000705100000, 0x0000000705100000| Untracked 
|  62|0x0000000705200000, 0x0000000705200000, 0x0000000705300000|  0%| F|  |TAMS 0x0000000705200000, 0x0000000705200000| Untracked 
|  63|0x0000000705300000, 0x0000000705300000, 0x0000000705400000|  0%| F|  |TAMS 0x0000000705300000, 0x0000000705300000| Untracked 
|  64|0x0000000705400000, 0x0000000705400000, 0x0000000705500000|  0%| F|  |TAMS 0x0000000705400000, 0x0000000705400000| Untracked 
|  65|0x0000000705500000, 0x0000000705500000, 0x0000000705600000|  0%| F|  |TAMS 0x0000000705500000, 0x0000000705500000| Untracked 
|  66|0x0000000705600000, 0x0000000705600000, 0x0000000705700000|  0%| F|  |TAMS 0x0000000705600000, 0x0000000705600000| Untracked 
|  67|0x0000000705700000, 0x0000000705700000, 0x0000000705800000|  0%| F|  |TAMS 0x0000000705700000, 0x0000000705700000| Untracked 
|  68|0x0000000705800000, 0x0000000705800000, 0x0000000705900000|  0%| F|  |TAMS 0x0000000705800000, 0x0000000705800000| Untracked 
|  69|0x0000000705900000, 0x0000000705900000, 0x0000000705a00000|  0%| F|  |TAMS 0x0000000705900000, 0x0000000705900000| Untracked 
|  70|0x0000000705a00000, 0x0000000705a00000, 0x0000000705b00000|  0%| F|  |TAMS 0x0000000705a00000, 0x0000000705a00000| Untracked 
|  71|0x0000000705b00000, 0x0000000705b00000, 0x0000000705c00000|  0%| F|  |TAMS 0x0000000705b00000, 0x0000000705b00000| Untracked 
|  72|0x0000000705c00000, 0x0000000705c00000, 0x0000000705d00000|  0%| F|  |TAMS 0x0000000705c00000, 0x0000000705c00000| Untracked 
|  73|0x0000000705d00000, 0x0000000705d00000, 0x0000000705e00000|  0%| F|  |TAMS 0x0000000705d00000, 0x0000000705d00000| Untracked 
|  74|0x0000000705e00000, 0x0000000705e00000, 0x0000000705f00000|  0%| F|  |TAMS 0x0000000705e00000, 0x0000000705e00000| Untracked 
|  75|0x0000000705f00000, 0x0000000705f00000, 0x0000000706000000|  0%| F|  |TAMS 0x0000000705f00000, 0x0000000705f00000| Untracked 
|  76|0x0000000706000000, 0x0000000706000000, 0x0000000706100000|  0%| F|  |TAMS 0x0000000706000000, 0x0000000706000000| Untracked 
|  77|0x0000000706100000, 0x0000000706100000, 0x0000000706200000|  0%| F|  |TAMS 0x0000000706100000, 0x0000000706100000| Untracked 
|  78|0x0000000706200000, 0x0000000706200000, 0x0000000706300000|  0%| F|  |TAMS 0x0000000706200000, 0x0000000706200000| Untracked 
|  79|0x0000000706300000, 0x0000000706300000, 0x0000000706400000|  0%| F|  |TAMS 0x0000000706300000, 0x0000000706300000| Untracked 
|  80|0x0000000706400000, 0x0000000706400000, 0x0000000706500000|  0%| F|  |TAMS 0x0000000706400000, 0x0000000706400000| Untracked 
|  81|0x0000000706500000, 0x0000000706500000, 0x0000000706600000|  0%| F|  |TAMS 0x0000000706500000, 0x0000000706500000| Untracked 
|  82|0x0000000706600000, 0x0000000706600000, 0x0000000706700000|  0%| F|  |TAMS 0x0000000706600000, 0x0000000706600000| Untracked 
|  83|0x0000000706700000, 0x0000000706700000, 0x0000000706800000|  0%| F|  |TAMS 0x0000000706700000, 0x0000000706700000| Untracked 
|  84|0x0000000706800000, 0x0000000706800000, 0x0000000706900000|  0%| F|  |TAMS 0x0000000706800000, 0x0000000706800000| Untracked 
|  85|0x0000000706900000, 0x0000000706900000, 0x0000000706a00000|  0%| F|  |TAMS 0x0000000706900000, 0x0000000706900000| Untracked 
|  86|0x0000000706a00000, 0x0000000706a00000, 0x0000000706b00000|  0%| F|  |TAMS 0x0000000706a00000, 0x0000000706a00000| Untracked 
|  87|0x0000000706b00000, 0x0000000706b00000, 0x0000000706c00000|  0%| F|  |TAMS 0x0000000706b00000, 0x0000000706b00000| Untracked 
|  88|0x0000000706c00000, 0x0000000706c00000, 0x0000000706d00000|  0%| F|  |TAMS 0x0000000706c00000, 0x0000000706c00000| Untracked 
|  89|0x0000000706d00000, 0x0000000706d00000, 0x0000000706e00000|  0%| F|  |TAMS 0x0000000706d00000, 0x0000000706d00000| Untracked 
|  90|0x0000000706e00000, 0x0000000706e00000, 0x0000000706f00000|  0%| F|  |TAMS 0x0000000706e00000, 0x0000000706e00000| Untracked 
|  91|0x0000000706f00000, 0x0000000706f00000, 0x0000000707000000|  0%| F|  |TAMS 0x0000000706f00000, 0x0000000706f00000| Untracked 
|  92|0x0000000707000000, 0x0000000707000000, 0x0000000707100000|  0%| F|  |TAMS 0x0000000707000000, 0x0000000707000000| Untracked 
|  93|0x0000000707100000, 0x0000000707100000, 0x0000000707200000|  0%| F|  |TAMS 0x0000000707100000, 0x0000000707100000| Untracked 
|  94|0x0000000707200000, 0x0000000707200000, 0x0000000707300000|  0%| F|  |TAMS 0x0000000707200000, 0x0000000707200000| Untracked 
|  95|0x0000000707300000, 0x0000000707300000, 0x0000000707400000|  0%| F|  |TAMS 0x0000000707300000, 0x0000000707300000| Untracked 
|  96|0x0000000707400000, 0x0000000707400000, 0x0000000707500000|  0%| F|  |TAMS 0x0000000707400000, 0x0000000707400000| Untracked 
|  97|0x0000000707500000, 0x0000000707500000, 0x0000000707600000|  0%| F|  |TAMS 0x0000000707500000, 0x0000000707500000| Untracked 
|  98|0x0000000707600000, 0x0000000707600000, 0x0000000707700000|  0%| F|  |TAMS 0x0000000707600000, 0x0000000707600000| Untracked 
|  99|0x0000000707700000, 0x0000000707700000, 0x0000000707800000|  0%| F|  |TAMS 0x0000000707700000, 0x0000000707700000| Untracked 
| 100|0x0000000707800000, 0x0000000707800000, 0x0000000707900000|  0%| F|  |TAMS 0x0000000707800000, 0x0000000707800000| Untracked 
| 101|0x0000000707900000, 0x0000000707900000, 0x0000000707a00000|  0%| F|  |TAMS 0x0000000707900000, 0x0000000707900000| Untracked 
| 102|0x0000000707a00000, 0x0000000707a00000, 0x0000000707b00000|  0%| F|  |TAMS 0x0000000707a00000, 0x0000000707a00000| Untracked 
| 103|0x0000000707b00000, 0x0000000707b00000, 0x0000000707c00000|  0%| F|  |TAMS 0x0000000707b00000, 0x0000000707b00000| Untracked 
| 104|0x0000000707c00000, 0x0000000707c00000, 0x0000000707d00000|  0%| F|  |TAMS 0x0000000707c00000, 0x0000000707c00000| Untracked 
| 105|0x0000000707d00000, 0x0000000707d00000, 0x0000000707e00000|  0%| F|  |TAMS 0x0000000707d00000, 0x0000000707d00000| Untracked 
| 106|0x0000000707e00000, 0x0000000707e00000, 0x0000000707f00000|  0%| F|  |TAMS 0x0000000707e00000, 0x0000000707e00000| Untracked 
| 107|0x0000000707f00000, 0x0000000707f00000, 0x0000000708000000|  0%| F|  |TAMS 0x0000000707f00000, 0x0000000707f00000| Untracked 
| 108|0x0000000708000000, 0x0000000708000000, 0x0000000708100000|  0%| F|  |TAMS 0x0000000708000000, 0x0000000708000000| Untracked 
| 109|0x0000000708100000, 0x0000000708100000, 0x0000000708200000|  0%| F|  |TAMS 0x0000000708100000, 0x0000000708100000| Untracked 
| 110|0x0000000708200000, 0x0000000708200000, 0x0000000708300000|  0%| F|  |TAMS 0x0000000708200000, 0x0000000708200000| Untracked 
| 111|0x0000000708300000, 0x0000000708300000, 0x0000000708400000|  0%| F|  |TAMS 0x0000000708300000, 0x0000000708300000| Untracked 
| 112|0x0000000708400000, 0x0000000708400000, 0x0000000708500000|  0%| F|  |TAMS 0x0000000708400000, 0x0000000708400000| Untracked 
| 113|0x0000000708500000, 0x0000000708500000, 0x0000000708600000|  0%| F|  |TAMS 0x0000000708500000, 0x0000000708500000| Untracked 
| 114|0x0000000708600000, 0x0000000708600000, 0x0000000708700000|  0%| F|  |TAMS 0x0000000708600000, 0x0000000708600000| Untracked 
| 115|0x0000000708700000, 0x0000000708700000, 0x0000000708800000|  0%| F|  |TAMS 0x0000000708700000, 0x0000000708700000| Untracked 
| 116|0x0000000708800000, 0x0000000708800000, 0x0000000708900000|  0%| F|  |TAMS 0x0000000708800000, 0x0000000708800000| Untracked 
| 117|0x0000000708900000, 0x0000000708900000, 0x0000000708a00000|  0%| F|  |TAMS 0x0000000708900000, 0x0000000708900000| Untracked 
| 118|0x0000000708a00000, 0x0000000708a00000, 0x0000000708b00000|  0%| F|  |TAMS 0x0000000708a00000, 0x0000000708a00000| Untracked 
| 119|0x0000000708b00000, 0x0000000708b00000, 0x0000000708c00000|  0%| F|  |TAMS 0x0000000708b00000, 0x0000000708b00000| Untracked 
| 120|0x0000000708c00000, 0x0000000708c00000, 0x0000000708d00000|  0%| F|  |TAMS 0x0000000708c00000, 0x0000000708c00000| Untracked 
| 121|0x0000000708d00000, 0x0000000708d00000, 0x0000000708e00000|  0%| F|  |TAMS 0x0000000708d00000, 0x0000000708d00000| Untracked 
| 122|0x0000000708e00000, 0x0000000708e00000, 0x0000000708f00000|  0%| F|  |TAMS 0x0000000708e00000, 0x0000000708e00000| Untracked 
| 123|0x0000000708f00000, 0x0000000708f00000, 0x0000000709000000|  0%| F|  |TAMS 0x0000000708f00000, 0x0000000708f00000| Untracked 
| 124|0x0000000709000000, 0x0000000709000000, 0x0000000709100000|  0%| F|  |TAMS 0x0000000709000000, 0x0000000709000000| Untracked 
| 125|0x0000000709100000, 0x0000000709100000, 0x0000000709200000|  0%| F|  |TAMS 0x0000000709100000, 0x0000000709100000| Untracked 
| 126|0x0000000709200000, 0x0000000709200000, 0x0000000709300000|  0%| F|  |TAMS 0x0000000709200000, 0x0000000709200000| Untracked 
| 127|0x0000000709300000, 0x0000000709300000, 0x0000000709400000|  0%| F|  |TAMS 0x0000000709300000, 0x0000000709300000| Untracked 
| 128|0x0000000709400000, 0x0000000709400000, 0x0000000709500000|  0%| F|  |TAMS 0x0000000709400000, 0x0000000709400000| Untracked 
| 129|0x0000000709500000, 0x0000000709500000, 0x0000000709600000|  0%| F|  |TAMS 0x0000000709500000, 0x0000000709500000| Untracked 
| 130|0x0000000709600000, 0x0000000709600000, 0x0000000709700000|  0%| F|  |TAMS 0x0000000709600000, 0x0000000709600000| Untracked 
| 131|0x0000000709700000, 0x0000000709700000, 0x0000000709800000|  0%| F|  |TAMS 0x0000000709700000, 0x0000000709700000| Untracked 
| 132|0x0000000709800000, 0x0000000709800000, 0x0000000709900000|  0%| F|  |TAMS 0x0000000709800000, 0x0000000709800000| Untracked 
| 133|0x0000000709900000, 0x0000000709900000, 0x0000000709a00000|  0%| F|  |TAMS 0x0000000709900000, 0x0000000709900000| Untracked 
| 134|0x0000000709a00000, 0x0000000709a00000, 0x0000000709b00000|  0%| F|  |TAMS 0x0000000709a00000, 0x0000000709a00000| Untracked 
| 135|0x0000000709b00000, 0x0000000709b00000, 0x0000000709c00000|  0%| F|  |TAMS 0x0000000709b00000, 0x0000000709b00000| Untracked 
| 136|0x0000000709c00000, 0x0000000709c00000, 0x0000000709d00000|  0%| F|  |TAMS 0x0000000709c00000, 0x0000000709c00000| Untracked 
| 137|0x0000000709d00000, 0x0000000709d00000, 0x0000000709e00000|  0%| F|  |TAMS 0x0000000709d00000, 0x0000000709d00000| Untracked 
| 138|0x0000000709e00000, 0x0000000709e00000, 0x0000000709f00000|  0%| F|  |TAMS 0x0000000709e00000, 0x0000000709e00000| Untracked 
| 139|0x0000000709f00000, 0x0000000709f00000, 0x000000070a000000|  0%| F|  |TAMS 0x0000000709f00000, 0x0000000709f00000| Untracked 
| 140|0x000000070a000000, 0x000000070a000000, 0x000000070a100000|  0%| F|  |TAMS 0x000000070a000000, 0x000000070a000000| Untracked 
| 141|0x000000070a100000, 0x000000070a100000, 0x000000070a200000|  0%| F|  |TAMS 0x000000070a100000, 0x000000070a100000| Untracked 
| 142|0x000000070a200000, 0x000000070a200000, 0x000000070a300000|  0%| F|  |TAMS 0x000000070a200000, 0x000000070a200000| Untracked 
| 143|0x000000070a300000, 0x000000070a300000, 0x000000070a400000|  0%| F|  |TAMS 0x000000070a300000, 0x000000070a300000| Untracked 
| 144|0x000000070a400000, 0x000000070a400000, 0x000000070a500000|  0%| F|  |TAMS 0x000000070a400000, 0x000000070a400000| Untracked 
| 145|0x000000070a500000, 0x000000070a500000, 0x000000070a600000|  0%| F|  |TAMS 0x000000070a500000, 0x000000070a500000| Untracked 
| 146|0x000000070a600000, 0x000000070a600000, 0x000000070a700000|  0%| F|  |TAMS 0x000000070a600000, 0x000000070a600000| Untracked 
| 147|0x000000070a700000, 0x000000070a700000, 0x000000070a800000|  0%| F|  |TAMS 0x000000070a700000, 0x000000070a700000| Untracked 
| 148|0x000000070a800000, 0x000000070a800000, 0x000000070a900000|  0%| F|  |TAMS 0x000000070a800000, 0x000000070a800000| Untracked 
| 149|0x000000070a900000, 0x000000070a900000, 0x000000070aa00000|  0%| F|  |TAMS 0x000000070a900000, 0x000000070a900000| Untracked 
| 150|0x000000070aa00000, 0x000000070aa00000, 0x000000070ab00000|  0%| F|  |TAMS 0x000000070aa00000, 0x000000070aa00000| Untracked 
| 151|0x000000070ab00000, 0x000000070ab00000, 0x000000070ac00000|  0%| F|  |TAMS 0x000000070ab00000, 0x000000070ab00000| Untracked 
| 152|0x000000070ac00000, 0x000000070ac00000, 0x000000070ad00000|  0%| F|  |TAMS 0x000000070ac00000, 0x000000070ac00000| Untracked 
| 153|0x000000070ad00000, 0x000000070ad00000, 0x000000070ae00000|  0%| F|  |TAMS 0x000000070ad00000, 0x000000070ad00000| Untracked 
| 154|0x000000070ae00000, 0x000000070ae00000, 0x000000070af00000|  0%| F|  |TAMS 0x000000070ae00000, 0x000000070ae00000| Untracked 
| 155|0x000000070af00000, 0x000000070af00000, 0x000000070b000000|  0%| F|  |TAMS 0x000000070af00000, 0x000000070af00000| Untracked 
| 156|0x000000070b000000, 0x000000070b000000, 0x000000070b100000|  0%| F|  |TAMS 0x000000070b000000, 0x000000070b000000| Untracked 
| 157|0x000000070b100000, 0x000000070b100000, 0x000000070b200000|  0%| F|  |TAMS 0x000000070b100000, 0x000000070b100000| Untracked 
| 158|0x000000070b200000, 0x000000070b200000, 0x000000070b300000|  0%| F|  |TAMS 0x000000070b200000, 0x000000070b200000| Untracked 
| 159|0x000000070b300000, 0x000000070b300000, 0x000000070b400000|  0%| F|  |TAMS 0x000000070b300000, 0x000000070b300000| Untracked 
| 160|0x000000070b400000, 0x000000070b400000, 0x000000070b500000|  0%| F|  |TAMS 0x000000070b400000, 0x000000070b400000| Untracked 
| 161|0x000000070b500000, 0x000000070b500000, 0x000000070b600000|  0%| F|  |TAMS 0x000000070b500000, 0x000000070b500000| Untracked 
| 162|0x000000070b600000, 0x000000070b600000, 0x000000070b700000|  0%| F|  |TAMS 0x000000070b600000, 0x000000070b600000| Untracked 
| 163|0x000000070b700000, 0x000000070b700000, 0x000000070b800000|  0%| F|  |TAMS 0x000000070b700000, 0x000000070b700000| Untracked 
| 164|0x000000070b800000, 0x000000070b800000, 0x000000070b900000|  0%| F|  |TAMS 0x000000070b800000, 0x000000070b800000| Untracked 
| 165|0x000000070b900000, 0x000000070b900000, 0x000000070ba00000|  0%| F|  |TAMS 0x000000070b900000, 0x000000070b900000| Untracked 
| 166|0x000000070ba00000, 0x000000070ba00000, 0x000000070bb00000|  0%| F|  |TAMS 0x000000070ba00000, 0x000000070ba00000| Untracked 
| 167|0x000000070bb00000, 0x000000070bb00000, 0x000000070bc00000|  0%| F|  |TAMS 0x000000070bb00000, 0x000000070bb00000| Untracked 
| 168|0x000000070bc00000, 0x000000070bc00000, 0x000000070bd00000|  0%| F|  |TAMS 0x000000070bc00000, 0x000000070bc00000| Untracked 
| 169|0x000000070bd00000, 0x000000070bd00000, 0x000000070be00000|  0%| F|  |TAMS 0x000000070bd00000, 0x000000070bd00000| Untracked 
| 170|0x000000070be00000, 0x000000070be00000, 0x000000070bf00000|  0%| F|  |TAMS 0x000000070be00000, 0x000000070be00000| Untracked 
| 171|0x000000070bf00000, 0x000000070bf00000, 0x000000070c000000|  0%| F|  |TAMS 0x000000070bf00000, 0x000000070bf00000| Untracked 
| 172|0x000000070c000000, 0x000000070c000000, 0x000000070c100000|  0%| F|  |TAMS 0x000000070c000000, 0x000000070c000000| Untracked 
| 173|0x000000070c100000, 0x000000070c100000, 0x000000070c200000|  0%| F|  |TAMS 0x000000070c100000, 0x000000070c100000| Untracked 
| 174|0x000000070c200000, 0x000000070c200000, 0x000000070c300000|  0%| F|  |TAMS 0x000000070c200000, 0x000000070c200000| Untracked 
| 175|0x000000070c300000, 0x000000070c300000, 0x000000070c400000|  0%| F|  |TAMS 0x000000070c300000, 0x000000070c300000| Untracked 
| 176|0x000000070c400000, 0x000000070c400000, 0x000000070c500000|  0%| F|  |TAMS 0x000000070c400000, 0x000000070c400000| Untracked 
| 177|0x000000070c500000, 0x000000070c500000, 0x000000070c600000|  0%| F|  |TAMS 0x000000070c500000, 0x000000070c500000| Untracked 
| 178|0x000000070c600000, 0x000000070c600000, 0x000000070c700000|  0%| F|  |TAMS 0x000000070c600000, 0x000000070c600000| Untracked 
| 179|0x000000070c700000, 0x000000070c700000, 0x000000070c800000|  0%| F|  |TAMS 0x000000070c700000, 0x000000070c700000| Untracked 
| 180|0x000000070c800000, 0x000000070c800000, 0x000000070c900000|  0%| F|  |TAMS 0x000000070c800000, 0x000000070c800000| Untracked 
| 181|0x000000070c900000, 0x000000070c900000, 0x000000070ca00000|  0%| F|  |TAMS 0x000000070c900000, 0x000000070c900000| Untracked 
| 182|0x000000070ca00000, 0x000000070ca00000, 0x000000070cb00000|  0%| F|  |TAMS 0x000000070ca00000, 0x000000070ca00000| Untracked 
| 183|0x000000070cb00000, 0x000000070cb00000, 0x000000070cc00000|  0%| F|  |TAMS 0x000000070cb00000, 0x000000070cb00000| Untracked 
| 184|0x000000070cc00000, 0x000000070cc00000, 0x000000070cd00000|  0%| F|  |TAMS 0x000000070cc00000, 0x000000070cc00000| Untracked 
| 185|0x000000070cd00000, 0x000000070cd00000, 0x000000070ce00000|  0%| F|  |TAMS 0x000000070cd00000, 0x000000070cd00000| Untracked 
| 186|0x000000070ce00000, 0x000000070ce00000, 0x000000070cf00000|  0%| F|  |TAMS 0x000000070ce00000, 0x000000070ce00000| Untracked 
| 187|0x000000070cf00000, 0x000000070cf00000, 0x000000070d000000|  0%| F|  |TAMS 0x000000070cf00000, 0x000000070cf00000| Untracked 
| 188|0x000000070d000000, 0x000000070d000000, 0x000000070d100000|  0%| F|  |TAMS 0x000000070d000000, 0x000000070d000000| Untracked 
| 189|0x000000070d100000, 0x000000070d100000, 0x000000070d200000|  0%| F|  |TAMS 0x000000070d100000, 0x000000070d100000| Untracked 
| 190|0x000000070d200000, 0x000000070d200000, 0x000000070d300000|  0%| F|  |TAMS 0x000000070d200000, 0x000000070d200000| Untracked 
| 191|0x000000070d300000, 0x000000070d300000, 0x000000070d400000|  0%| F|  |TAMS 0x000000070d300000, 0x000000070d300000| Untracked 
| 192|0x000000070d400000, 0x000000070d400000, 0x000000070d500000|  0%| F|  |TAMS 0x000000070d400000, 0x000000070d400000| Untracked 
| 193|0x000000070d500000, 0x000000070d500000, 0x000000070d600000|  0%| F|  |TAMS 0x000000070d500000, 0x000000070d500000| Untracked 
| 194|0x000000070d600000, 0x000000070d600000, 0x000000070d700000|  0%| F|  |TAMS 0x000000070d600000, 0x000000070d600000| Untracked 
| 195|0x000000070d700000, 0x000000070d700000, 0x000000070d800000|  0%| F|  |TAMS 0x000000070d700000, 0x000000070d700000| Untracked 
| 196|0x000000070d800000, 0x000000070d800000, 0x000000070d900000|  0%| F|  |TAMS 0x000000070d800000, 0x000000070d800000| Untracked 
| 197|0x000000070d900000, 0x000000070d900000, 0x000000070da00000|  0%| F|  |TAMS 0x000000070d900000, 0x000000070d900000| Untracked 
| 198|0x000000070da00000, 0x000000070da00000, 0x000000070db00000|  0%| F|  |TAMS 0x000000070da00000, 0x000000070da00000| Untracked 
| 199|0x000000070db00000, 0x000000070db00000, 0x000000070dc00000|  0%| F|  |TAMS 0x000000070db00000, 0x000000070db00000| Untracked 
| 200|0x000000070dc00000, 0x000000070dc00000, 0x000000070dd00000|  0%| F|  |TAMS 0x000000070dc00000, 0x000000070dc00000| Untracked 
| 201|0x000000070dd00000, 0x000000070dd00000, 0x000000070de00000|  0%| F|  |TAMS 0x000000070dd00000, 0x000000070dd00000| Untracked 
| 202|0x000000070de00000, 0x000000070de00000, 0x000000070df00000|  0%| F|  |TAMS 0x000000070de00000, 0x000000070de00000| Untracked 
| 203|0x000000070df00000, 0x000000070df00000, 0x000000070e000000|  0%| F|  |TAMS 0x000000070df00000, 0x000000070df00000| Untracked 
| 204|0x000000070e000000, 0x000000070e000000, 0x000000070e100000|  0%| F|  |TAMS 0x000000070e000000, 0x000000070e000000| Untracked 
| 205|0x000000070e100000, 0x000000070e100000, 0x000000070e200000|  0%| F|  |TAMS 0x000000070e100000, 0x000000070e100000| Untracked 
| 206|0x000000070e200000, 0x000000070e200000, 0x000000070e300000|  0%| F|  |TAMS 0x000000070e200000, 0x000000070e200000| Untracked 
| 207|0x000000070e300000, 0x000000070e300000, 0x000000070e400000|  0%| F|  |TAMS 0x000000070e300000, 0x000000070e300000| Untracked 
| 208|0x000000070e400000, 0x000000070e400000, 0x000000070e500000|  0%| F|  |TAMS 0x000000070e400000, 0x000000070e400000| Untracked 
| 209|0x000000070e500000, 0x000000070e500000, 0x000000070e600000|  0%| F|  |TAMS 0x000000070e500000, 0x000000070e500000| Untracked 
| 210|0x000000070e600000, 0x000000070e600000, 0x000000070e700000|  0%| F|  |TAMS 0x000000070e600000, 0x000000070e600000| Untracked 
| 211|0x000000070e700000, 0x000000070e700000, 0x000000070e800000|  0%| F|  |TAMS 0x000000070e700000, 0x000000070e700000| Untracked 
| 212|0x000000070e800000, 0x000000070e800000, 0x000000070e900000|  0%| F|  |TAMS 0x000000070e800000, 0x000000070e800000| Untracked 
| 213|0x000000070e900000, 0x000000070e900000, 0x000000070ea00000|  0%| F|  |TAMS 0x000000070e900000, 0x000000070e900000| Untracked 
| 214|0x000000070ea00000, 0x000000070ea00000, 0x000000070eb00000|  0%| F|  |TAMS 0x000000070ea00000, 0x000000070ea00000| Untracked 
| 215|0x000000070eb00000, 0x000000070eb00000, 0x000000070ec00000|  0%| F|  |TAMS 0x000000070eb00000, 0x000000070eb00000| Untracked 
| 216|0x000000070ec00000, 0x000000070ec00000, 0x000000070ed00000|  0%| F|  |TAMS 0x000000070ec00000, 0x000000070ec00000| Untracked 
| 217|0x000000070ed00000, 0x000000070ed00000, 0x000000070ee00000|  0%| F|  |TAMS 0x000000070ed00000, 0x000000070ed00000| Untracked 
| 218|0x000000070ee00000, 0x000000070ee00000, 0x000000070ef00000|  0%| F|  |TAMS 0x000000070ee00000, 0x000000070ee00000| Untracked 
| 219|0x000000070ef00000, 0x000000070ef00000, 0x000000070f000000|  0%| F|  |TAMS 0x000000070ef00000, 0x000000070ef00000| Untracked 
| 220|0x000000070f000000, 0x000000070f000000, 0x000000070f100000|  0%| F|  |TAMS 0x000000070f000000, 0x000000070f000000| Untracked 
| 221|0x000000070f100000, 0x000000070f100000, 0x000000070f200000|  0%| F|  |TAMS 0x000000070f100000, 0x000000070f100000| Untracked 
| 222|0x000000070f200000, 0x000000070f200000, 0x000000070f300000|  0%| F|  |TAMS 0x000000070f200000, 0x000000070f200000| Untracked 
| 223|0x000000070f300000, 0x000000070f300000, 0x000000070f400000|  0%| F|  |TAMS 0x000000070f300000, 0x000000070f300000| Untracked 
| 224|0x000000070f400000, 0x000000070f400000, 0x000000070f500000|  0%| F|  |TAMS 0x000000070f400000, 0x000000070f400000| Untracked 
| 225|0x000000070f500000, 0x000000070f500000, 0x000000070f600000|  0%| F|  |TAMS 0x000000070f500000, 0x000000070f500000| Untracked 
| 226|0x000000070f600000, 0x000000070f600000, 0x000000070f700000|  0%| F|  |TAMS 0x000000070f600000, 0x000000070f600000| Untracked 
| 227|0x000000070f700000, 0x000000070f700000, 0x000000070f800000|  0%| F|  |TAMS 0x000000070f700000, 0x000000070f700000| Untracked 
| 228|0x000000070f800000, 0x000000070f800000, 0x000000070f900000|  0%| F|  |TAMS 0x000000070f800000, 0x000000070f800000| Untracked 
| 229|0x000000070f900000, 0x000000070f900000, 0x000000070fa00000|  0%| F|  |TAMS 0x000000070f900000, 0x000000070f900000| Untracked 
| 230|0x000000070fa00000, 0x000000070fa00000, 0x000000070fb00000|  0%| F|  |TAMS 0x000000070fa00000, 0x000000070fa00000| Untracked 
| 231|0x000000070fb00000, 0x000000070fb00000, 0x000000070fc00000|  0%| F|  |TAMS 0x000000070fb00000, 0x000000070fb00000| Untracked 
| 232|0x000000070fc00000, 0x000000070fc00000, 0x000000070fd00000|  0%| F|  |TAMS 0x000000070fc00000, 0x000000070fc00000| Untracked 
| 233|0x000000070fd00000, 0x000000070fd00000, 0x000000070fe00000|  0%| F|  |TAMS 0x000000070fd00000, 0x000000070fd00000| Untracked 
| 234|0x000000070fe00000, 0x000000070fe00000, 0x000000070ff00000|  0%| F|  |TAMS 0x000000070fe00000, 0x000000070fe00000| Untracked 
| 235|0x000000070ff00000, 0x000000070ff00000, 0x0000000710000000|  0%| F|  |TAMS 0x000000070ff00000, 0x000000070ff00000| Untracked 
| 236|0x0000000710000000, 0x0000000710000000, 0x0000000710100000|  0%| F|  |TAMS 0x0000000710000000, 0x0000000710000000| Untracked 
| 237|0x0000000710100000, 0x0000000710100000, 0x0000000710200000|  0%| F|  |TAMS 0x0000000710100000, 0x0000000710100000| Untracked 
| 238|0x0000000710200000, 0x0000000710200000, 0x0000000710300000|  0%| F|  |TAMS 0x0000000710200000, 0x0000000710200000| Untracked 
| 239|0x0000000710300000, 0x0000000710300000, 0x0000000710400000|  0%| F|  |TAMS 0x0000000710300000, 0x0000000710300000| Untracked 
| 240|0x0000000710400000, 0x0000000710400000, 0x0000000710500000|  0%| F|  |TAMS 0x0000000710400000, 0x0000000710400000| Untracked 
| 241|0x0000000710500000, 0x0000000710500000, 0x0000000710600000|  0%| F|  |TAMS 0x0000000710500000, 0x0000000710500000| Untracked 
| 242|0x0000000710600000, 0x0000000710600000, 0x0000000710700000|  0%| F|  |TAMS 0x0000000710600000, 0x0000000710600000| Untracked 
| 243|0x0000000710700000, 0x0000000710700000, 0x0000000710800000|  0%| F|  |TAMS 0x0000000710700000, 0x0000000710700000| Untracked 
| 244|0x0000000710800000, 0x0000000710800000, 0x0000000710900000|  0%| F|  |TAMS 0x0000000710800000, 0x0000000710800000| Untracked 
| 245|0x0000000710900000, 0x0000000710900000, 0x0000000710a00000|  0%| F|  |TAMS 0x0000000710900000, 0x0000000710900000| Untracked 
| 246|0x0000000710a00000, 0x0000000710a00000, 0x0000000710b00000|  0%| F|  |TAMS 0x0000000710a00000, 0x0000000710a00000| Untracked 
| 247|0x0000000710b00000, 0x0000000710b00000, 0x0000000710c00000|  0%| F|  |TAMS 0x0000000710b00000, 0x0000000710b00000| Untracked 
| 248|0x0000000710c00000, 0x0000000710c00000, 0x0000000710d00000|  0%| F|  |TAMS 0x0000000710c00000, 0x0000000710c00000| Untracked 
| 249|0x0000000710d00000, 0x0000000710df6f80, 0x0000000710e00000| 96%| E|  |TAMS 0x0000000710d00000, 0x0000000710d00000| Complete 
| 250|0x0000000710e00000, 0x0000000710f00000, 0x0000000710f00000|100%| E|CS|TAMS 0x0000000710e00000, 0x0000000710e00000| Complete 
| 251|0x0000000710f00000, 0x0000000711000000, 0x0000000711000000|100%| E|CS|TAMS 0x0000000710f00000, 0x0000000710f00000| Complete 
| 252|0x0000000711000000, 0x0000000711100000, 0x0000000711100000|100%| E|CS|TAMS 0x0000000711000000, 0x0000000711000000| Complete 
| 253|0x0000000711100000, 0x0000000711200000, 0x0000000711200000|100%| E|CS|TAMS 0x0000000711100000, 0x0000000711100000| Complete 
| 254|0x0000000711200000, 0x0000000711300000, 0x0000000711300000|100%| E|CS|TAMS 0x0000000711200000, 0x0000000711200000| Complete 
| 255|0x0000000711300000, 0x0000000711400000, 0x0000000711400000|100%| E|CS|TAMS 0x0000000711300000, 0x0000000711300000| Complete 

Card table byte_map: [0x0000012e7cb60000,0x0000012e7d360000] _byte_map_base: 0x0000012e79356000

Marking Bits (Prev, Next): (CMBitMap*) 0x0000012e7b1e9528, (CMBitMap*) 0x0000012e7b1e9568
 Prev Bits: [0x0000012e17430000, 0x0000012e1b3e0000)
 Next Bits: [0x0000012e1b3e0000, 0x0000012e1f390000)

Polling page: 0x0000012e79960000

Metaspace:

Usage:
  Non-class:      6.71 MB capacity,     6.54 MB ( 97%) used,   155.15 KB (  2%) free+waste,    19.94 KB ( <1%) overhead. 
      Class:    941.00 KB capacity,   834.27 KB ( 89%) used,    93.48 KB ( 10%) free+waste,    13.25 KB (  1%) overhead. 
       Both:      7.63 MB capacity,     7.36 MB ( 96%) used,   248.63 KB (  3%) free+waste,    33.19 KB ( <1%) overhead. 

Virtual space:
  Non-class space:        8.00 MB reserved,       6.75 MB ( 84%) committed 
      Class space:        1.00 GB reserved,       1.00 MB ( <1%) committed 
             Both:        1.01 GB reserved,       7.75 MB ( <1%) committed 

Chunk freelists:
   Non-Class:  38.00 KB
       Class:  19.00 KB
        Both:  57.00 KB

MaxMetaspaceSize: 17179869184.00 GB
CompressedClassSpaceSize: 1.00 GB

CodeHeap 'non-profiled nmethods': size=119168Kb used=228Kb max_used=228Kb free=118939Kb
 bounds [0x0000012e0ffd0000, 0x0000012e10240000, 0x0000012e17430000]
CodeHeap 'profiled nmethods': size=119104Kb used=1415Kb max_used=1415Kb free=117689Kb
 bounds [0x0000012e08b80000, 0x0000012e08df0000, 0x0000012e0ffd0000]
CodeHeap 'non-nmethods': size=7488Kb used=1280Kb max_used=1855Kb free=6207Kb
 bounds [0x0000012e08430000, 0x0000012e086a0000, 0x0000012e08b80000]
 total_blobs=1779 nmethods=839 adapters=472
 compilation: enabled
              stopped_count=0, restarted_count=0
 full_count=0

Compilation events (20 events):
Event: 1.857 Thread 0x0000012e209f2000 nmethod 831 0x0000012e08cdc910 code [0x0000012e08cdcac0, 0x0000012e08cdcc98]
Event: 1.881 Thread 0x0000012e209f2000  832   !   3       sun.awt.AWTAutoShutdown::setToolkitBusy (124 bytes)
Event: 1.881 Thread 0x0000012e209f2000 nmethod 832 0x0000012e08cdcd10 code [0x0000012e08cdcf20, 0x0000012e08cdd750]
Event: 4.653 Thread 0x0000012e209f2000  833       3       java.util.concurrent.locks.ReentrantLock$NonfairSync::tryAcquire (6 bytes)
Event: 4.653 Thread 0x0000012e209f2000 nmethod 833 0x0000012e08cdda90 code [0x0000012e08cddc40, 0x0000012e08cdddf0]
Event: 4.653 Thread 0x0000012e209f2000  834       3       java.util.concurrent.locks.ReentrantLock$Sync::nonfairTryAcquire (67 bytes)
Event: 4.654 Thread 0x0000012e209f2000 nmethod 834 0x0000012e08cdde90 code [0x0000012e08cde0e0, 0x0000012e08cdeab0]
Event: 4.654 Thread 0x0000012e209f2000  835       3       java.util.concurrent.locks.AbstractQueuedSynchronizer::release (33 bytes)
Event: 4.654 Thread 0x0000012e209f2000 nmethod 835 0x0000012e08cded90 code [0x0000012e08cdef60, 0x0000012e08cdf2c0]
Event: 4.654 Thread 0x0000012e209f2000  836       3       java.util.concurrent.locks.ReentrantLock$Sync::tryRelease (45 bytes)
Event: 4.654 Thread 0x0000012e209f2000 nmethod 836 0x0000012e08cdf390 code [0x0000012e08cdf560, 0x0000012e08cdf8f0]
Event: 4.654 Thread 0x0000012e209f2000  837       3       java.util.concurrent.locks.AbstractQueuedSynchronizer::compareAndSetState (10 bytes)
Event: 4.654 Thread 0x0000012e209f2000 nmethod 837 0x0000012e08cdfa10 code [0x0000012e08cdfc20, 0x0000012e08ce0280]
Event: 4.663 Thread 0x0000012e209f2000  838       3       java.util.concurrent.locks.ReentrantLock::lock (9 bytes)
Event: 4.663 Thread 0x0000012e209f2000 nmethod 838 0x0000012e08ce0490 code [0x0000012e08ce0680, 0x0000012e08ce0b80]
Event: 4.663 Thread 0x0000012e209f2000  839       3       java.util.concurrent.locks.AbstractQueuedSynchronizer::acquire (27 bytes)
Event: 4.664 Thread 0x0000012e209f2000 nmethod 839 0x0000012e08ce0d10 code [0x0000012e08ce0f00, 0x0000012e08ce1380]
Event: 4.664 Thread 0x0000012e209f2000  840       3       java.util.concurrent.locks.ReentrantLock::unlock (10 bytes)
Event: 4.664 Thread 0x0000012e209f2000 nmethod 840 0x0000012e08ce1510 code [0x0000012e08ce16e0, 0x0000012e08ce1aa0]
Event: 564.365 Thread 0x0000012e209e4000  841       4       jdk.internal.org.objectweb.asm.SymbolTable::put (150 bytes)

GC Heap History (0 events):
No events

Deoptimization events (20 events):
Event: 0.410 Thread 0x0000012e7b179000 Uncommon trap: trap_request=0xffffff45 fr.pc=0x0000012e0ffd7888 relative=0x0000000000000068
Event: 0.411 Thread 0x0000012e7b179000 Uncommon trap: reason=unstable_if action=reinterpret pc=0x0000012e0ffd7888 method=java.lang.String.isLatin1()Z @ 10 c2
Event: 0.411 Thread 0x0000012e7b179000 DEOPT PACKING pc=0x0000012e0ffd7888 sp=0x0000001b869fd190
Event: 0.411 Thread 0x0000012e7b179000 DEOPT UNPACKING pc=0x0000012e0847912f sp=0x0000001b869fd120 mode 2
Event: 0.472 Thread 0x0000012e7b179000 Uncommon trap: trap_request=0xffffffde fr.pc=0x0000012e10002604 relative=0x0000000000000344
Event: 0.472 Thread 0x0000012e7b179000 Uncommon trap: reason=class_check action=maybe_recompile pc=0x0000012e10002604 method=java.util.HashMap.getNode(ILjava/lang/Object;)Ljava/util/HashMap$Node; @ 59 c2
Event: 0.472 Thread 0x0000012e7b179000 DEOPT PACKING pc=0x0000012e10002604 sp=0x0000001b869fe4f0
Event: 0.472 Thread 0x0000012e7b179000 DEOPT UNPACKING pc=0x0000012e0847912f sp=0x0000001b869fe468 mode 2
Event: 0.480 Thread 0x0000012e7b179000 Uncommon trap: trap_request=0xffffffde fr.pc=0x0000012e10002604 relative=0x0000000000000344
Event: 0.480 Thread 0x0000012e7b179000 Uncommon trap: reason=class_check action=maybe_recompile pc=0x0000012e10002604 method=java.util.HashMap.getNode(ILjava/lang/Object;)Ljava/util/HashMap$Node; @ 59 c2
Event: 0.480 Thread 0x0000012e7b179000 DEOPT PACKING pc=0x0000012e10002604 sp=0x0000001b869fe5c0
Event: 0.480 Thread 0x0000012e7b179000 DEOPT UNPACKING pc=0x0000012e0847912f sp=0x0000001b869fe538 mode 2
Event: 0.480 Thread 0x0000012e7b179000 Uncommon trap: trap_request=0xffffffde fr.pc=0x0000012e10002604 relative=0x0000000000000344
Event: 0.480 Thread 0x0000012e7b179000 Uncommon trap: reason=class_check action=maybe_recompile pc=0x0000012e10002604 method=java.util.HashMap.getNode(ILjava/lang/Object;)Ljava/util/HashMap$Node; @ 59 c2
Event: 0.480 Thread 0x0000012e7b179000 DEOPT PACKING pc=0x0000012e10002604 sp=0x0000001b869fe5c0
Event: 0.480 Thread 0x0000012e7b179000 DEOPT UNPACKING pc=0x0000012e0847912f sp=0x0000001b869fe538 mode 2
Event: 0.480 Thread 0x0000012e7b179000 Uncommon trap: trap_request=0xffffffde fr.pc=0x0000012e10002604 relative=0x0000000000000344
Event: 0.480 Thread 0x0000012e7b179000 Uncommon trap: reason=class_check action=maybe_recompile pc=0x0000012e10002604 method=java.util.HashMap.getNode(ILjava/lang/Object;)Ljava/util/HashMap$Node; @ 59 c2
Event: 0.480 Thread 0x0000012e7b179000 DEOPT PACKING pc=0x0000012e10002604 sp=0x0000001b869fe4f0
Event: 0.480 Thread 0x0000012e7b179000 DEOPT UNPACKING pc=0x0000012e0847912f sp=0x0000001b869fe468 mode 2

Classes unloaded (0 events):
No events

Classes redefined (0 events):
No events

Internal exceptions (16 events):
Event: 0.064 Thread 0x0000012e7b179000 Exception <a 'java/lang/NoSuchMethodError'{0x00000007113aa138}: 'int java.lang.invoke.DirectMethodHandle$Holder.invokeSpecial(java.lang.Object, java.lang.Object, java.lang.Object, java.lang.Object)'> (0x00000007113aa138) 
thrown [t:/workspace/open/src/hotspot/share/interpreter/linkResolver.cpp, line 767]
Event: 0.066 Thread 0x0000012e7b179000 Exception <a 'java/lang/NoSuchMethodError'{0x00000007113b1f40}: 'void java.lang.invoke.DirectMethodHandle$Holder.invokeVirtual(java.lang.Object, java.lang.Object)'> (0x00000007113b1f40) 
thrown [t:/workspace/open/src/hotspot/share/interpreter/linkResolver.cpp, line 767]
Event: 0.108 Thread 0x0000012e7b179000 Exception <a 'java/lang/ClassNotFoundException'{0x00000007112a8790}: sun/awt/resources/spi/awtProvider> (0x00000007112a8790) 
thrown [t:/workspace/open/src/hotspot/share/classfile/systemDictionary.cpp, line 232]
Event: 0.130 Thread 0x0000012e7b179000 Exception <a 'java/io/FileNotFoundException'{0x00000007112f9d40}> (0x00000007112f9d40) 
thrown [t:/workspace/open/src/hotspot/share/prims/jni.cpp, line 598]
Event: 0.136 Thread 0x0000012e7b179000 Exception <a 'java/io/FileNotFoundException'{0x0000000711120e38}> (0x0000000711120e38) 
thrown [t:/workspace/open/src/hotspot/share/prims/jni.cpp, line 598]
Event: 0.143 Thread 0x0000012e7b179000 Exception <a 'sun/nio/fs/WindowsException'{0x000000071112f690}> (0x000000071112f690) 
thrown [t:/workspace/open/src/hotspot/share/prims/jni.cpp, line 598]
Event: 0.192 Thread 0x0000012e20fbf000 Exception <a 'java/lang/NoSuchMethodError'{0x00000007111802b8}: 'void java.lang.invoke.DirectMethodHandle$Holder.invokeSpecial(java.lang.Object, java.lang.Object)'> (0x00000007111802b8) 
thrown [t:/workspace/open/src/hotspot/share/interpreter/linkResolver.cpp, line 767]
Event: 0.331 Thread 0x0000012e7b179000 Exception <a 'java/lang/NoSuchMethodError'{0x0000000711056f90}: 'java.lang.Object java.lang.invoke.DirectMethodHandle$Holder.invokeStatic(java.lang.Object, int, java.lang.Object, java.lang.Object, java.lang.Object, java.lang.Object)'> (0x0000000711056f90) 
thrown [t:/workspace/open/src/hotspot/share/interpreter/linkResolver.cpp, line 767]
Event: 0.332 Thread 0x0000012e7b179000 Exception <a 'java/lang/NoSuchMethodError'{0x000000071105d8f0}: 'java.lang.Object java.lang.invoke.DirectMethodHandle$Holder.invokeStatic(java.lang.Object, int, java.lang.Object, java.lang.Object, java.lang.Object)'> (0x000000071105d8f0) 
thrown [t:/workspace/open/src/hotspot/share/interpreter/linkResolver.cpp, line 767]
Event: 0.332 Thread 0x0000012e7b179000 Exception <a 'java/lang/NoSuchMethodError'{0x0000000711061158}: 'java.lang.Object java.lang.invoke.DirectMethodHandle$Holder.invokeSpecial(java.lang.Object, java.lang.Object, int, java.lang.Object, java.lang.Object, java.lang.Object)'> (0x0000000711061158) 
thrown [t:/workspace/open/src/hotspot/share/interpreter/linkResolver.cpp, line 767]
Event: 0.334 Thread 0x0000012e7b179000 Exception <a 'java/lang/NoSuchMethodError'{0x00000007110773e0}: 'java.lang.Object java.lang.invoke.DirectMethodHandle$Holder.invokeStatic(java.lang.Object, int, java.lang.Object)'> (0x00000007110773e0) 
thrown [t:/workspace/open/src/hotspot/share/interpreter/linkResolver.cpp, line 767]
Event: 0.351 Thread 0x0000012e7b179000 Exception <a 'java/lang/ClassNotFoundException'{0x0000000710f1e458}: com/sun/swing/internal/plaf/metal/resources/spi/metalProvider> (0x0000000710f1e458) 
thrown [t:/workspace/open/src/hotspot/share/classfile/systemDictionary.cpp, line 232]
Event: 0.352 Thread 0x0000012e7b179000 Exception <a 'java/lang/ClassNotFoundException'{0x0000000710f22500}: com/sun/swing/internal/plaf/basic/resources/spi/basicProvider> (0x0000000710f22500) 
thrown [t:/workspace/open/src/hotspot/share/classfile/systemDictionary.cpp, line 232]
Event: 0.397 Thread 0x0000012e7b179000 Exception <a 'java/lang/NoSuchMethodError'{0x0000000710f86ea0}: 'void java.lang.invoke.DirectMethodHandle$Holder.invokeStaticInit(java.lang.Object)'> (0x0000000710f86ea0) 
thrown [t:/workspace/open/src/hotspot/share/interpreter/linkResolver.cpp, line 767]
Event: 0.424 Thread 0x0000012e7b179000 Exception <a 'java/lang/NoSuchMethodError'{0x0000000710fdd750}: 'java.lang.Object java.lang.invoke.Invokers$Holder.linkToTargetMethod(java.lang.Object, int, java.lang.Object)'> (0x0000000710fdd750) 
thrown [t:/workspace/open/src/hotspot/share/interpreter/linkResolver.cpp, line 767]
Event: 0.428 Thread 0x0000012e7b179000 Exception <a 'sun/nio/fs/WindowsException'{0x0000000710fe3008}> (0x0000000710fe3008) 
thrown [t:/workspace/open/src/hotspot/share/prims/jni.cpp, line 598]

Events (20 events):
Event: 1.768 loading class java/awt/event/MouseEvent$1 done
Event: 1.769 loading class java/awt/Cursor$CursorDisposer
Event: 1.769 loading class java/awt/Cursor$CursorDisposer done
Event: 1.770 loading class java/awt/Container$MouseEventTargetFilter
Event: 1.770 loading class java/awt/Container$EventTargetFilter
Event: 1.770 loading class java/awt/Container$EventTargetFilter done
Event: 1.770 loading class java/awt/Container$MouseEventTargetFilter done
Event: 1.770 loading class java/awt/LightweightDispatcher$1
Event: 1.770 loading class java/awt/LightweightDispatcher$1 done
Event: 1.770 loading class java/awt/event/MouseWheelEvent
Event: 1.770 loading class java/awt/event/MouseWheelEvent done
Event: 1.771 Thread 0x0000012e20b71000 Thread exited: 0x0000012e20b71000
Event: 1.889 loading class java/awt/LightweightDispatcher$2
Event: 1.889 loading class java/awt/LightweightDispatcher$2 done
Event: 4.653 Executing VM operation: RevokeBias
Event: 4.653 Executing VM operation: RevokeBias done
Event: 4.653 loading class java/awt/KeyboardFocusManager$2
Event: 4.653 loading class java/awt/KeyboardFocusManager$2 done
Event: 4.653 loading class sun/awt/SunToolkit$1
Event: 4.653 loading class sun/awt/SunToolkit$1 done


Dynamic libraries:
0x00007ff627830000 - 0x00007ff62783f000 	C:\Program Files\Java\jdk-13.0.2\bin\javaw.exe
0x00007ff80bd90000 - 0x00007ff80bf86000 	C:\WINDOWS\SYSTEM32\ntdll.dll
0x00007ff80b940000 - 0x00007ff80b9fd000 	C:\WINDOWS\System32\KERNEL32.DLL
0x00007ff809990000 - 0x00007ff809c58000 	C:\WINDOWS\System32\KERNELBASE.dll
0x00007ff8096e0000 - 0x00007ff8097e0000 	C:\WINDOWS\System32\ucrtbase.dll
0x00007ff804940000 - 0x00007ff804958000 	C:\Program Files\Java\jdk-13.0.2\bin\jli.dll
0x00007ffffb350000 - 0x00007ffffb365000 	C:\Program Files\Java\jdk-13.0.2\bin\VCRUNTIME140.dll
0x00007ff80b760000 - 0x00007ff80b80c000 	C:\WINDOWS\System32\ADVAPI32.dll
0x00007ff80b300000 - 0x00007ff80b39e000 	C:\WINDOWS\System32\msvcrt.dll
0x00007ff80b240000 - 0x00007ff80b2db000 	C:\WINDOWS\System32\sechost.dll
0x00007ff809f20000 - 0x00007ff80a044000 	C:\WINDOWS\System32\RPCRT4.dll
0x00007ff80ba00000 - 0x00007ff80bba0000 	C:\WINDOWS\System32\USER32.dll
0x00007ff809680000 - 0x00007ff8096a2000 	C:\WINDOWS\System32\win32u.dll
0x00007ffffdca0000 - 0x00007ffffdf3b000 	C:\WINDOWS\WinSxS\amd64_microsoft.windows.common-controls_6595b64144ccf1df_6.0.19041.488_none_ca04af081b815d21\COMCTL32.dll
0x00007ff80b1a0000 - 0x00007ff80b1ca000 	C:\WINDOWS\System32\GDI32.dll
0x00007ff8094d0000 - 0x00007ff8095d9000 	C:\WINDOWS\System32\gdi32full.dll
0x00007ff8095e0000 - 0x00007ff80967d000 	C:\WINDOWS\System32\msvcp_win.dll
0x00007ff801f40000 - 0x00007ff801f4a000 	C:\WINDOWS\SYSTEM32\VERSION.dll
0x00007ff80aec0000 - 0x00007ff80aef0000 	C:\WINDOWS\System32\IMM32.DLL
0x00007fffefc10000 - 0x00007fffefcab000 	C:\Program Files\Java\jdk-13.0.2\bin\msvcp140.dll
0x00007fffd1470000 - 0x00007fffd1fcd000 	C:\Program Files\Java\jdk-13.0.2\bin\server\jvm.dll
0x00007ff80aef0000 - 0x00007ff80aef8000 	C:\WINDOWS\System32\PSAPI.DLL
0x00007ff804910000 - 0x00007ff804919000 	C:\WINDOWS\SYSTEM32\WSOCK32.dll
0x00007ffffda20000 - 0x00007ffffda47000 	C:\WINDOWS\SYSTEM32\WINMM.dll
0x00007ff80b1d0000 - 0x00007ff80b23b000 	C:\WINDOWS\System32\WS2_32.dll
0x00007ff807360000 - 0x00007ff807372000 	C:\WINDOWS\SYSTEM32\kernel.appcore.dll
0x00007ff804900000 - 0x00007ff804910000 	C:\Program Files\Java\jdk-13.0.2\bin\verify.dll
0x00007ffff7840000 - 0x00007ffff7a24000 	C:\WINDOWS\SYSTEM32\DBGHELP.DLL
0x00007ffffb630000 - 0x00007ffffb65c000 	C:\WINDOWS\SYSTEM32\dbgcore.DLL
0x00007ff809cc0000 - 0x00007ff809d3f000 	C:\WINDOWS\System32\bcryptPrimitives.dll
0x00007ffffb410000 - 0x00007ffffb436000 	C:\Program Files\Java\jdk-13.0.2\bin\java.dll
0x00007ff801760000 - 0x00007ff801777000 	C:\Program Files\Java\jdk-13.0.2\bin\zip.dll
0x00007ff8015f0000 - 0x00007ff8015fa000 	C:\Program Files\Java\jdk-13.0.2\bin\jimage.dll
0x00007ff80a160000 - 0x00007ff80a8a1000 	C:\WINDOWS\System32\SHELL32.dll
0x00007ff807640000 - 0x00007ff807dd5000 	C:\WINDOWS\SYSTEM32\windows.storage.dll
0x00007ff80b400000 - 0x00007ff80b755000 	C:\WINDOWS\System32\combase.dll
0x00007ff808e70000 - 0x00007ff808e9c000 	C:\WINDOWS\SYSTEM32\Wldp.dll
0x00007ff80adb0000 - 0x00007ff80ae5e000 	C:\WINDOWS\System32\SHCORE.dll
0x00007ff80b3a0000 - 0x00007ff80b3f5000 	C:\WINDOWS\System32\shlwapi.dll
0x00007ff809400000 - 0x00007ff809426000 	C:\WINDOWS\SYSTEM32\profapi.dll
0x00007ffffb1c0000 - 0x00007ffffb1d9000 	C:\Program Files\Java\jdk-13.0.2\bin\net.dll
0x00007ff800620000 - 0x00007ff800720000 	C:\WINDOWS\SYSTEM32\WINHTTP.dll
0x00007ff808bf0000 - 0x00007ff808c5a000 	C:\WINDOWS\system32\mswsock.dll
0x00007ffff5e70000 - 0x00007ffff5e83000 	C:\Program Files\Java\jdk-13.0.2\bin\nio.dll
0x00007fffe3200000 - 0x00007fffe3399000 	C:\Program Files\Java\jdk-13.0.2\bin\awt.dll
0x00007ff80b870000 - 0x00007ff80b93d000 	C:\WINDOWS\System32\OLEAUT32.dll
0x00007ff806db0000 - 0x00007ff806e40000 	C:\WINDOWS\SYSTEM32\apphelp.dll
0x00007ff807330000 - 0x00007ff80735f000 	C:\WINDOWS\system32\DWMAPI.DLL
0x00007ff806f80000 - 0x00007ff80701e000 	C:\WINDOWS\system32\uxtheme.dll
0x00007fffeb700000 - 0x00007fffeb825000 	C:\WINDOWS\system32\opengl32.dll
0x00007fffc3d80000 - 0x00007fffc3dac000 	C:\WINDOWS\SYSTEM32\GLU32.dll
0x00007ff809e00000 - 0x00007ff809f15000 	C:\WINDOWS\System32\MSCTF.dll
0x00007ff80af00000 - 0x00007ff80b02a000 	C:\WINDOWS\System32\ole32.dll
0x00007fffeb940000 - 0x00007fffebb0e000 	C:\WINDOWS\system32\d3d9.dll
0x00007ffffda50000 - 0x00007ffffdc28000 	C:\WINDOWS\System32\DriverStore\FileRepository\c0353888.inf_amd64_a69018be2db26553\B353587\aticfx64.dll
0x00007fffc1210000 - 0x00007fffc1241000 	C:\WINDOWS\System32\DriverStore\FileRepository\c0353888.inf_amd64_a69018be2db26553\B353587\atiu9p64.dll
0x00007fffbb940000 - 0x00007fffbc5aa000 	C:\WINDOWS\System32\DriverStore\FileRepository\c0353888.inf_amd64_a69018be2db26553\B353587\atiumd64.dll
0x0000000056310000 - 0x00000000570b5000 	C:\WINDOWS\System32\DriverStore\FileRepository\c0353888.inf_amd64_a69018be2db26553\B353587\atiumd6a.dll
0x00007ff809280000 - 0x00007ff8092cb000 	C:\WINDOWS\SYSTEM32\POWRPROF.dll
0x00007ff809260000 - 0x00007ff809272000 	C:\WINDOWS\SYSTEM32\UMPDC.dll
0x00007ffffc630000 - 0x00007ffffc65e000 	C:\WINDOWS\SYSTEM32\amdihk64.dll
0x00007fffefb80000 - 0x00007fffefc02000 	C:\Program Files\Java\jdk-13.0.2\bin\freetype.dll
0x00007fffef650000 - 0x00007fffef6f6000 	C:\Program Files\Java\jdk-13.0.2\bin\fontmanager.dll
0x00007fffff6b0000 - 0x00007fffff7ac000 	C:\WINDOWS\SYSTEM32\textinputframework.dll
0x00007ff806520000 - 0x00007ff80687e000 	C:\WINDOWS\System32\CoreUIComponents.dll
0x00007ff8060b0000 - 0x00007ff8061a2000 	C:\WINDOWS\System32\CoreMessaging.dll
0x00007ff808210000 - 0x00007ff808243000 	C:\WINDOWS\SYSTEM32\ntmarta.dll
0x00007ff805960000 - 0x00007ff805ab6000 	C:\WINDOWS\SYSTEM32\wintypes.dll

dbghelp: loaded successfully - version: 4.0.5 - missing functions: none
symbol engine: initialized successfully - sym options: 0x614 - pdb path: .;C:\Program Files\Java\jdk-13.0.2\bin;C:\WINDOWS\SYSTEM32;C:\WINDOWS\WinSxS\amd64_microsoft.windows.common-controls_6595b64144ccf1df_6.0.19041.488_none_ca04af081b815d21;C:\Program Files\Java\jdk-13.0.2\bin\server;C:\WINDOWS\System32\DriverStore\FileRepository\c0353888.inf_amd64_a69018be2db26553\B353587

VM Arguments:
jvm_args: -Dfile.encoding=Cp1252 --module-path=C:\Users\samee\git\sammyPrivate--memory(3)\sammyPrivate--\bin -Djdk.module.main=sammyPrivate 
java_command: sammyPrivate/calcJFrame.CalcFrameRunner
java_class_path (initial): <not set>
Launcher Type: SUN_STANDARD

[Global flags]
     intx CICompilerCount                          = 12                                        {product} {ergonomic}
     uint ConcGCThreads                            = 3                                         {product} {ergonomic}
     uint G1ConcRefinementThreads                  = 13                                        {product} {ergonomic}
   size_t G1HeapRegionSize                         = 1048576                                   {product} {ergonomic}
    uintx GCDrainStackTargetSize                   = 64                                        {product} {ergonomic}
   size_t InitialHeapSize                          = 268435456                                 {product} {ergonomic}
   size_t MarkStackSize                            = 4194304                                   {product} {ergonomic}
   size_t MaxHeapSize                              = 4273995776                                {product} {ergonomic}
   size_t MaxNewSize                               = 2563768320                                {product} {ergonomic}
   size_t MinHeapDeltaBytes                        = 1048576                                   {product} {ergonomic}
   size_t MinHeapSize                              = 8388608                                   {product} {ergonomic}
    uintx NonNMethodCodeHeapSize                   = 7602480                                {pd product} {ergonomic}
    uintx NonProfiledCodeHeapSize                  = 122027880                              {pd product} {ergonomic}
    uintx ProfiledCodeHeapSize                     = 122027880                              {pd product} {ergonomic}
    uintx ReservedCodeCacheSize                    = 251658240                              {pd product} {ergonomic}
     bool SegmentedCodeCache                       = true                                      {product} {ergonomic}
   size_t SoftMaxHeapSize                          = 4273995776                             {manageable} {ergonomic}
     bool UseCompressedClassPointers               = true                                 {lp64_product} {ergonomic}
     bool UseCompressedOops                        = true                                 {lp64_product} {ergonomic}
     bool UseG1GC                                  = true                                      {product} {ergonomic}
     bool UseLargePagesIndividualAllocation        = false                                  {pd product} {ergonomic}

Logging:
Log output configuration:
 #0: stdout all=warning uptime,level,tags
 #1: stderr all=off uptime,level,tags

Environment Variables:
PATH=C:/Program Files/Java/jdk-13.0.2/bin/server;C:/Program Files/Java/jdk-13.0.2/bin;C:\Program Files (x86)\Common Files\Oracle\Java\javapath;C:\Program Files (x86)\Python37-32\Scripts\;C:\Program Files (x86)\Python37-32\;C:\WINDOWS\system32;C:\WINDOWS;C:\WINDOWS\System32\Wbem;C:\WINDOWS\System32\WindowsPowerShell\v1.0\;C:\WINDOWS\System32\OpenSSH\;C:\Program Files (x86)\Common Files\Propellerhead Software\ReWire\;C:\Program Files\Common Files\Propellerhead Software\ReWire\;C:\Program Files\dotnet\;C:\Users\samee\AppData\Local\Microsoft\WindowsApps;C:\Users\samee\AppData\Local\Programs\MiKTeX 2.9\miktex\bin\x64\;C:\Users\samee\AppData\Local\GitHubDesktop\bin;;C:\WINDOWS\system32;
USERNAME=samee
OS=Windows_NT
PROCESSOR_IDENTIFIER=AMD64 Family 23 Model 1 Stepping 1, AuthenticAMD



---------------  S Y S T E M  ---------------

OS: Windows 10 , 64 bit Build 19041 (10.0.19041.546)

CPU:total 16 (initial active 16) (16 cores per cpu, 2 threads per core) family 23 model 1 stepping 1, cmov, cx8, fxsr, mmx, sse, sse2, sse3, ssse3, sse4.1, sse4.2, popcnt, avx, avx2, aes, clmul, mmxext, 3dnowpref, lzcnt, sse4a, ht, tsc, tscinvbit, tscinv, bmi1, bmi2, adx, sha, fma

Memory: 4k page, system-wide physical 16303M (6854M free)
TotalPageFile size 65455M (AvailPageFile size 0M)
current process WorkingSet (physical memory assigned to process): 60M, peak: 62M
current process commit charge ("private bytes"): 375M, peak: 377M

vm_info: Java HotSpot(TM) 64-Bit Server VM (13.0.2+8) for windows-amd64 JRE (13.0.2+8), built on Dec 11 2019 09:20:33 by "mach5one" with unknown MS VC++:1916

END.
