#
# There is insufficient memory for the Java Runtime Environment to continue.
# Native memory allocation (malloc) failed to allocate 32744 bytes for ChunkPool::allocate
# Possible reasons:
#   The system is out of physical RAM or swap space
#   The process is running with CompressedOops enabled, and the Java Heap may be blocking the growth of the native heap
# Possible solutions:
#   Reduce memory load on the system
#   Increase physical memory or swap space
#   Check if swap backing store is full
#   Decrease Java heap size (-Xmx/-Xms)
#   Decrease number of Java threads
#   Decrease Java thread stack sizes (-Xss)
#   Set larger code cache with -XX:ReservedCodeCacheSize=
#   JVM is running with Zero Based Compressed Oops mode in which the Java heap is
#     placed in the first 32GB address space. The Java Heap base address is the
#     maximum limit for the native heap growth. Please use -XX:HeapBaseMinAddress
#     to set the Java Heap base and to place the Java Heap above 32GB virtual address.
# This output file may be truncated or incomplete.
#
#  Out of Memory Error (t:/workspace/open/src/hotspot/share/memory/arena.cpp:80), pid=35484, tid=5716
#
# JRE version: Java(TM) SE Runtime Environment (13.0.2+8) (build 13.0.2+8)
# Java VM: Java HotSpot(TM) 64-Bit Server VM (13.0.2+8, mixed mode, sharing, tiered, compressed oops, g1 gc, windows-amd64)
# No core dump will be written. Minidumps are not enabled by default on client versions of Windows
#

---------------  S U M M A R Y ------------

Command Line: -Dfile.encoding=Cp1252 --module-path=C:\Users\samee\git\sammyPrivate--memory(3)\sammyPrivate--\bin -Djdk.module.main=sammyPrivate sammyPrivate/calcJFrame.CalcFrameRunner

Host: AMD Ryzen 7 1700 Eight-Core Processor          , 16 cores, 15G,  Windows 10 , 64 bit Build 19041 (10.0.19041.546)
Time: Wed Nov 18 12:02:44 2020 Pacific Standard Time elapsed time: 9201 seconds (0d 2h 33m 21s)

---------------  T H R E A D  ---------------

Current thread (0x0000023e54766800):  JavaThread "C1 CompilerThread0" daemon [_thread_in_native, id=5716, stack(0x00000056c3600000,0x00000056c3700000)]


Current CompileTask:
C1:9201404  962       3       java.awt.Container::updateChildGraphicsData (55 bytes)

Stack: [0x00000056c3600000,0x00000056c3700000]
Native frames: (J=compiled Java code, j=interpreted, Vv=VM code, C=native code)
V  [jvm.dll+0x624f9a]
V  [jvm.dll+0x770cfa]
V  [jvm.dll+0x7724af]
V  [jvm.dll+0x772ab3]
V  [jvm.dll+0x24bf08]
V  [jvm.dll+0xc2076]
V  [jvm.dll+0xc23cc]
V  [jvm.dll+0x16b239]
V  [jvm.dll+0x16c212]
V  [jvm.dll+0x16c2d0]
V  [jvm.dll+0x16ea2d]
V  [jvm.dll+0x170421]
V  [jvm.dll+0x12a165]
V  [jvm.dll+0x1299df]
V  [jvm.dll+0x129c0f]
V  [jvm.dll+0x128ea7]
V  [jvm.dll+0x12adc7]
V  [jvm.dll+0x213e6d]
V  [jvm.dll+0x2120bb]
V  [jvm.dll+0x736bb6]
V  [jvm.dll+0x72fcaa]
V  [jvm.dll+0x623ea6]
C  [ucrtbase.dll+0x214c2]
C  [KERNEL32.DLL+0x17034]
C  [ntdll.dll+0x4cec1]


---------------  P R O C E S S  ---------------

Threads class SMR info:
_java_thread_list=0x0000023e54e65d00, length=14, elements={
0x0000023e53eae800, 0x0000023e53eb1800, 0x0000023e54750000, 0x0000023e54753000,
0x0000023e54754000, 0x0000023e54766800, 0x0000023e5476f800, 0x0000023e54740800,
0x0000023e548fb000, 0x0000023e549b3800, 0x0000023e54919000, 0x0000023e54d13800,
0x0000023e54e6d800, 0x0000023e2d7f7800
}

Java Threads: ( => current thread )
  0x0000023e53eae800 JavaThread "Reference Handler" daemon [_thread_blocked, id=38276, stack(0x00000056c3100000,0x00000056c3200000)]
  0x0000023e53eb1800 JavaThread "Finalizer" daemon [_thread_blocked, id=19616, stack(0x00000056c3200000,0x00000056c3300000)]
  0x0000023e54750000 JavaThread "Signal Dispatcher" daemon [_thread_blocked, id=41736, stack(0x00000056c3300000,0x00000056c3400000)]
  0x0000023e54753000 JavaThread "Attach Listener" daemon [_thread_blocked, id=17216, stack(0x00000056c3400000,0x00000056c3500000)]
  0x0000023e54754000 JavaThread "C2 CompilerThread0" daemon [_thread_blocked, id=12656, stack(0x00000056c3500000,0x00000056c3600000)]
=>0x0000023e54766800 JavaThread "C1 CompilerThread0" daemon [_thread_in_native, id=5716, stack(0x00000056c3600000,0x00000056c3700000)]
  0x0000023e5476f800 JavaThread "Sweeper thread" daemon [_thread_blocked, id=36348, stack(0x00000056c3700000,0x00000056c3800000)]
  0x0000023e54740800 JavaThread "Common-Cleaner" daemon [_thread_blocked, id=43612, stack(0x00000056c3800000,0x00000056c3900000)]
  0x0000023e548fb000 JavaThread "Service Thread" daemon [_thread_blocked, id=1308, stack(0x00000056c3a00000,0x00000056c3b00000)]
  0x0000023e549b3800 JavaThread "Java2D Disposer" daemon [_thread_blocked, id=42668, stack(0x00000056c3c00000,0x00000056c3d00000)]
  0x0000023e54919000 JavaThread "AWT-Shutdown" [_thread_blocked, id=24796, stack(0x00000056c3d00000,0x00000056c3e00000)]
  0x0000023e54d13800 JavaThread "AWT-Windows" daemon [_thread_in_native, id=8728, stack(0x00000056c3e00000,0x00000056c3f00000)]
  0x0000023e54e6d800 JavaThread "AWT-EventQueue-0" [_thread_blocked, id=37436, stack(0x00000056c4100000,0x00000056c4200000)]
  0x0000023e2d7f7800 JavaThread "DestroyJavaVM" [_thread_blocked, id=33308, stack(0x00000056c2a00000,0x00000056c2b00000)]

Other Threads:
  0x0000023e53ea9800 VMThread "VM Thread" [stack: 0x00000056c3000000,0x00000056c3100000] [id=20040]
  0x0000023e54900000 WatcherThread [stack: 0x00000056c3b00000,0x00000056c3c00000] [id=6992]
  0x0000023e2d866800 GCTaskThread "GC Thread#0" [stack: 0x00000056c2b00000,0x00000056c2c00000] [id=35872]
  0x0000023e2d888800 ConcurrentGCThread "G1 Main Marker" [stack: 0x00000056c2c00000,0x00000056c2d00000] [id=29692]
  0x0000023e2d88c000 ConcurrentGCThread "G1 Conc#0" [stack: 0x00000056c2d00000,0x00000056c2e00000] [id=41880]
  0x0000023e53da0800 ConcurrentGCThread "G1 Refine#0" [stack: 0x00000056c2e00000,0x00000056c2f00000] [id=22496]
  0x0000023e53da2800 ConcurrentGCThread "G1 Young RemSet Sampling" [stack: 0x00000056c2f00000,0x00000056c3000000] [id=20132]

Threads with active compile tasks:
C1 CompilerThread0  9201464  962       3       java.awt.Container::updateChildGraphicsData (55 bytes)

VM state:not at safepoint (normal execution)

VM Mutex/Monitor currently owned by a thread: None

Heap address: 0x0000000701400000, size: 4076 MB, Compressed Oops mode: Zero based, Oop shift amount: 3
Narrow klass base: 0x0000000800000000, Narrow klass shift: 3
Compressed class space size: 1073741824 Address: 0x0000000800b40000

Heap:
 garbage-first heap   total 262144K, used 6144K [0x0000000701400000, 0x0000000800000000)
  region size 1024K, 8 young (8192K), 0 survivors (0K)
 Metaspace       used 7878K, capacity 8139K, committed 8192K, reserved 1056768K
  class space    used 896K, capacity 1006K, committed 1024K, reserved 1048576K
Heap Regions: E=young(eden), S=young(survivor), O=old, HS=humongous(starts), HC=humongous(continues), CS=collection set, F=free, A=archive, TAMS=top-at-mark-start (previous, next)
|   0|0x0000000701400000, 0x0000000701400000, 0x0000000701500000|  0%| F|  |TAMS 0x0000000701400000, 0x0000000701400000| Untracked 
|   1|0x0000000701500000, 0x0000000701500000, 0x0000000701600000|  0%| F|  |TAMS 0x0000000701500000, 0x0000000701500000| Untracked 
|   2|0x0000000701600000, 0x0000000701600000, 0x0000000701700000|  0%| F|  |TAMS 0x0000000701600000, 0x0000000701600000| Untracked 
|   3|0x0000000701700000, 0x0000000701700000, 0x0000000701800000|  0%| F|  |TAMS 0x0000000701700000, 0x0000000701700000| Untracked 
|   4|0x0000000701800000, 0x0000000701800000, 0x0000000701900000|  0%| F|  |TAMS 0x0000000701800000, 0x0000000701800000| Untracked 
|   5|0x0000000701900000, 0x0000000701900000, 0x0000000701a00000|  0%| F|  |TAMS 0x0000000701900000, 0x0000000701900000| Untracked 
|   6|0x0000000701a00000, 0x0000000701a00000, 0x0000000701b00000|  0%| F|  |TAMS 0x0000000701a00000, 0x0000000701a00000| Untracked 
|   7|0x0000000701b00000, 0x0000000701b00000, 0x0000000701c00000|  0%| F|  |TAMS 0x0000000701b00000, 0x0000000701b00000| Untracked 
|   8|0x0000000701c00000, 0x0000000701c00000, 0x0000000701d00000|  0%| F|  |TAMS 0x0000000701c00000, 0x0000000701c00000| Untracked 
|   9|0x0000000701d00000, 0x0000000701d00000, 0x0000000701e00000|  0%| F|  |TAMS 0x0000000701d00000, 0x0000000701d00000| Untracked 
|  10|0x0000000701e00000, 0x0000000701e00000, 0x0000000701f00000|  0%| F|  |TAMS 0x0000000701e00000, 0x0000000701e00000| Untracked 
|  11|0x0000000701f00000, 0x0000000701f00000, 0x0000000702000000|  0%| F|  |TAMS 0x0000000701f00000, 0x0000000701f00000| Untracked 
|  12|0x0000000702000000, 0x0000000702000000, 0x0000000702100000|  0%| F|  |TAMS 0x0000000702000000, 0x0000000702000000| Untracked 
|  13|0x0000000702100000, 0x0000000702100000, 0x0000000702200000|  0%| F|  |TAMS 0x0000000702100000, 0x0000000702100000| Untracked 
|  14|0x0000000702200000, 0x0000000702200000, 0x0000000702300000|  0%| F|  |TAMS 0x0000000702200000, 0x0000000702200000| Untracked 
|  15|0x0000000702300000, 0x0000000702300000, 0x0000000702400000|  0%| F|  |TAMS 0x0000000702300000, 0x0000000702300000| Untracked 
|  16|0x0000000702400000, 0x0000000702400000, 0x0000000702500000|  0%| F|  |TAMS 0x0000000702400000, 0x0000000702400000| Untracked 
|  17|0x0000000702500000, 0x0000000702500000, 0x0000000702600000|  0%| F|  |TAMS 0x0000000702500000, 0x0000000702500000| Untracked 
|  18|0x0000000702600000, 0x0000000702600000, 0x0000000702700000|  0%| F|  |TAMS 0x0000000702600000, 0x0000000702600000| Untracked 
|  19|0x0000000702700000, 0x0000000702700000, 0x0000000702800000|  0%| F|  |TAMS 0x0000000702700000, 0x0000000702700000| Untracked 
|  20|0x0000000702800000, 0x0000000702800000, 0x0000000702900000|  0%| F|  |TAMS 0x0000000702800000, 0x0000000702800000| Untracked 
|  21|0x0000000702900000, 0x0000000702900000, 0x0000000702a00000|  0%| F|  |TAMS 0x0000000702900000, 0x0000000702900000| Untracked 
|  22|0x0000000702a00000, 0x0000000702a00000, 0x0000000702b00000|  0%| F|  |TAMS 0x0000000702a00000, 0x0000000702a00000| Untracked 
|  23|0x0000000702b00000, 0x0000000702b00000, 0x0000000702c00000|  0%| F|  |TAMS 0x0000000702b00000, 0x0000000702b00000| Untracked 
|  24|0x0000000702c00000, 0x0000000702c00000, 0x0000000702d00000|  0%| F|  |TAMS 0x0000000702c00000, 0x0000000702c00000| Untracked 
|  25|0x0000000702d00000, 0x0000000702d00000, 0x0000000702e00000|  0%| F|  |TAMS 0x0000000702d00000, 0x0000000702d00000| Untracked 
|  26|0x0000000702e00000, 0x0000000702e00000, 0x0000000702f00000|  0%| F|  |TAMS 0x0000000702e00000, 0x0000000702e00000| Untracked 
|  27|0x0000000702f00000, 0x0000000702f00000, 0x0000000703000000|  0%| F|  |TAMS 0x0000000702f00000, 0x0000000702f00000| Untracked 
|  28|0x0000000703000000, 0x0000000703000000, 0x0000000703100000|  0%| F|  |TAMS 0x0000000703000000, 0x0000000703000000| Untracked 
|  29|0x0000000703100000, 0x0000000703100000, 0x0000000703200000|  0%| F|  |TAMS 0x0000000703100000, 0x0000000703100000| Untracked 
|  30|0x0000000703200000, 0x0000000703200000, 0x0000000703300000|  0%| F|  |TAMS 0x0000000703200000, 0x0000000703200000| Untracked 
|  31|0x0000000703300000, 0x0000000703300000, 0x0000000703400000|  0%| F|  |TAMS 0x0000000703300000, 0x0000000703300000| Untracked 
|  32|0x0000000703400000, 0x0000000703400000, 0x0000000703500000|  0%| F|  |TAMS 0x0000000703400000, 0x0000000703400000| Untracked 
|  33|0x0000000703500000, 0x0000000703500000, 0x0000000703600000|  0%| F|  |TAMS 0x0000000703500000, 0x0000000703500000| Untracked 
|  34|0x0000000703600000, 0x0000000703600000, 0x0000000703700000|  0%| F|  |TAMS 0x0000000703600000, 0x0000000703600000| Untracked 
|  35|0x0000000703700000, 0x0000000703700000, 0x0000000703800000|  0%| F|  |TAMS 0x0000000703700000, 0x0000000703700000| Untracked 
|  36|0x0000000703800000, 0x0000000703800000, 0x0000000703900000|  0%| F|  |TAMS 0x0000000703800000, 0x0000000703800000| Untracked 
|  37|0x0000000703900000, 0x0000000703900000, 0x0000000703a00000|  0%| F|  |TAMS 0x0000000703900000, 0x0000000703900000| Untracked 
|  38|0x0000000703a00000, 0x0000000703a00000, 0x0000000703b00000|  0%| F|  |TAMS 0x0000000703a00000, 0x0000000703a00000| Untracked 
|  39|0x0000000703b00000, 0x0000000703b00000, 0x0000000703c00000|  0%| F|  |TAMS 0x0000000703b00000, 0x0000000703b00000| Untracked 
|  40|0x0000000703c00000, 0x0000000703c00000, 0x0000000703d00000|  0%| F|  |TAMS 0x0000000703c00000, 0x0000000703c00000| Untracked 
|  41|0x0000000703d00000, 0x0000000703d00000, 0x0000000703e00000|  0%| F|  |TAMS 0x0000000703d00000, 0x0000000703d00000| Untracked 
|  42|0x0000000703e00000, 0x0000000703e00000, 0x0000000703f00000|  0%| F|  |TAMS 0x0000000703e00000, 0x0000000703e00000| Untracked 
|  43|0x0000000703f00000, 0x0000000703f00000, 0x0000000704000000|  0%| F|  |TAMS 0x0000000703f00000, 0x0000000703f00000| Untracked 
|  44|0x0000000704000000, 0x0000000704000000, 0x0000000704100000|  0%| F|  |TAMS 0x0000000704000000, 0x0000000704000000| Untracked 
|  45|0x0000000704100000, 0x0000000704100000, 0x0000000704200000|  0%| F|  |TAMS 0x0000000704100000, 0x0000000704100000| Untracked 
|  46|0x0000000704200000, 0x0000000704200000, 0x0000000704300000|  0%| F|  |TAMS 0x0000000704200000, 0x0000000704200000| Untracked 
|  47|0x0000000704300000, 0x0000000704300000, 0x0000000704400000|  0%| F|  |TAMS 0x0000000704300000, 0x0000000704300000| Untracked 
|  48|0x0000000704400000, 0x0000000704400000, 0x0000000704500000|  0%| F|  |TAMS 0x0000000704400000, 0x0000000704400000| Untracked 
|  49|0x0000000704500000, 0x0000000704500000, 0x0000000704600000|  0%| F|  |TAMS 0x0000000704500000, 0x0000000704500000| Untracked 
|  50|0x0000000704600000, 0x0000000704600000, 0x0000000704700000|  0%| F|  |TAMS 0x0000000704600000, 0x0000000704600000| Untracked 
|  51|0x0000000704700000, 0x0000000704700000, 0x0000000704800000|  0%| F|  |TAMS 0x0000000704700000, 0x0000000704700000| Untracked 
|  52|0x0000000704800000, 0x0000000704800000, 0x0000000704900000|  0%| F|  |TAMS 0x0000000704800000, 0x0000000704800000| Untracked 
|  53|0x0000000704900000, 0x0000000704900000, 0x0000000704a00000|  0%| F|  |TAMS 0x0000000704900000, 0x0000000704900000| Untracked 
|  54|0x0000000704a00000, 0x0000000704a00000, 0x0000000704b00000|  0%| F|  |TAMS 0x0000000704a00000, 0x0000000704a00000| Untracked 
|  55|0x0000000704b00000, 0x0000000704b00000, 0x0000000704c00000|  0%| F|  |TAMS 0x0000000704b00000, 0x0000000704b00000| Untracked 
|  56|0x0000000704c00000, 0x0000000704c00000, 0x0000000704d00000|  0%| F|  |TAMS 0x0000000704c00000, 0x0000000704c00000| Untracked 
|  57|0x0000000704d00000, 0x0000000704d00000, 0x0000000704e00000|  0%| F|  |TAMS 0x0000000704d00000, 0x0000000704d00000| Untracked 
|  58|0x0000000704e00000, 0x0000000704e00000, 0x0000000704f00000|  0%| F|  |TAMS 0x0000000704e00000, 0x0000000704e00000| Untracked 
|  59|0x0000000704f00000, 0x0000000704f00000, 0x0000000705000000|  0%| F|  |TAMS 0x0000000704f00000, 0x0000000704f00000| Untracked 
|  60|0x0000000705000000, 0x0000000705000000, 0x0000000705100000|  0%| F|  |TAMS 0x0000000705000000, 0x0000000705000000| Untracked 
|  61|0x0000000705100000, 0x0000000705100000, 0x0000000705200000|  0%| F|  |TAMS 0x0000000705100000, 0x0000000705100000| Untracked 
|  62|0x0000000705200000, 0x0000000705200000, 0x0000000705300000|  0%| F|  |TAMS 0x0000000705200000, 0x0000000705200000| Untracked 
|  63|0x0000000705300000, 0x0000000705300000, 0x0000000705400000|  0%| F|  |TAMS 0x0000000705300000, 0x0000000705300000| Untracked 
|  64|0x0000000705400000, 0x0000000705400000, 0x0000000705500000|  0%| F|  |TAMS 0x0000000705400000, 0x0000000705400000| Untracked 
|  65|0x0000000705500000, 0x0000000705500000, 0x0000000705600000|  0%| F|  |TAMS 0x0000000705500000, 0x0000000705500000| Untracked 
|  66|0x0000000705600000, 0x0000000705600000, 0x0000000705700000|  0%| F|  |TAMS 0x0000000705600000, 0x0000000705600000| Untracked 
|  67|0x0000000705700000, 0x0000000705700000, 0x0000000705800000|  0%| F|  |TAMS 0x0000000705700000, 0x0000000705700000| Untracked 
|  68|0x0000000705800000, 0x0000000705800000, 0x0000000705900000|  0%| F|  |TAMS 0x0000000705800000, 0x0000000705800000| Untracked 
|  69|0x0000000705900000, 0x0000000705900000, 0x0000000705a00000|  0%| F|  |TAMS 0x0000000705900000, 0x0000000705900000| Untracked 
|  70|0x0000000705a00000, 0x0000000705a00000, 0x0000000705b00000|  0%| F|  |TAMS 0x0000000705a00000, 0x0000000705a00000| Untracked 
|  71|0x0000000705b00000, 0x0000000705b00000, 0x0000000705c00000|  0%| F|  |TAMS 0x0000000705b00000, 0x0000000705b00000| Untracked 
|  72|0x0000000705c00000, 0x0000000705c00000, 0x0000000705d00000|  0%| F|  |TAMS 0x0000000705c00000, 0x0000000705c00000| Untracked 
|  73|0x0000000705d00000, 0x0000000705d00000, 0x0000000705e00000|  0%| F|  |TAMS 0x0000000705d00000, 0x0000000705d00000| Untracked 
|  74|0x0000000705e00000, 0x0000000705e00000, 0x0000000705f00000|  0%| F|  |TAMS 0x0000000705e00000, 0x0000000705e00000| Untracked 
|  75|0x0000000705f00000, 0x0000000705f00000, 0x0000000706000000|  0%| F|  |TAMS 0x0000000705f00000, 0x0000000705f00000| Untracked 
|  76|0x0000000706000000, 0x0000000706000000, 0x0000000706100000|  0%| F|  |TAMS 0x0000000706000000, 0x0000000706000000| Untracked 
|  77|0x0000000706100000, 0x0000000706100000, 0x0000000706200000|  0%| F|  |TAMS 0x0000000706100000, 0x0000000706100000| Untracked 
|  78|0x0000000706200000, 0x0000000706200000, 0x0000000706300000|  0%| F|  |TAMS 0x0000000706200000, 0x0000000706200000| Untracked 
|  79|0x0000000706300000, 0x0000000706300000, 0x0000000706400000|  0%| F|  |TAMS 0x0000000706300000, 0x0000000706300000| Untracked 
|  80|0x0000000706400000, 0x0000000706400000, 0x0000000706500000|  0%| F|  |TAMS 0x0000000706400000, 0x0000000706400000| Untracked 
|  81|0x0000000706500000, 0x0000000706500000, 0x0000000706600000|  0%| F|  |TAMS 0x0000000706500000, 0x0000000706500000| Untracked 
|  82|0x0000000706600000, 0x0000000706600000, 0x0000000706700000|  0%| F|  |TAMS 0x0000000706600000, 0x0000000706600000| Untracked 
|  83|0x0000000706700000, 0x0000000706700000, 0x0000000706800000|  0%| F|  |TAMS 0x0000000706700000, 0x0000000706700000| Untracked 
|  84|0x0000000706800000, 0x0000000706800000, 0x0000000706900000|  0%| F|  |TAMS 0x0000000706800000, 0x0000000706800000| Untracked 
|  85|0x0000000706900000, 0x0000000706900000, 0x0000000706a00000|  0%| F|  |TAMS 0x0000000706900000, 0x0000000706900000| Untracked 
|  86|0x0000000706a00000, 0x0000000706a00000, 0x0000000706b00000|  0%| F|  |TAMS 0x0000000706a00000, 0x0000000706a00000| Untracked 
|  87|0x0000000706b00000, 0x0000000706b00000, 0x0000000706c00000|  0%| F|  |TAMS 0x0000000706b00000, 0x0000000706b00000| Untracked 
|  88|0x0000000706c00000, 0x0000000706c00000, 0x0000000706d00000|  0%| F|  |TAMS 0x0000000706c00000, 0x0000000706c00000| Untracked 
|  89|0x0000000706d00000, 0x0000000706d00000, 0x0000000706e00000|  0%| F|  |TAMS 0x0000000706d00000, 0x0000000706d00000| Untracked 
|  90|0x0000000706e00000, 0x0000000706e00000, 0x0000000706f00000|  0%| F|  |TAMS 0x0000000706e00000, 0x0000000706e00000| Untracked 
|  91|0x0000000706f00000, 0x0000000706f00000, 0x0000000707000000|  0%| F|  |TAMS 0x0000000706f00000, 0x0000000706f00000| Untracked 
|  92|0x0000000707000000, 0x0000000707000000, 0x0000000707100000|  0%| F|  |TAMS 0x0000000707000000, 0x0000000707000000| Untracked 
|  93|0x0000000707100000, 0x0000000707100000, 0x0000000707200000|  0%| F|  |TAMS 0x0000000707100000, 0x0000000707100000| Untracked 
|  94|0x0000000707200000, 0x0000000707200000, 0x0000000707300000|  0%| F|  |TAMS 0x0000000707200000, 0x0000000707200000| Untracked 
|  95|0x0000000707300000, 0x0000000707300000, 0x0000000707400000|  0%| F|  |TAMS 0x0000000707300000, 0x0000000707300000| Untracked 
|  96|0x0000000707400000, 0x0000000707400000, 0x0000000707500000|  0%| F|  |TAMS 0x0000000707400000, 0x0000000707400000| Untracked 
|  97|0x0000000707500000, 0x0000000707500000, 0x0000000707600000|  0%| F|  |TAMS 0x0000000707500000, 0x0000000707500000| Untracked 
|  98|0x0000000707600000, 0x0000000707600000, 0x0000000707700000|  0%| F|  |TAMS 0x0000000707600000, 0x0000000707600000| Untracked 
|  99|0x0000000707700000, 0x0000000707700000, 0x0000000707800000|  0%| F|  |TAMS 0x0000000707700000, 0x0000000707700000| Untracked 
| 100|0x0000000707800000, 0x0000000707800000, 0x0000000707900000|  0%| F|  |TAMS 0x0000000707800000, 0x0000000707800000| Untracked 
| 101|0x0000000707900000, 0x0000000707900000, 0x0000000707a00000|  0%| F|  |TAMS 0x0000000707900000, 0x0000000707900000| Untracked 
| 102|0x0000000707a00000, 0x0000000707a00000, 0x0000000707b00000|  0%| F|  |TAMS 0x0000000707a00000, 0x0000000707a00000| Untracked 
| 103|0x0000000707b00000, 0x0000000707b00000, 0x0000000707c00000|  0%| F|  |TAMS 0x0000000707b00000, 0x0000000707b00000| Untracked 
| 104|0x0000000707c00000, 0x0000000707c00000, 0x0000000707d00000|  0%| F|  |TAMS 0x0000000707c00000, 0x0000000707c00000| Untracked 
| 105|0x0000000707d00000, 0x0000000707d00000, 0x0000000707e00000|  0%| F|  |TAMS 0x0000000707d00000, 0x0000000707d00000| Untracked 
| 106|0x0000000707e00000, 0x0000000707e00000, 0x0000000707f00000|  0%| F|  |TAMS 0x0000000707e00000, 0x0000000707e00000| Untracked 
| 107|0x0000000707f00000, 0x0000000707f00000, 0x0000000708000000|  0%| F|  |TAMS 0x0000000707f00000, 0x0000000707f00000| Untracked 
| 108|0x0000000708000000, 0x0000000708000000, 0x0000000708100000|  0%| F|  |TAMS 0x0000000708000000, 0x0000000708000000| Untracked 
| 109|0x0000000708100000, 0x0000000708100000, 0x0000000708200000|  0%| F|  |TAMS 0x0000000708100000, 0x0000000708100000| Untracked 
| 110|0x0000000708200000, 0x0000000708200000, 0x0000000708300000|  0%| F|  |TAMS 0x0000000708200000, 0x0000000708200000| Untracked 
| 111|0x0000000708300000, 0x0000000708300000, 0x0000000708400000|  0%| F|  |TAMS 0x0000000708300000, 0x0000000708300000| Untracked 
| 112|0x0000000708400000, 0x0000000708400000, 0x0000000708500000|  0%| F|  |TAMS 0x0000000708400000, 0x0000000708400000| Untracked 
| 113|0x0000000708500000, 0x0000000708500000, 0x0000000708600000|  0%| F|  |TAMS 0x0000000708500000, 0x0000000708500000| Untracked 
| 114|0x0000000708600000, 0x0000000708600000, 0x0000000708700000|  0%| F|  |TAMS 0x0000000708600000, 0x0000000708600000| Untracked 
| 115|0x0000000708700000, 0x0000000708700000, 0x0000000708800000|  0%| F|  |TAMS 0x0000000708700000, 0x0000000708700000| Untracked 
| 116|0x0000000708800000, 0x0000000708800000, 0x0000000708900000|  0%| F|  |TAMS 0x0000000708800000, 0x0000000708800000| Untracked 
| 117|0x0000000708900000, 0x0000000708900000, 0x0000000708a00000|  0%| F|  |TAMS 0x0000000708900000, 0x0000000708900000| Untracked 
| 118|0x0000000708a00000, 0x0000000708a00000, 0x0000000708b00000|  0%| F|  |TAMS 0x0000000708a00000, 0x0000000708a00000| Untracked 
| 119|0x0000000708b00000, 0x0000000708b00000, 0x0000000708c00000|  0%| F|  |TAMS 0x0000000708b00000, 0x0000000708b00000| Untracked 
| 120|0x0000000708c00000, 0x0000000708c00000, 0x0000000708d00000|  0%| F|  |TAMS 0x0000000708c00000, 0x0000000708c00000| Untracked 
| 121|0x0000000708d00000, 0x0000000708d00000, 0x0000000708e00000|  0%| F|  |TAMS 0x0000000708d00000, 0x0000000708d00000| Untracked 
| 122|0x0000000708e00000, 0x0000000708e00000, 0x0000000708f00000|  0%| F|  |TAMS 0x0000000708e00000, 0x0000000708e00000| Untracked 
| 123|0x0000000708f00000, 0x0000000708f00000, 0x0000000709000000|  0%| F|  |TAMS 0x0000000708f00000, 0x0000000708f00000| Untracked 
| 124|0x0000000709000000, 0x0000000709000000, 0x0000000709100000|  0%| F|  |TAMS 0x0000000709000000, 0x0000000709000000| Untracked 
| 125|0x0000000709100000, 0x0000000709100000, 0x0000000709200000|  0%| F|  |TAMS 0x0000000709100000, 0x0000000709100000| Untracked 
| 126|0x0000000709200000, 0x0000000709200000, 0x0000000709300000|  0%| F|  |TAMS 0x0000000709200000, 0x0000000709200000| Untracked 
| 127|0x0000000709300000, 0x0000000709300000, 0x0000000709400000|  0%| F|  |TAMS 0x0000000709300000, 0x0000000709300000| Untracked 
| 128|0x0000000709400000, 0x0000000709400000, 0x0000000709500000|  0%| F|  |TAMS 0x0000000709400000, 0x0000000709400000| Untracked 
| 129|0x0000000709500000, 0x0000000709500000, 0x0000000709600000|  0%| F|  |TAMS 0x0000000709500000, 0x0000000709500000| Untracked 
| 130|0x0000000709600000, 0x0000000709600000, 0x0000000709700000|  0%| F|  |TAMS 0x0000000709600000, 0x0000000709600000| Untracked 
| 131|0x0000000709700000, 0x0000000709700000, 0x0000000709800000|  0%| F|  |TAMS 0x0000000709700000, 0x0000000709700000| Untracked 
| 132|0x0000000709800000, 0x0000000709800000, 0x0000000709900000|  0%| F|  |TAMS 0x0000000709800000, 0x0000000709800000| Untracked 
| 133|0x0000000709900000, 0x0000000709900000, 0x0000000709a00000|  0%| F|  |TAMS 0x0000000709900000, 0x0000000709900000| Untracked 
| 134|0x0000000709a00000, 0x0000000709a00000, 0x0000000709b00000|  0%| F|  |TAMS 0x0000000709a00000, 0x0000000709a00000| Untracked 
| 135|0x0000000709b00000, 0x0000000709b00000, 0x0000000709c00000|  0%| F|  |TAMS 0x0000000709b00000, 0x0000000709b00000| Untracked 
| 136|0x0000000709c00000, 0x0000000709c00000, 0x0000000709d00000|  0%| F|  |TAMS 0x0000000709c00000, 0x0000000709c00000| Untracked 
| 137|0x0000000709d00000, 0x0000000709d00000, 0x0000000709e00000|  0%| F|  |TAMS 0x0000000709d00000, 0x0000000709d00000| Untracked 
| 138|0x0000000709e00000, 0x0000000709e00000, 0x0000000709f00000|  0%| F|  |TAMS 0x0000000709e00000, 0x0000000709e00000| Untracked 
| 139|0x0000000709f00000, 0x0000000709f00000, 0x000000070a000000|  0%| F|  |TAMS 0x0000000709f00000, 0x0000000709f00000| Untracked 
| 140|0x000000070a000000, 0x000000070a000000, 0x000000070a100000|  0%| F|  |TAMS 0x000000070a000000, 0x000000070a000000| Untracked 
| 141|0x000000070a100000, 0x000000070a100000, 0x000000070a200000|  0%| F|  |TAMS 0x000000070a100000, 0x000000070a100000| Untracked 
| 142|0x000000070a200000, 0x000000070a200000, 0x000000070a300000|  0%| F|  |TAMS 0x000000070a200000, 0x000000070a200000| Untracked 
| 143|0x000000070a300000, 0x000000070a300000, 0x000000070a400000|  0%| F|  |TAMS 0x000000070a300000, 0x000000070a300000| Untracked 
| 144|0x000000070a400000, 0x000000070a400000, 0x000000070a500000|  0%| F|  |TAMS 0x000000070a400000, 0x000000070a400000| Untracked 
| 145|0x000000070a500000, 0x000000070a500000, 0x000000070a600000|  0%| F|  |TAMS 0x000000070a500000, 0x000000070a500000| Untracked 
| 146|0x000000070a600000, 0x000000070a600000, 0x000000070a700000|  0%| F|  |TAMS 0x000000070a600000, 0x000000070a600000| Untracked 
| 147|0x000000070a700000, 0x000000070a700000, 0x000000070a800000|  0%| F|  |TAMS 0x000000070a700000, 0x000000070a700000| Untracked 
| 148|0x000000070a800000, 0x000000070a800000, 0x000000070a900000|  0%| F|  |TAMS 0x000000070a800000, 0x000000070a800000| Untracked 
| 149|0x000000070a900000, 0x000000070a900000, 0x000000070aa00000|  0%| F|  |TAMS 0x000000070a900000, 0x000000070a900000| Untracked 
| 150|0x000000070aa00000, 0x000000070aa00000, 0x000000070ab00000|  0%| F|  |TAMS 0x000000070aa00000, 0x000000070aa00000| Untracked 
| 151|0x000000070ab00000, 0x000000070ab00000, 0x000000070ac00000|  0%| F|  |TAMS 0x000000070ab00000, 0x000000070ab00000| Untracked 
| 152|0x000000070ac00000, 0x000000070ac00000, 0x000000070ad00000|  0%| F|  |TAMS 0x000000070ac00000, 0x000000070ac00000| Untracked 
| 153|0x000000070ad00000, 0x000000070ad00000, 0x000000070ae00000|  0%| F|  |TAMS 0x000000070ad00000, 0x000000070ad00000| Untracked 
| 154|0x000000070ae00000, 0x000000070ae00000, 0x000000070af00000|  0%| F|  |TAMS 0x000000070ae00000, 0x000000070ae00000| Untracked 
| 155|0x000000070af00000, 0x000000070af00000, 0x000000070b000000|  0%| F|  |TAMS 0x000000070af00000, 0x000000070af00000| Untracked 
| 156|0x000000070b000000, 0x000000070b000000, 0x000000070b100000|  0%| F|  |TAMS 0x000000070b000000, 0x000000070b000000| Untracked 
| 157|0x000000070b100000, 0x000000070b100000, 0x000000070b200000|  0%| F|  |TAMS 0x000000070b100000, 0x000000070b100000| Untracked 
| 158|0x000000070b200000, 0x000000070b200000, 0x000000070b300000|  0%| F|  |TAMS 0x000000070b200000, 0x000000070b200000| Untracked 
| 159|0x000000070b300000, 0x000000070b300000, 0x000000070b400000|  0%| F|  |TAMS 0x000000070b300000, 0x000000070b300000| Untracked 
| 160|0x000000070b400000, 0x000000070b400000, 0x000000070b500000|  0%| F|  |TAMS 0x000000070b400000, 0x000000070b400000| Untracked 
| 161|0x000000070b500000, 0x000000070b500000, 0x000000070b600000|  0%| F|  |TAMS 0x000000070b500000, 0x000000070b500000| Untracked 
| 162|0x000000070b600000, 0x000000070b600000, 0x000000070b700000|  0%| F|  |TAMS 0x000000070b600000, 0x000000070b600000| Untracked 
| 163|0x000000070b700000, 0x000000070b700000, 0x000000070b800000|  0%| F|  |TAMS 0x000000070b700000, 0x000000070b700000| Untracked 
| 164|0x000000070b800000, 0x000000070b800000, 0x000000070b900000|  0%| F|  |TAMS 0x000000070b800000, 0x000000070b800000| Untracked 
| 165|0x000000070b900000, 0x000000070b900000, 0x000000070ba00000|  0%| F|  |TAMS 0x000000070b900000, 0x000000070b900000| Untracked 
| 166|0x000000070ba00000, 0x000000070ba00000, 0x000000070bb00000|  0%| F|  |TAMS 0x000000070ba00000, 0x000000070ba00000| Untracked 
| 167|0x000000070bb00000, 0x000000070bb00000, 0x000000070bc00000|  0%| F|  |TAMS 0x000000070bb00000, 0x000000070bb00000| Untracked 
| 168|0x000000070bc00000, 0x000000070bc00000, 0x000000070bd00000|  0%| F|  |TAMS 0x000000070bc00000, 0x000000070bc00000| Untracked 
| 169|0x000000070bd00000, 0x000000070bd00000, 0x000000070be00000|  0%| F|  |TAMS 0x000000070bd00000, 0x000000070bd00000| Untracked 
| 170|0x000000070be00000, 0x000000070be00000, 0x000000070bf00000|  0%| F|  |TAMS 0x000000070be00000, 0x000000070be00000| Untracked 
| 171|0x000000070bf00000, 0x000000070bf00000, 0x000000070c000000|  0%| F|  |TAMS 0x000000070bf00000, 0x000000070bf00000| Untracked 
| 172|0x000000070c000000, 0x000000070c000000, 0x000000070c100000|  0%| F|  |TAMS 0x000000070c000000, 0x000000070c000000| Untracked 
| 173|0x000000070c100000, 0x000000070c100000, 0x000000070c200000|  0%| F|  |TAMS 0x000000070c100000, 0x000000070c100000| Untracked 
| 174|0x000000070c200000, 0x000000070c200000, 0x000000070c300000|  0%| F|  |TAMS 0x000000070c200000, 0x000000070c200000| Untracked 
| 175|0x000000070c300000, 0x000000070c300000, 0x000000070c400000|  0%| F|  |TAMS 0x000000070c300000, 0x000000070c300000| Untracked 
| 176|0x000000070c400000, 0x000000070c400000, 0x000000070c500000|  0%| F|  |TAMS 0x000000070c400000, 0x000000070c400000| Untracked 
| 177|0x000000070c500000, 0x000000070c500000, 0x000000070c600000|  0%| F|  |TAMS 0x000000070c500000, 0x000000070c500000| Untracked 
| 178|0x000000070c600000, 0x000000070c600000, 0x000000070c700000|  0%| F|  |TAMS 0x000000070c600000, 0x000000070c600000| Untracked 
| 179|0x000000070c700000, 0x000000070c700000, 0x000000070c800000|  0%| F|  |TAMS 0x000000070c700000, 0x000000070c700000| Untracked 
| 180|0x000000070c800000, 0x000000070c800000, 0x000000070c900000|  0%| F|  |TAMS 0x000000070c800000, 0x000000070c800000| Untracked 
| 181|0x000000070c900000, 0x000000070c900000, 0x000000070ca00000|  0%| F|  |TAMS 0x000000070c900000, 0x000000070c900000| Untracked 
| 182|0x000000070ca00000, 0x000000070ca00000, 0x000000070cb00000|  0%| F|  |TAMS 0x000000070ca00000, 0x000000070ca00000| Untracked 
| 183|0x000000070cb00000, 0x000000070cb00000, 0x000000070cc00000|  0%| F|  |TAMS 0x000000070cb00000, 0x000000070cb00000| Untracked 
| 184|0x000000070cc00000, 0x000000070cc00000, 0x000000070cd00000|  0%| F|  |TAMS 0x000000070cc00000, 0x000000070cc00000| Untracked 
| 185|0x000000070cd00000, 0x000000070cd00000, 0x000000070ce00000|  0%| F|  |TAMS 0x000000070cd00000, 0x000000070cd00000| Untracked 
| 186|0x000000070ce00000, 0x000000070ce00000, 0x000000070cf00000|  0%| F|  |TAMS 0x000000070ce00000, 0x000000070ce00000| Untracked 
| 187|0x000000070cf00000, 0x000000070cf00000, 0x000000070d000000|  0%| F|  |TAMS 0x000000070cf00000, 0x000000070cf00000| Untracked 
| 188|0x000000070d000000, 0x000000070d000000, 0x000000070d100000|  0%| F|  |TAMS 0x000000070d000000, 0x000000070d000000| Untracked 
| 189|0x000000070d100000, 0x000000070d100000, 0x000000070d200000|  0%| F|  |TAMS 0x000000070d100000, 0x000000070d100000| Untracked 
| 190|0x000000070d200000, 0x000000070d200000, 0x000000070d300000|  0%| F|  |TAMS 0x000000070d200000, 0x000000070d200000| Untracked 
| 191|0x000000070d300000, 0x000000070d300000, 0x000000070d400000|  0%| F|  |TAMS 0x000000070d300000, 0x000000070d300000| Untracked 
| 192|0x000000070d400000, 0x000000070d400000, 0x000000070d500000|  0%| F|  |TAMS 0x000000070d400000, 0x000000070d400000| Untracked 
| 193|0x000000070d500000, 0x000000070d500000, 0x000000070d600000|  0%| F|  |TAMS 0x000000070d500000, 0x000000070d500000| Untracked 
| 194|0x000000070d600000, 0x000000070d600000, 0x000000070d700000|  0%| F|  |TAMS 0x000000070d600000, 0x000000070d600000| Untracked 
| 195|0x000000070d700000, 0x000000070d700000, 0x000000070d800000|  0%| F|  |TAMS 0x000000070d700000, 0x000000070d700000| Untracked 
| 196|0x000000070d800000, 0x000000070d800000, 0x000000070d900000|  0%| F|  |TAMS 0x000000070d800000, 0x000000070d800000| Untracked 
| 197|0x000000070d900000, 0x000000070d900000, 0x000000070da00000|  0%| F|  |TAMS 0x000000070d900000, 0x000000070d900000| Untracked 
| 198|0x000000070da00000, 0x000000070da00000, 0x000000070db00000|  0%| F|  |TAMS 0x000000070da00000, 0x000000070da00000| Untracked 
| 199|0x000000070db00000, 0x000000070db00000, 0x000000070dc00000|  0%| F|  |TAMS 0x000000070db00000, 0x000000070db00000| Untracked 
| 200|0x000000070dc00000, 0x000000070dc00000, 0x000000070dd00000|  0%| F|  |TAMS 0x000000070dc00000, 0x000000070dc00000| Untracked 
| 201|0x000000070dd00000, 0x000000070dd00000, 0x000000070de00000|  0%| F|  |TAMS 0x000000070dd00000, 0x000000070dd00000| Untracked 
| 202|0x000000070de00000, 0x000000070de00000, 0x000000070df00000|  0%| F|  |TAMS 0x000000070de00000, 0x000000070de00000| Untracked 
| 203|0x000000070df00000, 0x000000070df00000, 0x000000070e000000|  0%| F|  |TAMS 0x000000070df00000, 0x000000070df00000| Untracked 
| 204|0x000000070e000000, 0x000000070e000000, 0x000000070e100000|  0%| F|  |TAMS 0x000000070e000000, 0x000000070e000000| Untracked 
| 205|0x000000070e100000, 0x000000070e100000, 0x000000070e200000|  0%| F|  |TAMS 0x000000070e100000, 0x000000070e100000| Untracked 
| 206|0x000000070e200000, 0x000000070e200000, 0x000000070e300000|  0%| F|  |TAMS 0x000000070e200000, 0x000000070e200000| Untracked 
| 207|0x000000070e300000, 0x000000070e300000, 0x000000070e400000|  0%| F|  |TAMS 0x000000070e300000, 0x000000070e300000| Untracked 
| 208|0x000000070e400000, 0x000000070e400000, 0x000000070e500000|  0%| F|  |TAMS 0x000000070e400000, 0x000000070e400000| Untracked 
| 209|0x000000070e500000, 0x000000070e500000, 0x000000070e600000|  0%| F|  |TAMS 0x000000070e500000, 0x000000070e500000| Untracked 
| 210|0x000000070e600000, 0x000000070e600000, 0x000000070e700000|  0%| F|  |TAMS 0x000000070e600000, 0x000000070e600000| Untracked 
| 211|0x000000070e700000, 0x000000070e700000, 0x000000070e800000|  0%| F|  |TAMS 0x000000070e700000, 0x000000070e700000| Untracked 
| 212|0x000000070e800000, 0x000000070e800000, 0x000000070e900000|  0%| F|  |TAMS 0x000000070e800000, 0x000000070e800000| Untracked 
| 213|0x000000070e900000, 0x000000070e900000, 0x000000070ea00000|  0%| F|  |TAMS 0x000000070e900000, 0x000000070e900000| Untracked 
| 214|0x000000070ea00000, 0x000000070ea00000, 0x000000070eb00000|  0%| F|  |TAMS 0x000000070ea00000, 0x000000070ea00000| Untracked 
| 215|0x000000070eb00000, 0x000000070eb00000, 0x000000070ec00000|  0%| F|  |TAMS 0x000000070eb00000, 0x000000070eb00000| Untracked 
| 216|0x000000070ec00000, 0x000000070ec00000, 0x000000070ed00000|  0%| F|  |TAMS 0x000000070ec00000, 0x000000070ec00000| Untracked 
| 217|0x000000070ed00000, 0x000000070ed00000, 0x000000070ee00000|  0%| F|  |TAMS 0x000000070ed00000, 0x000000070ed00000| Untracked 
| 218|0x000000070ee00000, 0x000000070ee00000, 0x000000070ef00000|  0%| F|  |TAMS 0x000000070ee00000, 0x000000070ee00000| Untracked 
| 219|0x000000070ef00000, 0x000000070ef00000, 0x000000070f000000|  0%| F|  |TAMS 0x000000070ef00000, 0x000000070ef00000| Untracked 
| 220|0x000000070f000000, 0x000000070f000000, 0x000000070f100000|  0%| F|  |TAMS 0x000000070f000000, 0x000000070f000000| Untracked 
| 221|0x000000070f100000, 0x000000070f100000, 0x000000070f200000|  0%| F|  |TAMS 0x000000070f100000, 0x000000070f100000| Untracked 
| 222|0x000000070f200000, 0x000000070f200000, 0x000000070f300000|  0%| F|  |TAMS 0x000000070f200000, 0x000000070f200000| Untracked 
| 223|0x000000070f300000, 0x000000070f300000, 0x000000070f400000|  0%| F|  |TAMS 0x000000070f300000, 0x000000070f300000| Untracked 
| 224|0x000000070f400000, 0x000000070f400000, 0x000000070f500000|  0%| F|  |TAMS 0x000000070f400000, 0x000000070f400000| Untracked 
| 225|0x000000070f500000, 0x000000070f500000, 0x000000070f600000|  0%| F|  |TAMS 0x000000070f500000, 0x000000070f500000| Untracked 
| 226|0x000000070f600000, 0x000000070f600000, 0x000000070f700000|  0%| F|  |TAMS 0x000000070f600000, 0x000000070f600000| Untracked 
| 227|0x000000070f700000, 0x000000070f700000, 0x000000070f800000|  0%| F|  |TAMS 0x000000070f700000, 0x000000070f700000| Untracked 
| 228|0x000000070f800000, 0x000000070f800000, 0x000000070f900000|  0%| F|  |TAMS 0x000000070f800000, 0x000000070f800000| Untracked 
| 229|0x000000070f900000, 0x000000070f900000, 0x000000070fa00000|  0%| F|  |TAMS 0x000000070f900000, 0x000000070f900000| Untracked 
| 230|0x000000070fa00000, 0x000000070fa00000, 0x000000070fb00000|  0%| F|  |TAMS 0x000000070fa00000, 0x000000070fa00000| Untracked 
| 231|0x000000070fb00000, 0x000000070fb00000, 0x000000070fc00000|  0%| F|  |TAMS 0x000000070fb00000, 0x000000070fb00000| Untracked 
| 232|0x000000070fc00000, 0x000000070fc00000, 0x000000070fd00000|  0%| F|  |TAMS 0x000000070fc00000, 0x000000070fc00000| Untracked 
| 233|0x000000070fd00000, 0x000000070fd00000, 0x000000070fe00000|  0%| F|  |TAMS 0x000000070fd00000, 0x000000070fd00000| Untracked 
| 234|0x000000070fe00000, 0x000000070fe00000, 0x000000070ff00000|  0%| F|  |TAMS 0x000000070fe00000, 0x000000070fe00000| Untracked 
| 235|0x000000070ff00000, 0x000000070ff00000, 0x0000000710000000|  0%| F|  |TAMS 0x000000070ff00000, 0x000000070ff00000| Untracked 
| 236|0x0000000710000000, 0x0000000710000000, 0x0000000710100000|  0%| F|  |TAMS 0x0000000710000000, 0x0000000710000000| Untracked 
| 237|0x0000000710100000, 0x0000000710100000, 0x0000000710200000|  0%| F|  |TAMS 0x0000000710100000, 0x0000000710100000| Untracked 
| 238|0x0000000710200000, 0x0000000710200000, 0x0000000710300000|  0%| F|  |TAMS 0x0000000710200000, 0x0000000710200000| Untracked 
| 239|0x0000000710300000, 0x0000000710300000, 0x0000000710400000|  0%| F|  |TAMS 0x0000000710300000, 0x0000000710300000| Untracked 
| 240|0x0000000710400000, 0x0000000710400000, 0x0000000710500000|  0%| F|  |TAMS 0x0000000710400000, 0x0000000710400000| Untracked 
| 241|0x0000000710500000, 0x0000000710500000, 0x0000000710600000|  0%| F|  |TAMS 0x0000000710500000, 0x0000000710500000| Untracked 
| 242|0x0000000710600000, 0x0000000710600000, 0x0000000710700000|  0%| F|  |TAMS 0x0000000710600000, 0x0000000710600000| Untracked 
| 243|0x0000000710700000, 0x0000000710700000, 0x0000000710800000|  0%| F|  |TAMS 0x0000000710700000, 0x0000000710700000| Untracked 
| 244|0x0000000710800000, 0x0000000710800000, 0x0000000710900000|  0%| F|  |TAMS 0x0000000710800000, 0x0000000710800000| Untracked 
| 245|0x0000000710900000, 0x0000000710900000, 0x0000000710a00000|  0%| F|  |TAMS 0x0000000710900000, 0x0000000710900000| Untracked 
| 246|0x0000000710a00000, 0x0000000710a00000, 0x0000000710b00000|  0%| F|  |TAMS 0x0000000710a00000, 0x0000000710a00000| Untracked 
| 247|0x0000000710b00000, 0x0000000710b00000, 0x0000000710c00000|  0%| F|  |TAMS 0x0000000710b00000, 0x0000000710b00000| Untracked 
| 248|0x0000000710c00000, 0x0000000710c76408, 0x0000000710d00000| 46%| E|  |TAMS 0x0000000710c00000, 0x0000000710c00000| Complete 
| 249|0x0000000710d00000, 0x0000000710df6e10, 0x0000000710e00000| 96%| E|  |TAMS 0x0000000710d00000, 0x0000000710d00000| Complete 
| 250|0x0000000710e00000, 0x0000000710f00000, 0x0000000710f00000|100%| E|CS|TAMS 0x0000000710e00000, 0x0000000710e00000| Complete 
| 251|0x0000000710f00000, 0x0000000711000000, 0x0000000711000000|100%| E|CS|TAMS 0x0000000710f00000, 0x0000000710f00000| Complete 
| 252|0x0000000711000000, 0x0000000711100000, 0x0000000711100000|100%| E|CS|TAMS 0x0000000711000000, 0x0000000711000000| Complete 
| 253|0x0000000711100000, 0x0000000711200000, 0x0000000711200000|100%| E|CS|TAMS 0x0000000711100000, 0x0000000711100000| Complete 
| 254|0x0000000711200000, 0x0000000711300000, 0x0000000711300000|100%| E|CS|TAMS 0x0000000711200000, 0x0000000711200000| Complete 
| 255|0x0000000711300000, 0x0000000711400000, 0x0000000711400000|100%| E|CS|TAMS 0x0000000711300000, 0x0000000711300000| Complete 

Card table byte_map: [0x0000023e47df0000,0x0000023e485f0000] _byte_map_base: 0x0000023e445e6000

Marking Bits (Prev, Next): (CMBitMap*) 0x0000023e2d867238, (CMBitMap*) 0x0000023e2d867278
 Prev Bits: [0x0000023e48df0000, 0x0000023e4cda0000)
 Next Bits: [0x0000023e4cda0000, 0x0000023e50d50000)

Polling page: 0x0000023e2d8e0000

Metaspace:

Usage:
  Non-class:      6.97 MB capacity,     6.82 MB ( 98%) used,   129.76 KB (  2%) free+waste,    20.38 KB ( <1%) overhead. 
      Class:   1006.00 KB capacity,   896.04 KB ( 89%) used,    96.52 KB ( 10%) free+waste,    13.44 KB (  1%) overhead. 
       Both:      7.95 MB capacity,     7.69 MB ( 97%) used,   226.28 KB (  3%) free+waste,    33.81 KB ( <1%) overhead. 

Virtual space:
  Non-class space:        8.00 MB reserved,       7.00 MB ( 88%) committed 
      Class space:        1.00 GB reserved,       1.00 MB ( <1%) committed 
             Both:        1.01 GB reserved,       8.00 MB ( <1%) committed 

Chunk freelists:
   Non-Class:  35.00 KB
       Class:  18.00 KB
        Both:  53.00 KB

MaxMetaspaceSize: 17179869184.00 GB
CompressedClassSpaceSize: 1.00 GB

CodeHeap 'non-profiled nmethods': size=119168Kb used=265Kb max_used=265Kb free=118902Kb
 bounds [0x0000023e3f090000, 0x0000023e3f300000, 0x0000023e464f0000]
CodeHeap 'profiled nmethods': size=119104Kb used=1620Kb max_used=1620Kb free=117483Kb
 bounds [0x0000023e37c40000, 0x0000023e37eb0000, 0x0000023e3f090000]
CodeHeap 'non-nmethods': size=7488Kb used=1288Kb max_used=1868Kb free=6199Kb
 bounds [0x0000023e374f0000, 0x0000023e37760000, 0x0000023e37c40000]
 total_blobs=1916 nmethods=957 adapters=481
 compilation: enabled
              stopped_count=0, restarted_count=0
 full_count=0

Compilation events (20 events):
Event: 8454.614 Thread 0x0000023e54766800 nmethod 949 0x0000023e37dd0310 code [0x0000023e37dd04c0, 0x0000023e37dd0690]
Event: 8454.636 Thread 0x0000023e54754000  950       4       java.util.Arrays::binarySearch0 (95 bytes)
Event: 8454.637 Thread 0x0000023e54766800  951       3       java.beans.PropertyChangeSupport::firePropertyChange (81 bytes)
Event: 8454.640 Thread 0x0000023e54766800 nmethod 951 0x0000023e37dd0790 code [0x0000023e37dd0a00, 0x0000023e37dd19f0]
Event: 8454.641 Thread 0x0000023e54754000 nmethod 950 0x0000023e3f0d2190 code [0x0000023e3f0d2320, 0x0000023e3f0d2538]
Event: 8454.647 Thread 0x0000023e54766800  952       3       java.awt.geom.AffineTransform::getScaleInstance (19 bytes)
Event: 8454.648 Thread 0x0000023e54766800 nmethod 952 0x0000023e37dd1d90 code [0x0000023e37dd1f60, 0x0000023e37dd2250]
Event: 8454.648 Thread 0x0000023e54766800  953       3       java.awt.geom.AffineTransform::setToScale (66 bytes)
Event: 8454.648 Thread 0x0000023e54766800 nmethod 953 0x0000023e37dd2390 code [0x0000023e37dd2560, 0x0000023e37dd2818]
Event: 8454.773 Thread 0x0000023e54766800  954       3       sun.awt.Win32GraphicsConfig::getDefaultTransform (24 bytes)
Event: 8454.774 Thread 0x0000023e54766800 nmethod 954 0x0000023e37dd2890 code [0x0000023e37dd2a60, 0x0000023e37dd2f30]
Event: 8455.769 Thread 0x0000023e54766800  955       3       java.awt.geom.AffineTransform::equals (92 bytes)
Event: 8455.769 Thread 0x0000023e54766800 nmethod 955 0x0000023e37dd3090 code [0x0000023e37dd3260, 0x0000023e37dd38d8]
Event: 8455.770 Thread 0x0000023e54766800  956       3       sun.swing.SwingUtilities2::isScaleChanged (16 bytes)
Event: 8455.770 Thread 0x0000023e54766800 nmethod 956 0x0000023e37dd3990 code [0x0000023e37dd3b40, 0x0000023e37dd3d50]
Event: 8455.770 Thread 0x0000023e54766800  957       3       sun.swing.SwingUtilities2::isScaleChanged (74 bytes)
Event: 8455.771 Thread 0x0000023e54766800 nmethod 957 0x0000023e37dd3e10 code [0x0000023e37dd4020, 0x0000023e37dd4900]
Event: 9201.298 Thread 0x0000023e54766800  958       3       java.lang.ref.PhantomReference::<init> (7 bytes)
Event: 9201.343 Thread 0x0000023e54766800 nmethod 958 0x0000023e37dd4b10 code [0x0000023e37dd4cc0, 0x0000023e37dd5018]
Event: 9201.343 Thread 0x0000023e54766800  962       3       java.awt.Container::updateChildGraphicsData (55 bytes)

GC Heap History (0 events):
No events

Deoptimization events (20 events):
Event: 0.509 Thread 0x0000023e2d7f7800 Uncommon trap: trap_request=0xffffffde fr.pc=0x0000023e3f0c2804 relative=0x0000000000000344
Event: 0.509 Thread 0x0000023e2d7f7800 Uncommon trap: reason=class_check action=maybe_recompile pc=0x0000023e3f0c2804 method=java.util.HashMap.getNode(ILjava/lang/Object;)Ljava/util/HashMap$Node; @ 59 c2
Event: 0.509 Thread 0x0000023e2d7f7800 DEOPT PACKING pc=0x0000023e3f0c2804 sp=0x00000056c2afe760
Event: 0.509 Thread 0x0000023e2d7f7800 DEOPT UNPACKING pc=0x0000023e3753912f sp=0x00000056c2afe6d8 mode 2
Event: 0.509 Thread 0x0000023e2d7f7800 Uncommon trap: trap_request=0xffffffde fr.pc=0x0000023e3f0c2804 relative=0x0000000000000344
Event: 0.509 Thread 0x0000023e2d7f7800 Uncommon trap: reason=class_check action=maybe_recompile pc=0x0000023e3f0c2804 method=java.util.HashMap.getNode(ILjava/lang/Object;)Ljava/util/HashMap$Node; @ 59 c2
Event: 0.509 Thread 0x0000023e2d7f7800 DEOPT PACKING pc=0x0000023e3f0c2804 sp=0x00000056c2afe680
Event: 0.509 Thread 0x0000023e2d7f7800 DEOPT UNPACKING pc=0x0000023e3753912f sp=0x00000056c2afe5f8 mode 2
Event: 2.635 Thread 0x0000023e54e6d800 Uncommon trap: trap_request=0xffffffde fr.pc=0x0000023e3f0a214c relative=0x00000000000001ac
Event: 2.635 Thread 0x0000023e54e6d800 Uncommon trap: reason=class_check action=maybe_recompile pc=0x0000023e3f0a214c method=java.lang.String.equals(Ljava/lang/Object;)Z @ 8 c2
Event: 2.635 Thread 0x0000023e54e6d800 DEOPT PACKING pc=0x0000023e3f0a214c sp=0x00000056c41fdf50
Event: 2.635 Thread 0x0000023e54e6d800 DEOPT UNPACKING pc=0x0000023e3753912f sp=0x00000056c41fdef8 mode 2
Event: 2.635 Thread 0x0000023e54e6d800 Uncommon trap: trap_request=0xffffffde fr.pc=0x0000023e3f0a214c relative=0x00000000000001ac
Event: 2.635 Thread 0x0000023e54e6d800 Uncommon trap: reason=class_check action=maybe_recompile pc=0x0000023e3f0a214c method=java.lang.String.equals(Ljava/lang/Object;)Z @ 8 c2
Event: 2.635 Thread 0x0000023e54e6d800 DEOPT PACKING pc=0x0000023e3f0a214c sp=0x00000056c41fdf50
Event: 2.635 Thread 0x0000023e54e6d800 DEOPT UNPACKING pc=0x0000023e3753912f sp=0x00000056c41fdef8 mode 2
Event: 2.635 Thread 0x0000023e54e6d800 Uncommon trap: trap_request=0xffffffde fr.pc=0x0000023e3f0a214c relative=0x00000000000001ac
Event: 2.635 Thread 0x0000023e54e6d800 Uncommon trap: reason=class_check action=maybe_recompile pc=0x0000023e3f0a214c method=java.lang.String.equals(Ljava/lang/Object;)Z @ 8 c2
Event: 2.635 Thread 0x0000023e54e6d800 DEOPT PACKING pc=0x0000023e3f0a214c sp=0x00000056c41fdf50
Event: 2.635 Thread 0x0000023e54e6d800 DEOPT UNPACKING pc=0x0000023e3753912f sp=0x00000056c41fdef8 mode 2

Classes unloaded (0 events):
No events

Classes redefined (0 events):
No events

Internal exceptions (16 events):
Event: 0.069 Thread 0x0000023e2d7f7800 Exception <a 'java/lang/NoSuchMethodError'{0x00000007113aa138}: 'int java.lang.invoke.DirectMethodHandle$Holder.invokeSpecial(java.lang.Object, java.lang.Object, java.lang.Object, java.lang.Object)'> (0x00000007113aa138) 
thrown [t:/workspace/open/src/hotspot/share/interpreter/linkResolver.cpp, line 767]
Event: 0.072 Thread 0x0000023e2d7f7800 Exception <a 'java/lang/NoSuchMethodError'{0x00000007113b1f40}: 'void java.lang.invoke.DirectMethodHandle$Holder.invokeVirtual(java.lang.Object, java.lang.Object)'> (0x00000007113b1f40) 
thrown [t:/workspace/open/src/hotspot/share/interpreter/linkResolver.cpp, line 767]
Event: 0.116 Thread 0x0000023e2d7f7800 Exception <a 'java/lang/ClassNotFoundException'{0x00000007112a8380}: sun/awt/resources/spi/awtProvider> (0x00000007112a8380) 
thrown [t:/workspace/open/src/hotspot/share/classfile/systemDictionary.cpp, line 232]
Event: 0.138 Thread 0x0000023e2d7f7800 Exception <a 'java/io/FileNotFoundException'{0x00000007112f9638}> (0x00000007112f9638) 
thrown [t:/workspace/open/src/hotspot/share/prims/jni.cpp, line 598]
Event: 0.144 Thread 0x0000023e2d7f7800 Exception <a 'java/io/FileNotFoundException'{0x00000007111201a0}> (0x00000007111201a0) 
thrown [t:/workspace/open/src/hotspot/share/prims/jni.cpp, line 598]
Event: 0.151 Thread 0x0000023e2d7f7800 Exception <a 'sun/nio/fs/WindowsException'{0x000000071112e998}> (0x000000071112e998) 
thrown [t:/workspace/open/src/hotspot/share/prims/jni.cpp, line 598]
Event: 0.196 Thread 0x0000023e54d13800 Exception <a 'java/lang/NoSuchMethodError'{0x00000007111fb0e0}: 'void java.lang.invoke.DirectMethodHandle$Holder.invokeSpecial(java.lang.Object, java.lang.Object)'> (0x00000007111fb0e0) 
thrown [t:/workspace/open/src/hotspot/share/interpreter/linkResolver.cpp, line 767]
Event: 0.319 Thread 0x0000023e2d7f7800 Exception <a 'java/lang/NoSuchMethodError'{0x000000071105fc68}: 'java.lang.Object java.lang.invoke.DirectMethodHandle$Holder.invokeStatic(java.lang.Object, int, java.lang.Object, java.lang.Object, java.lang.Object, java.lang.Object)'> (0x000000071105fc68) 
thrown [t:/workspace/open/src/hotspot/share/interpreter/linkResolver.cpp, line 767]
Event: 0.319 Thread 0x0000023e2d7f7800 Exception <a 'java/lang/NoSuchMethodError'{0x00000007110665c8}: 'java.lang.Object java.lang.invoke.DirectMethodHandle$Holder.invokeStatic(java.lang.Object, int, java.lang.Object, java.lang.Object, java.lang.Object)'> (0x00000007110665c8) 
thrown [t:/workspace/open/src/hotspot/share/interpreter/linkResolver.cpp, line 767]
Event: 0.319 Thread 0x0000023e2d7f7800 Exception <a 'java/lang/NoSuchMethodError'{0x0000000711069e30}: 'java.lang.Object java.lang.invoke.DirectMethodHandle$Holder.invokeSpecial(java.lang.Object, java.lang.Object, int, java.lang.Object, java.lang.Object, java.lang.Object)'> (0x0000000711069e30) 
thrown [t:/workspace/open/src/hotspot/share/interpreter/linkResolver.cpp, line 767]
Event: 0.322 Thread 0x0000023e2d7f7800 Exception <a 'java/lang/NoSuchMethodError'{0x0000000711080318}: 'java.lang.Object java.lang.invoke.DirectMethodHandle$Holder.invokeStatic(java.lang.Object, int, java.lang.Object)'> (0x0000000711080318) 
thrown [t:/workspace/open/src/hotspot/share/interpreter/linkResolver.cpp, line 767]
Event: 0.339 Thread 0x0000023e2d7f7800 Exception <a 'java/lang/ClassNotFoundException'{0x0000000710f27000}: com/sun/swing/internal/plaf/metal/resources/spi/metalProvider> (0x0000000710f27000) 
thrown [t:/workspace/open/src/hotspot/share/classfile/systemDictionary.cpp, line 232]
Event: 0.340 Thread 0x0000023e2d7f7800 Exception <a 'java/lang/ClassNotFoundException'{0x0000000710f2b0a8}: com/sun/swing/internal/plaf/basic/resources/spi/basicProvider> (0x0000000710f2b0a8) 
thrown [t:/workspace/open/src/hotspot/share/classfile/systemDictionary.cpp, line 232]
Event: 0.386 Thread 0x0000023e2d7f7800 Exception <a 'java/lang/NoSuchMethodError'{0x0000000710e09ac0}: 'void java.lang.invoke.DirectMethodHandle$Holder.invokeStaticInit(java.lang.Object)'> (0x0000000710e09ac0) 
thrown [t:/workspace/open/src/hotspot/share/interpreter/linkResolver.cpp, line 767]
Event: 0.414 Thread 0x0000023e2d7f7800 Exception <a 'java/lang/NoSuchMethodError'{0x0000000710e60370}: 'java.lang.Object java.lang.invoke.Invokers$Holder.linkToTargetMethod(java.lang.Object, int, java.lang.Object)'> (0x0000000710e60370) 
thrown [t:/workspace/open/src/hotspot/share/interpreter/linkResolver.cpp, line 767]
Event: 0.418 Thread 0x0000023e2d7f7800 Exception <a 'sun/nio/fs/WindowsException'{0x0000000710e65c28}> (0x0000000710e65c28) 
thrown [t:/workspace/open/src/hotspot/share/prims/jni.cpp, line 598]

Events (20 events):
Event: 8454.645 Executing VM operation: RevokeBias
Event: 8454.646 Executing VM operation: RevokeBias done
Event: 8454.646 Executing VM operation: RevokeBias
Event: 8454.646 Executing VM operation: RevokeBias done
Event: 8454.646 Executing VM operation: RevokeBias
Event: 8454.646 Executing VM operation: RevokeBias done
Event: 8454.646 Executing VM operation: RevokeBias
Event: 8454.646 Executing VM operation: RevokeBias done
Event: 8454.646 Executing VM operation: RevokeBias
Event: 8454.646 Executing VM operation: RevokeBias done
Event: 8454.646 Executing VM operation: RevokeBias
Event: 8454.646 Executing VM operation: RevokeBias done
Event: 8454.646 Executing VM operation: RevokeBias
Event: 8454.646 Executing VM operation: RevokeBias done
Event: 8454.646 Executing VM operation: RevokeBias
Event: 8454.646 Executing VM operation: RevokeBias done
Event: 8454.646 Executing VM operation: RevokeBias
Event: 8454.646 Executing VM operation: RevokeBias done
Event: 8454.646 Executing VM operation: BulkRevokeBias
Event: 8454.646 Executing VM operation: BulkRevokeBias done


Dynamic libraries:
0x00007ff627830000 - 0x00007ff62783f000 	C:\Program Files\Java\jdk-13.0.2\bin\javaw.exe
0x00007ff80bd90000 - 0x00007ff80bf86000 	C:\WINDOWS\SYSTEM32\ntdll.dll
0x00007ff80b940000 - 0x00007ff80b9fd000 	C:\WINDOWS\System32\KERNEL32.DLL
0x00007ff809990000 - 0x00007ff809c58000 	C:\WINDOWS\System32\KERNELBASE.dll
0x00007ff8096e0000 - 0x00007ff8097e0000 	C:\WINDOWS\System32\ucrtbase.dll
0x00007ff804940000 - 0x00007ff804958000 	C:\Program Files\Java\jdk-13.0.2\bin\jli.dll
0x00007ffffb350000 - 0x00007ffffb365000 	C:\Program Files\Java\jdk-13.0.2\bin\VCRUNTIME140.dll
0x00007ff80b760000 - 0x00007ff80b80c000 	C:\WINDOWS\System32\ADVAPI32.dll
0x00007ff80b300000 - 0x00007ff80b39e000 	C:\WINDOWS\System32\msvcrt.dll
0x00007ff80b240000 - 0x00007ff80b2db000 	C:\WINDOWS\System32\sechost.dll
0x00007ff809f20000 - 0x00007ff80a044000 	C:\WINDOWS\System32\RPCRT4.dll
0x00007ff80ba00000 - 0x00007ff80bba0000 	C:\WINDOWS\System32\USER32.dll
0x00007ffffdca0000 - 0x00007ffffdf3b000 	C:\WINDOWS\WinSxS\amd64_microsoft.windows.common-controls_6595b64144ccf1df_6.0.19041.488_none_ca04af081b815d21\COMCTL32.dll
0x00007ff809680000 - 0x00007ff8096a2000 	C:\WINDOWS\System32\win32u.dll
0x00007ff80b1a0000 - 0x00007ff80b1ca000 	C:\WINDOWS\System32\GDI32.dll
0x00007ff8094d0000 - 0x00007ff8095d9000 	C:\WINDOWS\System32\gdi32full.dll
0x00007ff8095e0000 - 0x00007ff80967d000 	C:\WINDOWS\System32\msvcp_win.dll
0x00007ff801f40000 - 0x00007ff801f4a000 	C:\WINDOWS\SYSTEM32\VERSION.dll
0x00007ff80aec0000 - 0x00007ff80aef0000 	C:\WINDOWS\System32\IMM32.DLL
0x00007fffefc10000 - 0x00007fffefcab000 	C:\Program Files\Java\jdk-13.0.2\bin\msvcp140.dll
0x00007fffd1470000 - 0x00007fffd1fcd000 	C:\Program Files\Java\jdk-13.0.2\bin\server\jvm.dll
0x00007ff80aef0000 - 0x00007ff80aef8000 	C:\WINDOWS\System32\PSAPI.DLL
0x00007ff804910000 - 0x00007ff804919000 	C:\WINDOWS\SYSTEM32\WSOCK32.dll
0x00007ff80b1d0000 - 0x00007ff80b23b000 	C:\WINDOWS\System32\WS2_32.dll
0x00007ffffda20000 - 0x00007ffffda47000 	C:\WINDOWS\SYSTEM32\WINMM.dll
0x00007ff807360000 - 0x00007ff807372000 	C:\WINDOWS\SYSTEM32\kernel.appcore.dll
0x00007ff804900000 - 0x00007ff804910000 	C:\Program Files\Java\jdk-13.0.2\bin\verify.dll
0x00007ffff7840000 - 0x00007ffff7a24000 	C:\WINDOWS\SYSTEM32\DBGHELP.DLL
0x00007ffffb630000 - 0x00007ffffb65c000 	C:\WINDOWS\SYSTEM32\dbgcore.DLL
0x00007ff809cc0000 - 0x00007ff809d3f000 	C:\WINDOWS\System32\bcryptPrimitives.dll
0x00007ffffb410000 - 0x00007ffffb436000 	C:\Program Files\Java\jdk-13.0.2\bin\java.dll
0x00007ff801760000 - 0x00007ff801777000 	C:\Program Files\Java\jdk-13.0.2\bin\zip.dll
0x00007ff8015f0000 - 0x00007ff8015fa000 	C:\Program Files\Java\jdk-13.0.2\bin\jimage.dll
0x00007ff80a160000 - 0x00007ff80a8a1000 	C:\WINDOWS\System32\SHELL32.dll
0x00007ff807640000 - 0x00007ff807dd5000 	C:\WINDOWS\SYSTEM32\windows.storage.dll
0x00007ff80b400000 - 0x00007ff80b755000 	C:\WINDOWS\System32\combase.dll
0x00007ff808e70000 - 0x00007ff808e9c000 	C:\WINDOWS\SYSTEM32\Wldp.dll
0x00007ff80adb0000 - 0x00007ff80ae5e000 	C:\WINDOWS\System32\SHCORE.dll
0x00007ff80b3a0000 - 0x00007ff80b3f5000 	C:\WINDOWS\System32\shlwapi.dll
0x00007ff809400000 - 0x00007ff809426000 	C:\WINDOWS\SYSTEM32\profapi.dll
0x00007ffffb1c0000 - 0x00007ffffb1d9000 	C:\Program Files\Java\jdk-13.0.2\bin\net.dll
0x00007ff800620000 - 0x00007ff800720000 	C:\WINDOWS\SYSTEM32\WINHTTP.dll
0x00007ff808bf0000 - 0x00007ff808c5a000 	C:\WINDOWS\system32\mswsock.dll
0x00007ffff5e70000 - 0x00007ffff5e83000 	C:\Program Files\Java\jdk-13.0.2\bin\nio.dll
0x00007fffe3200000 - 0x00007fffe3399000 	C:\Program Files\Java\jdk-13.0.2\bin\awt.dll
0x00007ff80b870000 - 0x00007ff80b93d000 	C:\WINDOWS\System32\OLEAUT32.dll
0x00007ff806db0000 - 0x00007ff806e40000 	C:\WINDOWS\SYSTEM32\apphelp.dll
0x00007ff807330000 - 0x00007ff80735f000 	C:\WINDOWS\system32\DWMAPI.DLL
0x00007ff806f80000 - 0x00007ff80701e000 	C:\WINDOWS\system32\uxtheme.dll
0x00007fffeb700000 - 0x00007fffeb825000 	C:\WINDOWS\system32\opengl32.dll
0x00007fffc3d80000 - 0x00007fffc3dac000 	C:\WINDOWS\SYSTEM32\GLU32.dll
0x00007ff809e00000 - 0x00007ff809f15000 	C:\WINDOWS\System32\MSCTF.dll
0x00007ff80af00000 - 0x00007ff80b02a000 	C:\WINDOWS\System32\ole32.dll
0x00007fffeb940000 - 0x00007fffebb0e000 	C:\WINDOWS\system32\d3d9.dll
0x00007ffffda50000 - 0x00007ffffdc28000 	C:\WINDOWS\System32\DriverStore\FileRepository\c0353888.inf_amd64_a69018be2db26553\B353587\aticfx64.dll
0x00007fffc1210000 - 0x00007fffc1241000 	C:\WINDOWS\System32\DriverStore\FileRepository\c0353888.inf_amd64_a69018be2db26553\B353587\atiu9p64.dll
0x00007fffbb940000 - 0x00007fffbc5aa000 	C:\WINDOWS\System32\DriverStore\FileRepository\c0353888.inf_amd64_a69018be2db26553\B353587\atiumd64.dll
0x0000000056310000 - 0x00000000570b5000 	C:\WINDOWS\System32\DriverStore\FileRepository\c0353888.inf_amd64_a69018be2db26553\B353587\atiumd6a.dll
0x00007ff809280000 - 0x00007ff8092cb000 	C:\WINDOWS\SYSTEM32\POWRPROF.dll
0x00007ff809260000 - 0x00007ff809272000 	C:\WINDOWS\SYSTEM32\UMPDC.dll
0x00007ffffc630000 - 0x00007ffffc65e000 	C:\WINDOWS\SYSTEM32\amdihk64.dll
0x00007fffefb80000 - 0x00007fffefc02000 	C:\Program Files\Java\jdk-13.0.2\bin\freetype.dll
0x00007fffef650000 - 0x00007fffef6f6000 	C:\Program Files\Java\jdk-13.0.2\bin\fontmanager.dll
0x00007fffff6b0000 - 0x00007fffff7ac000 	C:\WINDOWS\SYSTEM32\textinputframework.dll
0x00007ff806520000 - 0x00007ff80687e000 	C:\WINDOWS\System32\CoreUIComponents.dll
0x00007ff8060b0000 - 0x00007ff8061a2000 	C:\WINDOWS\System32\CoreMessaging.dll
0x00007ff808210000 - 0x00007ff808243000 	C:\WINDOWS\SYSTEM32\ntmarta.dll
0x00007ff805960000 - 0x00007ff805ab6000 	C:\WINDOWS\SYSTEM32\wintypes.dll
0x00007ff8026c0000 - 0x00007ff80276c000 	C:\WINDOWS\SYSTEM32\TextShaping.dll

dbghelp: loaded successfully - version: 4.0.5 - missing functions: none
symbol engine: initialized successfully - sym options: 0x614 - pdb path: .;C:\Program Files\Java\jdk-13.0.2\bin;C:\WINDOWS\SYSTEM32;C:\WINDOWS\WinSxS\amd64_microsoft.windows.common-controls_6595b64144ccf1df_6.0.19041.488_none_ca04af081b815d21;C:\Program Files\Java\jdk-13.0.2\bin\server;C:\WINDOWS\System32\DriverStore\FileRepository\c0353888.inf_amd64_a69018be2db26553\B353587

VM Arguments:
jvm_args: -Dfile.encoding=Cp1252 --module-path=C:\Users\samee\git\sammyPrivate--memory(3)\sammyPrivate--\bin -Djdk.module.main=sammyPrivate 
java_command: sammyPrivate/calcJFrame.CalcFrameRunner
java_class_path (initial): <not set>
Launcher Type: SUN_STANDARD

[Global flags]
     intx CICompilerCount                          = 12                                        {product} {ergonomic}
     uint ConcGCThreads                            = 3                                         {product} {ergonomic}
     uint G1ConcRefinementThreads                  = 13                                        {product} {ergonomic}
   size_t G1HeapRegionSize                         = 1048576                                   {product} {ergonomic}
    uintx GCDrainStackTargetSize                   = 64                                        {product} {ergonomic}
   size_t InitialHeapSize                          = 268435456                                 {product} {ergonomic}
   size_t MarkStackSize                            = 4194304                                   {product} {ergonomic}
   size_t MaxHeapSize                              = 4273995776                                {product} {ergonomic}
   size_t MaxNewSize                               = 2563768320                                {product} {ergonomic}
   size_t MinHeapDeltaBytes                        = 1048576                                   {product} {ergonomic}
   size_t MinHeapSize                              = 8388608                                   {product} {ergonomic}
    uintx NonNMethodCodeHeapSize                   = 7602480                                {pd product} {ergonomic}
    uintx NonProfiledCodeHeapSize                  = 122027880                              {pd product} {ergonomic}
    uintx ProfiledCodeHeapSize                     = 122027880                              {pd product} {ergonomic}
    uintx ReservedCodeCacheSize                    = 251658240                              {pd product} {ergonomic}
     bool SegmentedCodeCache                       = true                                      {product} {ergonomic}
   size_t SoftMaxHeapSize                          = 4273995776                             {manageable} {ergonomic}
     bool UseCompressedClassPointers               = true                                 {lp64_product} {ergonomic}
     bool UseCompressedOops                        = true                                 {lp64_product} {ergonomic}
     bool UseG1GC                                  = true                                      {product} {ergonomic}
     bool UseLargePagesIndividualAllocation        = false                                  {pd product} {ergonomic}

Logging:
Log output configuration:
 #0: stdout all=warning uptime,level,tags
 #1: stderr all=off uptime,level,tags

Environment Variables:
PATH=C:/Program Files/Java/jdk-13.0.2/bin/server;C:/Program Files/Java/jdk-13.0.2/bin;C:\Program Files (x86)\Common Files\Oracle\Java\javapath;C:\Program Files (x86)\Python37-32\Scripts\;C:\Program Files (x86)\Python37-32\;C:\WINDOWS\system32;C:\WINDOWS;C:\WINDOWS\System32\Wbem;C:\WINDOWS\System32\WindowsPowerShell\v1.0\;C:\WINDOWS\System32\OpenSSH\;C:\Program Files (x86)\Common Files\Propellerhead Software\ReWire\;C:\Program Files\Common Files\Propellerhead Software\ReWire\;C:\Program Files\dotnet\;C:\Users\samee\AppData\Local\Microsoft\WindowsApps;C:\Users\samee\AppData\Local\Programs\MiKTeX 2.9\miktex\bin\x64\;C:\Users\samee\AppData\Local\GitHubDesktop\bin;;C:\WINDOWS\system32;
USERNAME=samee
OS=Windows_NT
PROCESSOR_IDENTIFIER=AMD64 Family 23 Model 1 Stepping 1, AuthenticAMD



---------------  S Y S T E M  ---------------

OS: Windows 10 , 64 bit Build 19041 (10.0.19041.546)

CPU:total 16 (initial active 16) (16 cores per cpu, 2 threads per core) family 23 model 1 stepping 1, cmov, cx8, fxsr, mmx, sse, sse2, sse3, ssse3, sse4.1, sse4.2, popcnt, avx, avx2, aes, clmul, mmxext, 3dnowpref, lzcnt, sse4a, ht, tsc, tscinvbit, tscinv, bmi1, bmi2, adx, sha, fma

Memory: 4k page, system-wide physical 16303M (6851M free)
TotalPageFile size 65455M (AvailPageFile size 0M)
current process WorkingSet (physical memory assigned to process): 45M, peak: 63M
current process commit charge ("private bytes"): 374M, peak: 377M

vm_info: Java HotSpot(TM) 64-Bit Server VM (13.0.2+8) for windows-amd64 JRE (13.0.2+8), built on Dec 11 2019 09:20:33 by "mach5one" with unknown MS VC++:1916

END.
